[ 2015-11-04T00:12:12+08:00 ] 130.208.2.9 /
INFO: [ app_init ] --START--
INFO: Run Behavior\BuildLiteBehavior [ RunTime:0.000017s ]
INFO: [ app_init ] --END-- [ RunTime:0.000307s ]
INFO: [ app_begin ] --START--
INFO: Run Behavior\ReadHtmlCacheBehavior [ RunTime:0.000328s ]
INFO: [ app_begin ] --END-- [ RunTime:0.000386s ]
SQL: SHOW COLUMNS FROM `db_session` [ RunTime:0.0009s ]
SQL: SELECT COUNT(*) AS tp_count FROM `db_session` LIMIT 1   [ RunTime:0.0002s ]
SQL: SELECT COUNT(*) AS tp_count FROM `db_session` WHERE ( session_data != "" ) LIMIT 1   [ RunTime:0.0003s ]
NOTIC: [8] Undefined index: userinfo /data/A_A/Application/Home/Controller/BaseController.class.php 第 52 行.
SQL: SHOW COLUMNS FROM `db_artical` [ RunTime:0.0008s ]
SQL: SELECT a.id,a.u_id,a.title,a.img,a.sub_title,a.desc,a.tags,a.visitor,a.addtime,a.click,a.comment,u.nickname,u.realname,u.email,u.headimg FROM db_artical a LEFT JOIN db_user u ON u.id = a.u_id  ORDER BY a.addtime desc LIMIT 10   [ RunTime:0.0005s ]
INFO: [ view_parse ] --START--
INFO: [ template_filter ] --START--
INFO: Run Behavior\ContentReplaceBehavior [ RunTime:0.000095s ]
INFO: [ template_filter ] --END-- [ RunTime:0.000159s ]
NOTIC: [8] Undefined variable: userinfo /data/A_A/Application/Runtime/Cache/Home/2a94b8bda04ff446dcedd42276fc99ee.php 第 99 行.
INFO: Run Behavior\ParseTemplateBehavior [ RunTime:0.011535s ]
INFO: [ view_parse ] --END-- [ RunTime:0.011590s ]

[ 2015-11-04T01:22:49+08:00 ] 5.178.86.76 http://check.best-proxies.ru/azenv.php?auth=144657136965&a=PSCN&i=2032797741&p=80
INFO: [ app_init ] --START--
INFO: Run Behavior\BuildLiteBehavior [ RunTime:0.000015s ]
INFO: [ app_init ] --END-- [ RunTime:0.000270s ]
INFO: [ app_begin ] --START--
INFO: Run Behavior\ReadHtmlCacheBehavior [ RunTime:0.000321s ]
INFO: [ app_begin ] --END-- [ RunTime:0.000379s ]
ERR: 无法加载控制器:Azenv.php

[ 2015-11-04T03:11:46+08:00 ] 61.135.190.71 /
INFO: [ app_init ] --START--
INFO: Run Behavior\BuildLiteBehavior [ RunTime:0.000035s ]
INFO: [ app_init ] --END-- [ RunTime:0.000285s ]
INFO: [ app_begin ] --START--
INFO: Run Behavior\ReadHtmlCacheBehavior [ RunTime:0.000320s ]
INFO: [ app_begin ] --END-- [ RunTime:0.000375s ]
SQL: SHOW COLUMNS FROM `db_session` [ RunTime:0.0008s ]
SQL: SELECT COUNT(*) AS tp_count FROM `db_session` LIMIT 1   [ RunTime:0.0002s ]
SQL: SELECT COUNT(*) AS tp_count FROM `db_session` WHERE ( session_data != "" ) LIMIT 1   [ RunTime:0.0002s ]
NOTIC: [8] Undefined index: userinfo /data/A_A/Application/Home/Controller/BaseController.class.php 第 52 行.
SQL: SHOW COLUMNS FROM `db_artical` [ RunTime:0.0008s ]
SQL: SELECT a.id,a.u_id,a.title,a.img,a.sub_title,a.desc,a.tags,a.visitor,a.addtime,a.click,a.comment,u.nickname,u.realname,u.email,u.headimg FROM db_artical a LEFT JOIN db_user u ON u.id = a.u_id  ORDER BY a.addtime desc LIMIT 10   [ RunTime:0.0006s ]
INFO: [ view_parse ] --START--
INFO: [ template_filter ] --START--
INFO: Run Behavior\ContentReplaceBehavior [ RunTime:0.000106s ]
INFO: [ template_filter ] --END-- [ RunTime:0.000214s ]
NOTIC: [8] Undefined variable: userinfo /data/A_A/Application/Runtime/Cache/Home/2a94b8bda04ff446dcedd42276fc99ee.php 第 99 行.
INFO: Run Behavior\ParseTemplateBehavior [ RunTime:0.011322s ]
INFO: [ view_parse ] --END-- [ RunTime:0.011379s ]

[ 2015-11-04T03:57:47+08:00 ] 61.135.190.69 /
INFO: [ app_init ] --START--
INFO: Run Behavior\BuildLiteBehavior [ RunTime:0.000016s ]
INFO: [ app_init ] --END-- [ RunTime:0.000267s ]
INFO: [ app_begin ] --START--
INFO: Run Behavior\ReadHtmlCacheBehavior [ RunTime:0.000360s ]
INFO: [ app_begin ] --END-- [ RunTime:0.000415s ]
SQL: SHOW COLUMNS FROM `db_session` [ RunTime:0.0009s ]
SQL: SELECT COUNT(*) AS tp_count FROM `db_session` LIMIT 1   [ RunTime:0.0002s ]
SQL: SELECT COUNT(*) AS tp_count FROM `db_session` WHERE ( session_data != "" ) LIMIT 1   [ RunTime:0.0003s ]
NOTIC: [8] Undefined index: userinfo /data/A_A/Application/Home/Controller/BaseController.class.php 第 52 行.
SQL: SHOW COLUMNS FROM `db_artical` [ RunTime:0.0009s ]
SQL: SELECT a.id,a.u_id,a.title,a.img,a.sub_title,a.desc,a.tags,a.visitor,a.addtime,a.click,a.comment,u.nickname,u.realname,u.email,u.headimg FROM db_artical a LEFT JOIN db_user u ON u.id = a.u_id  ORDER BY a.addtime desc LIMIT 10   [ RunTime:0.0006s ]
INFO: [ view_parse ] --START--
INFO: [ template_filter ] --START--
INFO: Run Behavior\ContentReplaceBehavior [ RunTime:0.000093s ]
INFO: [ template_filter ] --END-- [ RunTime:0.000157s ]
NOTIC: [8] Undefined variable: userinfo /data/A_A/Application/Runtime/Cache/Home/2a94b8bda04ff446dcedd42276fc99ee.php 第 99 行.
INFO: Run Behavior\ParseTemplateBehavior [ RunTime:0.011313s ]
INFO: [ view_parse ] --END-- [ RunTime:0.011369s ]

[ 2015-11-04T04:10:45+08:00 ] 220.181.108.82 /uploads/2015-04-20/p_5534a98d7005f.jpg
INFO: [ app_init ] --START--
INFO: Run Behavior\BuildLiteBehavior [ RunTime:0.000015s ]
INFO: [ app_init ] --END-- [ RunTime:0.000266s ]

[ 2015-11-04T04:36:25+08:00 ] 111.20.248.74 /
INFO: [ app_init ] --START--
INFO: Run Behavior\BuildLiteBehavior [ RunTime:0.000015s ]
INFO: [ app_init ] --END-- [ RunTime:0.000311s ]
INFO: [ app_begin ] --START--
INFO: Run Behavior\ReadHtmlCacheBehavior [ RunTime:0.000354s ]
INFO: [ app_begin ] --END-- [ RunTime:0.000411s ]
SQL: SHOW COLUMNS FROM `db_session` [ RunTime:0.0009s ]
SQL: SELECT COUNT(*) AS tp_count FROM `db_session` LIMIT 1   [ RunTime:0.0002s ]
SQL: SELECT COUNT(*) AS tp_count FROM `db_session` WHERE ( session_data != "" ) LIMIT 1   [ RunTime:0.0003s ]
NOTIC: [8] Undefined index: userinfo /data/A_A/Application/Home/Controller/BaseController.class.php 第 52 行.
SQL: SHOW COLUMNS FROM `db_artical` [ RunTime:0.0008s ]
SQL: SELECT a.id,a.u_id,a.title,a.img,a.sub_title,a.desc,a.tags,a.visitor,a.addtime,a.click,a.comment,u.nickname,u.realname,u.email,u.headimg FROM db_artical a LEFT JOIN db_user u ON u.id = a.u_id  ORDER BY a.addtime desc LIMIT 10   [ RunTime:0.0005s ]
INFO: [ view_parse ] --START--
INFO: [ template_filter ] --START--
INFO: Run Behavior\ContentReplaceBehavior [ RunTime:0.000102s ]
INFO: [ template_filter ] --END-- [ RunTime:0.000184s ]
NOTIC: [8] Undefined variable: userinfo /data/A_A/Application/Runtime/Cache/Home/2a94b8bda04ff446dcedd42276fc99ee.php 第 99 行.
INFO: Run Behavior\ParseTemplateBehavior [ RunTime:0.011931s ]
INFO: [ view_parse ] --END-- [ RunTime:0.012013s ]

[ 2015-11-04T04:37:05+08:00 ] 103.242.202.196 /
INFO: [ app_init ] --START--
INFO: Run Behavior\BuildLiteBehavior [ RunTime:0.000015s ]
INFO: [ app_init ] --END-- [ RunTime:0.000265s ]
INFO: [ app_begin ] --START--
INFO: Run Behavior\ReadHtmlCacheBehavior [ RunTime:0.000351s ]
INFO: [ app_begin ] --END-- [ RunTime:0.000408s ]
SQL: SHOW COLUMNS FROM `db_session` [ RunTime:0.0009s ]
SQL: SELECT COUNT(*) AS tp_count FROM `db_session` LIMIT 1   [ RunTime:0.0002s ]
SQL: SELECT COUNT(*) AS tp_count FROM `db_session` WHERE ( session_data != "" ) LIMIT 1   [ RunTime:0.0003s ]
NOTIC: [8] Undefined index: userinfo /data/A_A/Application/Home/Controller/BaseController.class.php 第 52 行.
SQL: SHOW COLUMNS FROM `db_artical` [ RunTime:0.0008s ]
SQL: SELECT a.id,a.u_id,a.title,a.img,a.sub_title,a.desc,a.tags,a.visitor,a.addtime,a.click,a.comment,u.nickname,u.realname,u.email,u.headimg FROM db_artical a LEFT JOIN db_user u ON u.id = a.u_id  ORDER BY a.addtime desc LIMIT 10   [ RunTime:0.0005s ]
INFO: [ view_parse ] --START--
INFO: [ template_filter ] --START--
INFO: Run Behavior\ContentReplaceBehavior [ RunTime:0.000093s ]
INFO: [ template_filter ] --END-- [ RunTime:0.000156s ]
NOTIC: [8] Undefined variable: userinfo /data/A_A/Application/Runtime/Cache/Home/2a94b8bda04ff446dcedd42276fc99ee.php 第 99 行.
INFO: Run Behavior\ParseTemplateBehavior [ RunTime:0.011013s ]
INFO: [ view_parse ] --END-- [ RunTime:0.011070s ]

[ 2015-11-04T04:37:05+08:00 ] 103.242.202.196 /
INFO: [ app_init ] --START--
INFO: Run Behavior\BuildLiteBehavior [ RunTime:0.000014s ]
INFO: [ app_init ] --END-- [ RunTime:0.000289s ]
INFO: [ app_begin ] --START--
INFO: Run Behavior\ReadHtmlCacheBehavior [ RunTime:0.000322s ]
INFO: [ app_begin ] --END-- [ RunTime:0.000378s ]
SQL: SHOW COLUMNS FROM `db_session` [ RunTime:0.0009s ]
SQL: SELECT COUNT(*) AS tp_count FROM `db_session` LIMIT 1   [ RunTime:0.0002s ]
SQL: SELECT COUNT(*) AS tp_count FROM `db_session` WHERE ( session_data != "" ) LIMIT 1   [ RunTime:0.0003s ]
NOTIC: [8] Undefined index: userinfo /data/A_A/Application/Home/Controller/BaseController.class.php 第 52 行.
SQL: SHOW COLUMNS FROM `db_artical` [ RunTime:0.0008s ]
SQL: SELECT a.id,a.u_id,a.title,a.img,a.sub_title,a.desc,a.tags,a.visitor,a.addtime,a.click,a.comment,u.nickname,u.realname,u.email,u.headimg FROM db_artical a LEFT JOIN db_user u ON u.id = a.u_id  ORDER BY a.addtime desc LIMIT 10   [ RunTime:0.0005s ]
INFO: [ view_parse ] --START--
INFO: [ template_filter ] --START--
INFO: Run Behavior\ContentReplaceBehavior [ RunTime:0.000095s ]
INFO: [ template_filter ] --END-- [ RunTime:0.000162s ]
NOTIC: [8] Undefined variable: userinfo /data/A_A/Application/Runtime/Cache/Home/2a94b8bda04ff446dcedd42276fc99ee.php 第 99 行.
INFO: Run Behavior\ParseTemplateBehavior [ RunTime:0.011585s ]
INFO: [ view_parse ] --END-- [ RunTime:0.011644s ]

[ 2015-11-04T04:37:05+08:00 ] 103.242.202.196 /
INFO: [ app_init ] --START--
INFO: Run Behavior\BuildLiteBehavior [ RunTime:0.000014s ]
INFO: [ app_init ] --END-- [ RunTime:0.000254s ]
INFO: [ app_begin ] --START--
INFO: Run Behavior\ReadHtmlCacheBehavior [ RunTime:0.000321s ]
INFO: [ app_begin ] --END-- [ RunTime:0.000377s ]
SQL: SHOW COLUMNS FROM `db_session` [ RunTime:0.0009s ]
SQL: SELECT COUNT(*) AS tp_count FROM `db_session` LIMIT 1   [ RunTime:0.0002s ]
SQL: SELECT COUNT(*) AS tp_count FROM `db_session` WHERE ( session_data != "" ) LIMIT 1   [ RunTime:0.0003s ]
NOTIC: [8] Undefined index: userinfo /data/A_A/Application/Home/Controller/BaseController.class.php 第 52 行.
SQL: SHOW COLUMNS FROM `db_artical` [ RunTime:0.0009s ]
SQL: SELECT a.id,a.u_id,a.title,a.img,a.sub_title,a.desc,a.tags,a.visitor,a.addtime,a.click,a.comment,u.nickname,u.realname,u.email,u.headimg FROM db_artical a LEFT JOIN db_user u ON u.id = a.u_id  ORDER BY a.addtime desc LIMIT 10   [ RunTime:0.0005s ]
INFO: [ view_parse ] --START--
INFO: [ template_filter ] --START--
INFO: Run Behavior\ContentReplaceBehavior [ RunTime:0.000093s ]
INFO: [ template_filter ] --END-- [ RunTime:0.000156s ]
NOTIC: [8] Undefined variable: userinfo /data/A_A/Application/Runtime/Cache/Home/2a94b8bda04ff446dcedd42276fc99ee.php 第 99 行.
INFO: Run Behavior\ParseTemplateBehavior [ RunTime:0.011054s ]
INFO: [ view_parse ] --END-- [ RunTime:0.011111s ]

[ 2015-11-04T04:46:23+08:00 ] 59.56.69.195 /
INFO: [ app_init ] --START--
INFO: Run Behavior\BuildLiteBehavior [ RunTime:0.000015s ]
INFO: [ app_init ] --END-- [ RunTime:0.000305s ]
INFO: [ app_begin ] --START--
INFO: Run Behavior\ReadHtmlCacheBehavior [ RunTime:0.000329s ]
INFO: [ app_begin ] --END-- [ RunTime:0.000409s ]
SQL: SHOW COLUMNS FROM `db_session` [ RunTime:0.0009s ]
SQL: SELECT COUNT(*) AS tp_count FROM `db_session` LIMIT 1   [ RunTime:0.0002s ]
SQL: SELECT COUNT(*) AS tp_count FROM `db_session` WHERE ( session_data != "" ) LIMIT 1   [ RunTime:0.0003s ]
NOTIC: [8] Undefined index: userinfo /data/A_A/Application/Home/Controller/BaseController.class.php 第 52 行.
SQL: SHOW COLUMNS FROM `db_artical` [ RunTime:0.0009s ]
SQL: SELECT a.id,a.u_id,a.title,a.img,a.sub_title,a.desc,a.tags,a.visitor,a.addtime,a.click,a.comment,u.nickname,u.realname,u.email,u.headimg FROM db_artical a LEFT JOIN db_user u ON u.id = a.u_id  ORDER BY a.addtime desc LIMIT 10   [ RunTime:0.0006s ]
INFO: [ view_parse ] --START--
INFO: [ template_filter ] --START--
INFO: Run Behavior\ContentReplaceBehavior [ RunTime:0.000108s ]
INFO: [ template_filter ] --END-- [ RunTime:0.000178s ]
NOTIC: [8] Undefined variable: userinfo /data/A_A/Application/Runtime/Cache/Home/2a94b8bda04ff446dcedd42276fc99ee.php 第 99 行.
INFO: Run Behavior\ParseTemplateBehavior [ RunTime:0.011152s ]
INFO: [ view_parse ] --END-- [ RunTime:0.011209s ]

[ 2015-11-04T04:46:23+08:00 ] 59.56.69.195 /
INFO: [ app_init ] --START--
INFO: Run Behavior\BuildLiteBehavior [ RunTime:0.000017s ]
INFO: [ app_init ] --END-- [ RunTime:0.000583s ]
INFO: [ app_begin ] --START--
INFO: Run Behavior\ReadHtmlCacheBehavior [ RunTime:0.000668s ]
INFO: [ app_begin ] --END-- [ RunTime:0.000772s ]
SQL: SHOW COLUMNS FROM `db_session` [ RunTime:0.0009s ]
SQL: SELECT COUNT(*) AS tp_count FROM `db_session` LIMIT 1   [ RunTime:0.0002s ]
SQL: SELECT COUNT(*) AS tp_count FROM `db_session` WHERE ( session_data != "" ) LIMIT 1   [ RunTime:0.0003s ]
NOTIC: [8] Undefined index: userinfo /data/A_A/Application/Home/Controller/BaseController.class.php 第 52 行.
SQL: SHOW COLUMNS FROM `db_artical` [ RunTime:0.0008s ]
SQL: SELECT a.id,a.u_id,a.title,a.img,a.sub_title,a.desc,a.tags,a.visitor,a.addtime,a.click,a.comment,u.nickname,u.realname,u.email,u.headimg FROM db_artical a LEFT JOIN db_user u ON u.id = a.u_id  ORDER BY a.addtime desc LIMIT 10   [ RunTime:0.0005s ]
INFO: [ view_parse ] --START--
INFO: [ template_filter ] --START--
INFO: Run Behavior\ContentReplaceBehavior [ RunTime:0.000119s ]
INFO: [ template_filter ] --END-- [ RunTime:0.000186s ]
NOTIC: [8] Undefined variable: userinfo /data/A_A/Application/Runtime/Cache/Home/2a94b8bda04ff446dcedd42276fc99ee.php 第 99 行.
INFO: Run Behavior\ParseTemplateBehavior [ RunTime:0.011884s ]
INFO: [ view_parse ] --END-- [ RunTime:0.011944s ]

[ 2015-11-04T07:30:53+08:00 ] 91.196.50.33 http://testp3.pospr.waw.pl/testproxy.php
INFO: [ app_init ] --START--
INFO: Run Behavior\BuildLiteBehavior [ RunTime:0.000015s ]
INFO: [ app_init ] --END-- [ RunTime:0.000296s ]
INFO: [ app_begin ] --START--
INFO: Run Behavior\ReadHtmlCacheBehavior [ RunTime:0.000359s ]
INFO: [ app_begin ] --END-- [ RunTime:0.000416s ]
ERR: 无法加载控制器:Testproxy.php

[ 2015-11-04T08:57:26+08:00 ] 154.87.1.102 /
INFO: [ app_init ] --START--
INFO: Run Behavior\BuildLiteBehavior [ RunTime:0.000018s ]
INFO: [ app_init ] --END-- [ RunTime:0.000350s ]
INFO: [ app_begin ] --START--
INFO: Run Behavior\ReadHtmlCacheBehavior [ RunTime:0.000398s ]
INFO: [ app_begin ] --END-- [ RunTime:0.000455s ]
SQL: SHOW COLUMNS FROM `db_session` [ RunTime:0.0010s ]
SQL: SELECT COUNT(*) AS tp_count FROM `db_session` LIMIT 1   [ RunTime:0.0002s ]
SQL: SELECT COUNT(*) AS tp_count FROM `db_session` WHERE ( session_data != "" ) LIMIT 1   [ RunTime:0.0003s ]
NOTIC: [8] Undefined index: userinfo /data/A_A/Application/Home/Controller/BaseController.class.php 第 52 行.
SQL: SHOW COLUMNS FROM `db_artical` [ RunTime:0.0008s ]
SQL: SELECT a.id,a.u_id,a.title,a.img,a.sub_title,a.desc,a.tags,a.visitor,a.addtime,a.click,a.comment,u.nickname,u.realname,u.email,u.headimg FROM db_artical a LEFT JOIN db_user u ON u.id = a.u_id  ORDER BY a.addtime desc LIMIT 10   [ RunTime:0.0006s ]
INFO: [ view_parse ] --START--
INFO: [ template_filter ] --START--
INFO: Run Behavior\ContentReplaceBehavior [ RunTime:0.000096s ]
INFO: [ template_filter ] --END-- [ RunTime:0.000163s ]
NOTIC: [8] Undefined variable: userinfo /data/A_A/Application/Runtime/Cache/Home/2a94b8bda04ff446dcedd42276fc99ee.php 第 99 行.
INFO: Run Behavior\ParseTemplateBehavior [ RunTime:0.011526s ]
INFO: [ view_parse ] --END-- [ RunTime:0.011617s ]

[ 2015-11-04T09:25:30+08:00 ] 61.135.190.72 /
INFO: [ app_init ] --START--
INFO: Run Behavior\BuildLiteBehavior [ RunTime:0.000015s ]
INFO: [ app_init ] --END-- [ RunTime:0.000272s ]
INFO: [ app_begin ] --START--
INFO: Run Behavior\ReadHtmlCacheBehavior [ RunTime:0.000327s ]
INFO: [ app_begin ] --END-- [ RunTime:0.000384s ]
SQL: SHOW COLUMNS FROM `db_session` [ RunTime:0.0010s ]
SQL: SELECT COUNT(*) AS tp_count FROM `db_session` LIMIT 1   [ RunTime:0.0003s ]
SQL: SELECT COUNT(*) AS tp_count FROM `db_session` WHERE ( session_data != "" ) LIMIT 1   [ RunTime:0.0003s ]
NOTIC: [8] Undefined index: userinfo /data/A_A/Application/Home/Controller/BaseController.class.php 第 52 行.
SQL: SHOW COLUMNS FROM `db_artical` [ RunTime:0.0009s ]
SQL: SELECT a.id,a.u_id,a.title,a.img,a.sub_title,a.desc,a.tags,a.visitor,a.addtime,a.click,a.comment,u.nickname,u.realname,u.email,u.headimg FROM db_artical a LEFT JOIN db_user u ON u.id = a.u_id  ORDER BY a.addtime desc LIMIT 10   [ RunTime:0.0006s ]
INFO: [ view_parse ] --START--
INFO: [ template_filter ] --START--
INFO: Run Behavior\ContentReplaceBehavior [ RunTime:0.000098s ]
INFO: [ template_filter ] --END-- [ RunTime:0.000178s ]
NOTIC: [8] Undefined variable: userinfo /data/A_A/Application/Runtime/Cache/Home/2a94b8bda04ff446dcedd42276fc99ee.php 第 99 行.
INFO: Run Behavior\ParseTemplateBehavior [ RunTime:0.011481s ]
INFO: [ view_parse ] --END-- [ RunTime:0.011538s ]

[ 2015-11-04T09:40:14+08:00 ] 120.26.55.211 /zabbix/
INFO: [ app_init ] --START--
INFO: Run Behavior\BuildLiteBehavior [ RunTime:0.000015s ]
INFO: [ app_init ] --END-- [ RunTime:0.000263s ]
INFO: [ app_begin ] --START--
INFO: Run Behavior\ReadHtmlCacheBehavior [ RunTime:0.000323s ]
INFO: [ app_begin ] --END-- [ RunTime:0.000380s ]
ERR: 无法加载控制器:Zabbix

[ 2015-11-04T10:12:59+08:00 ] 183.60.48.25 http://www.baidu.com/
INFO: [ app_init ] --START--
INFO: Run Behavior\BuildLiteBehavior [ RunTime:0.000015s ]
INFO: [ app_init ] --END-- [ RunTime:0.000264s ]
INFO: [ app_begin ] --START--
INFO: Run Behavior\ReadHtmlCacheBehavior [ RunTime:0.000324s ]
INFO: [ app_begin ] --END-- [ RunTime:0.000379s ]
SQL: SHOW COLUMNS FROM `db_session` [ RunTime:0.0010s ]
SQL: SELECT COUNT(*) AS tp_count FROM `db_session` LIMIT 1   [ RunTime:0.0002s ]
SQL: SELECT COUNT(*) AS tp_count FROM `db_session` WHERE ( session_data != "" ) LIMIT 1   [ RunTime:0.0003s ]
NOTIC: [8] Undefined index: userinfo /data/A_A/Application/Home/Controller/BaseController.class.php 第 52 行.
SQL: SHOW COLUMNS FROM `db_artical` [ RunTime:0.0009s ]
SQL: SELECT a.id,a.u_id,a.title,a.img,a.sub_title,a.desc,a.tags,a.visitor,a.addtime,a.click,a.comment,u.nickname,u.realname,u.email,u.headimg FROM db_artical a LEFT JOIN db_user u ON u.id = a.u_id  ORDER BY a.addtime desc LIMIT 10   [ RunTime:0.0005s ]
INFO: [ view_parse ] --START--
INFO: [ template_filter ] --START--
INFO: Run Behavior\ContentReplaceBehavior [ RunTime:0.000118s ]
INFO: [ template_filter ] --END-- [ RunTime:0.000184s ]
NOTIC: [8] Undefined variable: userinfo /data/A_A/Application/Runtime/Cache/Home/2a94b8bda04ff446dcedd42276fc99ee.php 第 99 行.
INFO: Run Behavior\ParseTemplateBehavior [ RunTime:0.011593s ]
INFO: [ view_parse ] --END-- [ RunTime:0.011651s ]

[ 2015-11-04T10:19:13+08:00 ] 5.178.86.75 http://check.best-proxies.ru/azenv.php?auth=144660355323&a=PSCN&i=2032797741&p=80
INFO: [ app_init ] --START--
INFO: Run Behavior\BuildLiteBehavior [ RunTime:0.000016s ]
INFO: [ app_init ] --END-- [ RunTime:0.000294s ]
INFO: [ app_begin ] --START--
INFO: Run Behavior\ReadHtmlCacheBehavior [ RunTime:0.000382s ]
INFO: [ app_begin ] --END-- [ RunTime:0.000457s ]
ERR: 无法加载控制器:Azenv.php

[ 2015-11-04T10:31:03+08:00 ] 61.135.190.72 /
INFO: [ app_init ] --START--
INFO: Run Behavior\BuildLiteBehavior [ RunTime:0.000015s ]
INFO: [ app_init ] --END-- [ RunTime:0.000270s ]
INFO: [ app_begin ] --START--
INFO: Run Behavior\ReadHtmlCacheBehavior [ RunTime:0.000365s ]
INFO: [ app_begin ] --END-- [ RunTime:0.000423s ]
SQL: SHOW COLUMNS FROM `db_session` [ RunTime:0.0011s ]
SQL: SELECT COUNT(*) AS tp_count FROM `db_session` LIMIT 1   [ RunTime:0.0003s ]
SQL: SELECT COUNT(*) AS tp_count FROM `db_session` WHERE ( session_data != "" ) LIMIT 1   [ RunTime:0.0003s ]
NOTIC: [8] Undefined index: userinfo /data/A_A/Application/Home/Controller/BaseController.class.php 第 52 行.
SQL: SHOW COLUMNS FROM `db_artical` [ RunTime:0.0011s ]
SQL: SELECT a.id,a.u_id,a.title,a.img,a.sub_title,a.desc,a.tags,a.visitor,a.addtime,a.click,a.comment,u.nickname,u.realname,u.email,u.headimg FROM db_artical a LEFT JOIN db_user u ON u.id = a.u_id  ORDER BY a.addtime desc LIMIT 10   [ RunTime:0.0007s ]
INFO: [ view_parse ] --START--
INFO: [ template_filter ] --START--
INFO: Run Behavior\ContentReplaceBehavior [ RunTime:0.000093s ]
INFO: [ template_filter ] --END-- [ RunTime:0.000155s ]
NOTIC: [8] Undefined variable: userinfo /data/A_A/Application/Runtime/Cache/Home/2a94b8bda04ff446dcedd42276fc99ee.php 第 99 行.
INFO: Run Behavior\ParseTemplateBehavior [ RunTime:0.011571s ]
INFO: [ view_parse ] --END-- [ RunTime:0.011630s ]

[ 2015-11-04T10:42:25+08:00 ] 59.56.69.195 /
INFO: [ app_init ] --START--
INFO: Run Behavior\BuildLiteBehavior [ RunTime:0.000014s ]
INFO: [ app_init ] --END-- [ RunTime:0.000263s ]
INFO: [ app_begin ] --START--
INFO: Run Behavior\ReadHtmlCacheBehavior [ RunTime:0.000365s ]
INFO: [ app_begin ] --END-- [ RunTime:0.000421s ]
SQL: SHOW COLUMNS FROM `db_session` [ RunTime:0.0009s ]
SQL: SELECT COUNT(*) AS tp_count FROM `db_session` LIMIT 1   [ RunTime:0.0002s ]
SQL: SELECT COUNT(*) AS tp_count FROM `db_session` WHERE ( session_data != "" ) LIMIT 1   [ RunTime:0.0003s ]
NOTIC: [8] Undefined index: userinfo /data/A_A/Application/Home/Controller/BaseController.class.php 第 52 行.
SQL: SHOW COLUMNS FROM `db_artical` [ RunTime:0.0008s ]
SQL: SELECT a.id,a.u_id,a.title,a.img,a.sub_title,a.desc,a.tags,a.visitor,a.addtime,a.click,a.comment,u.nickname,u.realname,u.email,u.headimg FROM db_artical a LEFT JOIN db_user u ON u.id = a.u_id  ORDER BY a.addtime desc LIMIT 10   [ RunTime:0.0005s ]
INFO: [ view_parse ] --START--
INFO: [ template_filter ] --START--
INFO: Run Behavior\ContentReplaceBehavior [ RunTime:0.000092s ]
INFO: [ template_filter ] --END-- [ RunTime:0.000153s ]
NOTIC: [8] Undefined variable: userinfo /data/A_A/Application/Runtime/Cache/Home/2a94b8bda04ff446dcedd42276fc99ee.php 第 99 行.
INFO: Run Behavior\ParseTemplateBehavior [ RunTime:0.011031s ]
INFO: [ view_parse ] --END-- [ RunTime:0.011087s ]

[ 2015-11-04T10:42:25+08:00 ] 59.56.69.195 /
INFO: [ app_init ] --START--
INFO: Run Behavior\BuildLiteBehavior [ RunTime:0.000017s ]
INFO: [ app_init ] --END-- [ RunTime:0.000286s ]
INFO: [ app_begin ] --START--
INFO: Run Behavior\ReadHtmlCacheBehavior [ RunTime:0.000331s ]
INFO: [ app_begin ] --END-- [ RunTime:0.000389s ]
SQL: SHOW COLUMNS FROM `db_session` [ RunTime:0.0009s ]
SQL: SELECT COUNT(*) AS tp_count FROM `db_session` LIMIT 1   [ RunTime:0.0002s ]
SQL: SELECT COUNT(*) AS tp_count FROM `db_session` WHERE ( session_data != "" ) LIMIT 1   [ RunTime:0.0003s ]
NOTIC: [8] Undefined index: userinfo /data/A_A/Application/Home/Controller/BaseController.class.php 第 52 行.
SQL: SHOW COLUMNS FROM `db_artical` [ RunTime:0.0009s ]
SQL: SELECT a.id,a.u_id,a.title,a.img,a.sub_title,a.desc,a.tags,a.visitor,a.addtime,a.click,a.comment,u.nickname,u.realname,u.email,u.headimg FROM db_artical a LEFT JOIN db_user u ON u.id = a.u_id  ORDER BY a.addtime desc LIMIT 10   [ RunTime:0.0005s ]
INFO: [ view_parse ] --START--
INFO: [ template_filter ] --START--
INFO: Run Behavior\ContentReplaceBehavior [ RunTime:0.000092s ]
INFO: [ template_filter ] --END-- [ RunTime:0.000154s ]
NOTIC: [8] Undefined variable: userinfo /data/A_A/Application/Runtime/Cache/Home/2a94b8bda04ff446dcedd42276fc99ee.php 第 99 行.
INFO: Run Behavior\ParseTemplateBehavior [ RunTime:0.011384s ]
INFO: [ view_parse ] --END-- [ RunTime:0.011443s ]

[ 2015-11-04T11:14:18+08:00 ] 111.20.248.74 /
INFO: [ app_init ] --START--
INFO: Run Behavior\BuildLiteBehavior [ RunTime:0.000017s ]
INFO: [ app_init ] --END-- [ RunTime:0.000299s ]
INFO: [ app_begin ] --START--
INFO: Run Behavior\ReadHtmlCacheBehavior [ RunTime:0.000387s ]
INFO: [ app_begin ] --END-- [ RunTime:0.000444s ]
SQL: SHOW COLUMNS FROM `db_session` [ RunTime:0.0009s ]
SQL: SELECT COUNT(*) AS tp_count FROM `db_session` LIMIT 1   [ RunTime:0.0002s ]
SQL: SELECT COUNT(*) AS tp_count FROM `db_session` WHERE ( session_data != "" ) LIMIT 1   [ RunTime:0.0003s ]
NOTIC: [8] Undefined index: userinfo /data/A_A/Application/Home/Controller/BaseController.class.php 第 52 行.
SQL: SHOW COLUMNS FROM `db_artical` [ RunTime:0.0008s ]
SQL: SELECT a.id,a.u_id,a.title,a.img,a.sub_title,a.desc,a.tags,a.visitor,a.addtime,a.click,a.comment,u.nickname,u.realname,u.email,u.headimg FROM db_artical a LEFT JOIN db_user u ON u.id = a.u_id  ORDER BY a.addtime desc LIMIT 10   [ RunTime:0.0005s ]
INFO: [ view_parse ] --START--
INFO: [ template_filter ] --START--
INFO: Run Behavior\ContentReplaceBehavior [ RunTime:0.000102s ]
INFO: [ template_filter ] --END-- [ RunTime:0.000182s ]
NOTIC: [8] Undefined variable: userinfo /data/A_A/Application/Runtime/Cache/Home/2a94b8bda04ff446dcedd42276fc99ee.php 第 99 行.
INFO: Run Behavior\ParseTemplateBehavior [ RunTime:0.011872s ]
INFO: [ view_parse ] --END-- [ RunTime:0.011931s ]

[ 2015-11-04T11:14:18+08:00 ] 111.20.248.74 /
INFO: [ app_init ] --START--
INFO: Run Behavior\BuildLiteBehavior [ RunTime:0.000014s ]
INFO: [ app_init ] --END-- [ RunTime:0.000263s ]
INFO: [ app_begin ] --START--
INFO: Run Behavior\ReadHtmlCacheBehavior [ RunTime:0.000323s ]
INFO: [ app_begin ] --END-- [ RunTime:0.000380s ]
SQL: SHOW COLUMNS FROM `db_session` [ RunTime:0.0009s ]
SQL: SELECT COUNT(*) AS tp_count FROM `db_session` LIMIT 1   [ RunTime:0.0002s ]
SQL: SELECT COUNT(*) AS tp_count FROM `db_session` WHERE ( session_data != "" ) LIMIT 1   [ RunTime:0.0003s ]
NOTIC: [8] Undefined index: userinfo /data/A_A/Application/Home/Controller/BaseController.class.php 第 52 行.
SQL: SHOW COLUMNS FROM `db_artical` [ RunTime:0.0008s ]
SQL: SELECT a.id,a.u_id,a.title,a.img,a.sub_title,a.desc,a.tags,a.visitor,a.addtime,a.click,a.comment,u.nickname,u.realname,u.email,u.headimg FROM db_artical a LEFT JOIN db_user u ON u.id = a.u_id  ORDER BY a.addtime desc LIMIT 10   [ RunTime:0.0005s ]
INFO: [ view_parse ] --START--
INFO: [ template_filter ] --START--
INFO: Run Behavior\ContentReplaceBehavior [ RunTime:0.000126s ]
INFO: [ template_filter ] --END-- [ RunTime:0.000194s ]
NOTIC: [8] Undefined variable: userinfo /data/A_A/Application/Runtime/Cache/Home/2a94b8bda04ff446dcedd42276fc99ee.php 第 99 行.
INFO: Run Behavior\ParseTemplateBehavior [ RunTime:0.011679s ]
INFO: [ view_parse ] --END-- [ RunTime:0.011736s ]

[ 2015-11-04T11:14:18+08:00 ] 111.20.248.74 /
INFO: [ app_init ] --START--
INFO: Run Behavior\BuildLiteBehavior [ RunTime:0.000016s ]
INFO: [ app_init ] --END-- [ RunTime:0.000269s ]
INFO: [ app_begin ] --START--
INFO: Run Behavior\ReadHtmlCacheBehavior [ RunTime:0.000324s ]
INFO: [ app_begin ] --END-- [ RunTime:0.000379s ]
SQL: SHOW COLUMNS FROM `db_session` [ RunTime:0.0009s ]
SQL: SELECT COUNT(*) AS tp_count FROM `db_session` LIMIT 1   [ RunTime:0.0002s ]
SQL: SELECT COUNT(*) AS tp_count FROM `db_session` WHERE ( session_data != "" ) LIMIT 1   [ RunTime:0.0003s ]
NOTIC: [8] Undefined index: userinfo /data/A_A/Application/Home/Controller/BaseController.class.php 第 52 行.
SQL: SHOW COLUMNS FROM `db_artical` [ RunTime:0.0008s ]
SQL: SELECT a.id,a.u_id,a.title,a.img,a.sub_title,a.desc,a.tags,a.visitor,a.addtime,a.click,a.comment,u.nickname,u.realname,u.email,u.headimg FROM db_artical a LEFT JOIN db_user u ON u.id = a.u_id  ORDER BY a.addtime desc LIMIT 10   [ RunTime:0.0005s ]
INFO: [ view_parse ] --START--
INFO: [ template_filter ] --START--
INFO: Run Behavior\ContentReplaceBehavior [ RunTime:0.000109s ]
INFO: [ template_filter ] --END-- [ RunTime:0.000173s ]
NOTIC: [8] Undefined variable: userinfo /data/A_A/Application/Runtime/Cache/Home/2a94b8bda04ff446dcedd42276fc99ee.php 第 99 行.
INFO: Run Behavior\ParseTemplateBehavior [ RunTime:0.011175s ]
INFO: [ view_parse ] --END-- [ RunTime:0.011231s ]

[ 2015-11-04T11:17:23+08:00 ] 66.117.9.170 /
INFO: [ app_init ] --START--
INFO: Run Behavior\BuildLiteBehavior [ RunTime:0.000014s ]
INFO: [ app_init ] --END-- [ RunTime:0.000268s ]
INFO: [ app_begin ] --START--
INFO: Run Behavior\ReadHtmlCacheBehavior [ RunTime:0.000349s ]
INFO: [ app_begin ] --END-- [ RunTime:0.000419s ]
SQL: SHOW COLUMNS FROM `db_session` [ RunTime:0.0009s ]
SQL: SELECT COUNT(*) AS tp_count FROM `db_session` LIMIT 1   [ RunTime:0.0002s ]
SQL: SELECT COUNT(*) AS tp_count FROM `db_session` WHERE ( session_data != "" ) LIMIT 1   [ RunTime:0.0003s ]
NOTIC: [8] Undefined index: userinfo /data/A_A/Application/Home/Controller/BaseController.class.php 第 52 行.
SQL: SHOW COLUMNS FROM `db_artical` [ RunTime:0.0008s ]
SQL: SELECT a.id,a.u_id,a.title,a.img,a.sub_title,a.desc,a.tags,a.visitor,a.addtime,a.click,a.comment,u.nickname,u.realname,u.email,u.headimg FROM db_artical a LEFT JOIN db_user u ON u.id = a.u_id  ORDER BY a.addtime desc LIMIT 10   [ RunTime:0.0005s ]
INFO: [ view_parse ] --START--
INFO: [ template_filter ] --START--
INFO: Run Behavior\ContentReplaceBehavior [ RunTime:0.000103s ]
INFO: [ template_filter ] --END-- [ RunTime:0.000165s ]
NOTIC: [8] Undefined variable: userinfo /data/A_A/Application/Runtime/Cache/Home/2a94b8bda04ff446dcedd42276fc99ee.php 第 99 行.
INFO: Run Behavior\ParseTemplateBehavior [ RunTime:0.011699s ]
INFO: [ view_parse ] --END-- [ RunTime:0.011756s ]

[ 2015-11-04T14:22:06+08:00 ] 61.160.213.110 http://zc.qq.com/chs/index.html?type=1
INFO: [ app_init ] --START--
INFO: Run Behavior\BuildLiteBehavior [ RunTime:0.000020s ]
INFO: [ app_init ] --END-- [ RunTime:0.000361s ]
INFO: [ app_begin ] --START--
INFO: Run Behavior\ReadHtmlCacheBehavior [ RunTime:0.000406s ]
INFO: [ app_begin ] --END-- [ RunTime:0.000468s ]
ERR: 无法加载控制器:Chs

[ 2015-11-04T15:10:09+08:00 ] 5.178.86.74 http://check.best-proxies.ru/azenv.php?auth=144662100995&a=PSCN&i=2032797741&p=80
INFO: [ app_init ] --START--
INFO: Run Behavior\BuildLiteBehavior [ RunTime:0.000014s ]
INFO: [ app_init ] --END-- [ RunTime:0.000264s ]
INFO: [ app_begin ] --START--
INFO: Run Behavior\ReadHtmlCacheBehavior [ RunTime:0.000332s ]
INFO: [ app_begin ] --END-- [ RunTime:0.000394s ]
ERR: 无法加载控制器:Azenv.php

[ 2015-11-04T15:40:06+08:00 ] 61.135.190.197 /
INFO: [ app_init ] --START--
INFO: Run Behavior\BuildLiteBehavior [ RunTime:0.000015s ]
INFO: [ app_init ] --END-- [ RunTime:0.000265s ]
INFO: [ app_begin ] --START--
INFO: Run Behavior\ReadHtmlCacheBehavior [ RunTime:0.000359s ]
INFO: [ app_begin ] --END-- [ RunTime:0.000415s ]
SQL: SHOW COLUMNS FROM `db_session` [ RunTime:0.0009s ]
SQL: SELECT COUNT(*) AS tp_count FROM `db_session` LIMIT 1   [ RunTime:0.0002s ]
SQL: SELECT COUNT(*) AS tp_count FROM `db_session` WHERE ( session_data != "" ) LIMIT 1   [ RunTime:0.0003s ]
NOTIC: [8] Undefined index: userinfo /data/A_A/Application/Home/Controller/BaseController.class.php 第 52 行.
SQL: SHOW COLUMNS FROM `db_artical` [ RunTime:0.0009s ]
SQL: SELECT a.id,a.u_id,a.title,a.img,a.sub_title,a.desc,a.tags,a.visitor,a.addtime,a.click,a.comment,u.nickname,u.realname,u.email,u.headimg FROM db_artical a LEFT JOIN db_user u ON u.id = a.u_id  ORDER BY a.addtime desc LIMIT 10   [ RunTime:0.0006s ]
INFO: [ view_parse ] --START--
INFO: [ template_filter ] --START--
INFO: Run Behavior\ContentReplaceBehavior [ RunTime:0.000095s ]
INFO: [ template_filter ] --END-- [ RunTime:0.000161s ]
NOTIC: [8] Undefined variable: userinfo /data/A_A/Application/Runtime/Cache/Home/2a94b8bda04ff446dcedd42276fc99ee.php 第 99 行.
INFO: Run Behavior\ParseTemplateBehavior [ RunTime:0.011588s ]
INFO: [ view_parse ] --END-- [ RunTime:0.011666s ]

[ 2015-11-04T15:44:50+08:00 ] 120.26.55.211 /cacti/index.php
INFO: [ app_init ] --START--
INFO: Run Behavior\BuildLiteBehavior [ RunTime:0.000015s ]
INFO: [ app_init ] --END-- [ RunTime:0.000287s ]
INFO: [ app_begin ] --START--
INFO: Run Behavior\ReadHtmlCacheBehavior [ RunTime:0.000343s ]
INFO: [ app_begin ] --END-- [ RunTime:0.000399s ]
ERR: 无法加载控制器:Cacti

[ 2015-11-04T15:54:12+08:00 ] 121.42.210.61 /
INFO: [ app_init ] --START--
INFO: Run Behavior\BuildLiteBehavior [ RunTime:0.000015s ]
INFO: [ app_init ] --END-- [ RunTime:0.000277s ]
INFO: [ app_begin ] --START--
INFO: Run Behavior\ReadHtmlCacheBehavior [ RunTime:0.000332s ]
INFO: [ app_begin ] --END-- [ RunTime:0.000391s ]
SQL: SHOW COLUMNS FROM `db_session` [ RunTime:0.0009s ]
SQL: SELECT COUNT(*) AS tp_count FROM `db_session` LIMIT 1   [ RunTime:0.0002s ]
SQL: SELECT COUNT(*) AS tp_count FROM `db_session` WHERE ( session_data != "" ) LIMIT 1   [ RunTime:0.0003s ]
NOTIC: [8] Undefined index: userinfo /data/A_A/Application/Home/Controller/BaseController.class.php 第 52 行.
SQL: SHOW COLUMNS FROM `db_artical` [ RunTime:0.0009s ]
SQL: SELECT a.id,a.u_id,a.title,a.img,a.sub_title,a.desc,a.tags,a.visitor,a.addtime,a.click,a.comment,u.nickname,u.realname,u.email,u.headimg FROM db_artical a LEFT JOIN db_user u ON u.id = a.u_id  ORDER BY a.addtime desc LIMIT 10   [ RunTime:0.0006s ]
INFO: [ view_parse ] --START--
INFO: [ template_filter ] --START--
INFO: Run Behavior\ContentReplaceBehavior [ RunTime:0.000094s ]
INFO: [ template_filter ] --END-- [ RunTime:0.000154s ]
NOTIC: [8] Undefined variable: userinfo /data/A_A/Application/Runtime/Cache/Home/2a94b8bda04ff446dcedd42276fc99ee.php 第 99 行.
INFO: Run Behavior\ParseTemplateBehavior [ RunTime:0.011413s ]
INFO: [ view_parse ] --END-- [ RunTime:0.011468s ]

[ 2015-11-04T16:24:06+08:00 ] 120.26.55.211 /axis2/
INFO: [ app_init ] --START--
INFO: Run Behavior\BuildLiteBehavior [ RunTime:0.000015s ]
INFO: [ app_init ] --END-- [ RunTime:0.000293s ]
INFO: [ app_begin ] --START--
INFO: Run Behavior\ReadHtmlCacheBehavior [ RunTime:0.000356s ]
INFO: [ app_begin ] --END-- [ RunTime:0.000413s ]
ERR: 无法加载控制器:Axis2

[ 2015-11-04T17:12:31+08:00 ] 61.135.190.200 /
INFO: [ app_init ] --START--
INFO: Run Behavior\BuildLiteBehavior [ RunTime:0.000015s ]
INFO: [ app_init ] --END-- [ RunTime:0.000298s ]
INFO: [ app_begin ] --START--
INFO: Run Behavior\ReadHtmlCacheBehavior [ RunTime:0.000368s ]
INFO: [ app_begin ] --END-- [ RunTime:0.000434s ]
SQL: SHOW COLUMNS FROM `db_session` [ RunTime:0.0010s ]
SQL: SELECT COUNT(*) AS tp_count FROM `db_session` LIMIT 1   [ RunTime:0.0003s ]
SQL: SELECT COUNT(*) AS tp_count FROM `db_session` WHERE ( session_data != "" ) LIMIT 1   [ RunTime:0.0003s ]
NOTIC: [8] Undefined index: userinfo /data/A_A/Application/Home/Controller/BaseController.class.php 第 52 行.
SQL: SHOW COLUMNS FROM `db_artical` [ RunTime:0.0009s ]
SQL: SELECT a.id,a.u_id,a.title,a.img,a.sub_title,a.desc,a.tags,a.visitor,a.addtime,a.click,a.comment,u.nickname,u.realname,u.email,u.headimg FROM db_artical a LEFT JOIN db_user u ON u.id = a.u_id  ORDER BY a.addtime desc LIMIT 10   [ RunTime:0.0006s ]
INFO: [ view_parse ] --START--
INFO: [ template_filter ] --START--
INFO: Run Behavior\ContentReplaceBehavior [ RunTime:0.000098s ]
INFO: [ template_filter ] --END-- [ RunTime:0.000163s ]
NOTIC: [8] Undefined variable: userinfo /data/A_A/Application/Runtime/Cache/Home/2a94b8bda04ff446dcedd42276fc99ee.php 第 99 行.
INFO: Run Behavior\ParseTemplateBehavior [ RunTime:0.011814s ]
INFO: [ view_parse ] --END-- [ RunTime:0.011876s ]

[ 2015-11-04T17:33:39+08:00 ] 111.20.248.74 /
INFO: [ app_init ] --START--
INFO: Run Behavior\BuildLiteBehavior [ RunTime:0.000015s ]
INFO: [ app_init ] --END-- [ RunTime:0.000294s ]
INFO: [ app_begin ] --START--
INFO: Run Behavior\ReadHtmlCacheBehavior [ RunTime:0.000329s ]
INFO: [ app_begin ] --END-- [ RunTime:0.000409s ]
SQL: SHOW COLUMNS FROM `db_session` [ RunTime:0.0009s ]
SQL: SELECT COUNT(*) AS tp_count FROM `db_session` LIMIT 1   [ RunTime:0.0003s ]
SQL: SELECT COUNT(*) AS tp_count FROM `db_session` WHERE ( session_data != "" ) LIMIT 1   [ RunTime:0.0003s ]
NOTIC: [8] Undefined index: userinfo /data/A_A/Application/Home/Controller/BaseController.class.php 第 52 行.
SQL: SHOW COLUMNS FROM `db_artical` [ RunTime:0.0008s ]
SQL: SELECT a.id,a.u_id,a.title,a.img,a.sub_title,a.desc,a.tags,a.visitor,a.addtime,a.click,a.comment,u.nickname,u.realname,u.email,u.headimg FROM db_artical a LEFT JOIN db_user u ON u.id = a.u_id  ORDER BY a.addtime desc LIMIT 10   [ RunTime:0.0006s ]
INFO: [ view_parse ] --START--
INFO: [ template_filter ] --START--
INFO: Run Behavior\ContentReplaceBehavior [ RunTime:0.000094s ]
INFO: [ template_filter ] --END-- [ RunTime:0.000178s ]
NOTIC: [8] Undefined variable: userinfo /data/A_A/Application/Runtime/Cache/Home/2a94b8bda04ff446dcedd42276fc99ee.php 第 99 行.
INFO: Run Behavior\ParseTemplateBehavior [ RunTime:0.011188s ]
INFO: [ view_parse ] --END-- [ RunTime:0.011245s ]

[ 2015-11-04T17:33:49+08:00 ] 120.26.55.211 /zabbix/
INFO: [ app_init ] --START--
INFO: Run Behavior\BuildLiteBehavior [ RunTime:0.000015s ]
INFO: [ app_init ] --END-- [ RunTime:0.000265s ]
INFO: [ app_begin ] --START--
INFO: Run Behavior\ReadHtmlCacheBehavior [ RunTime:0.000322s ]
INFO: [ app_begin ] --END-- [ RunTime:0.000379s ]
ERR: 无法加载控制器:Zabbix

[ 2015-11-04T17:35:51+08:00 ] 103.242.202.196 /
INFO: [ app_init ] --START--
INFO: Run Behavior\BuildLiteBehavior [ RunTime:0.000015s ]
INFO: [ app_init ] --END-- [ RunTime:0.000325s ]
INFO: [ app_begin ] --START--
INFO: Run Behavior\ReadHtmlCacheBehavior [ RunTime:0.000345s ]
INFO: [ app_begin ] --END-- [ RunTime:0.000425s ]
SQL: SHOW COLUMNS FROM `db_session` [ RunTime:0.0009s ]
SQL: SELECT COUNT(*) AS tp_count FROM `db_session` LIMIT 1   [ RunTime:0.0002s ]
SQL: SELECT COUNT(*) AS tp_count FROM `db_session` WHERE ( session_data != "" ) LIMIT 1   [ RunTime:0.0003s ]
NOTIC: [8] Undefined index: userinfo /data/A_A/Application/Home/Controller/BaseController.class.php 第 52 行.
SQL: SHOW COLUMNS FROM `db_artical` [ RunTime:0.0008s ]
SQL: SELECT a.id,a.u_id,a.title,a.img,a.sub_title,a.desc,a.tags,a.visitor,a.addtime,a.click,a.comment,u.nickname,u.realname,u.email,u.headimg FROM db_artical a LEFT JOIN db_user u ON u.id = a.u_id  ORDER BY a.addtime desc LIMIT 10   [ RunTime:0.0006s ]
INFO: [ view_parse ] --START--
INFO: [ template_filter ] --START--
INFO: Run Behavior\ContentReplaceBehavior [ RunTime:0.000123s ]
INFO: [ template_filter ] --END-- [ RunTime:0.000211s ]
NOTIC: [8] Undefined variable: userinfo /data/A_A/Application/Runtime/Cache/Home/2a94b8bda04ff446dcedd42276fc99ee.php 第 99 行.
INFO: Run Behavior\ParseTemplateBehavior [ RunTime:0.012319s ]
INFO: [ view_parse ] --END-- [ RunTime:0.012376s ]

[ 2015-11-04T17:35:51+08:00 ] 103.242.202.196 /
INFO: [ app_init ] --START--
INFO: Run Behavior\BuildLiteBehavior [ RunTime:0.000020s ]
INFO: [ app_init ] --END-- [ RunTime:0.000307s ]
INFO: [ app_begin ] --START--
INFO: Run Behavior\ReadHtmlCacheBehavior [ RunTime:0.000366s ]
INFO: [ app_begin ] --END-- [ RunTime:0.000431s ]
SQL: SHOW COLUMNS FROM `db_session` [ RunTime:0.0009s ]
SQL: SELECT COUNT(*) AS tp_count FROM `db_session` LIMIT 1   [ RunTime:0.0002s ]
SQL: SELECT COUNT(*) AS tp_count FROM `db_session` WHERE ( session_data != "" ) LIMIT 1   [ RunTime:0.0003s ]
NOTIC: [8] Undefined index: userinfo /data/A_A/Application/Home/Controller/BaseController.class.php 第 52 行.
SQL: SHOW COLUMNS FROM `db_artical` [ RunTime:0.0009s ]
SQL: SELECT a.id,a.u_id,a.title,a.img,a.sub_title,a.desc,a.tags,a.visitor,a.addtime,a.click,a.comment,u.nickname,u.realname,u.email,u.headimg FROM db_artical a LEFT JOIN db_user u ON u.id = a.u_id  ORDER BY a.addtime desc LIMIT 10   [ RunTime:0.0005s ]
INFO: [ view_parse ] --START--
INFO: [ template_filter ] --START--
INFO: Run Behavior\ContentReplaceBehavior [ RunTime:0.000096s ]
INFO: [ template_filter ] --END-- [ RunTime:0.000161s ]
NOTIC: [8] Undefined variable: userinfo /data/A_A/Application/Runtime/Cache/Home/2a94b8bda04ff446dcedd42276fc99ee.php 第 99 行.
INFO: Run Behavior\ParseTemplateBehavior [ RunTime:0.011433s ]
INFO: [ view_parse ] --END-- [ RunTime:0.011514s ]

[ 2015-11-04T17:58:51+08:00 ] 59.56.69.195 /
INFO: [ app_init ] --START--
INFO: Run Behavior\BuildLiteBehavior [ RunTime:0.000015s ]
INFO: [ app_init ] --END-- [ RunTime:0.000268s ]
INFO: [ app_begin ] --START--
INFO: Run Behavior\ReadHtmlCacheBehavior [ RunTime:0.000439s ]
INFO: [ app_begin ] --END-- [ RunTime:0.000497s ]
SQL: SHOW COLUMNS FROM `db_session` [ RunTime:0.0009s ]
SQL: SELECT COUNT(*) AS tp_count FROM `db_session` LIMIT 1   [ RunTime:0.0003s ]
SQL: SELECT COUNT(*) AS tp_count FROM `db_session` WHERE ( session_data != "" ) LIMIT 1   [ RunTime:0.0003s ]
NOTIC: [8] Undefined index: userinfo /data/A_A/Application/Home/Controller/BaseController.class.php 第 52 行.
SQL: SHOW COLUMNS FROM `db_artical` [ RunTime:0.0009s ]
SQL: SELECT a.id,a.u_id,a.title,a.img,a.sub_title,a.desc,a.tags,a.visitor,a.addtime,a.click,a.comment,u.nickname,u.realname,u.email,u.headimg FROM db_artical a LEFT JOIN db_user u ON u.id = a.u_id  ORDER BY a.addtime desc LIMIT 10   [ RunTime:0.0006s ]
INFO: [ view_parse ] --START--
INFO: [ template_filter ] --START--
INFO: Run Behavior\ContentReplaceBehavior [ RunTime:0.000096s ]
INFO: [ template_filter ] --END-- [ RunTime:0.000193s ]
NOTIC: [8] Undefined variable: userinfo /data/A_A/Application/Runtime/Cache/Home/2a94b8bda04ff446dcedd42276fc99ee.php 第 99 行.
INFO: Run Behavior\ParseTemplateBehavior [ RunTime:0.011716s ]
INFO: [ view_parse ] --END-- [ RunTime:0.011773s ]

[ 2015-11-04T18:12:44+08:00 ] 183.60.48.25 http://www.baidu.com/
INFO: [ app_init ] --START--
INFO: Run Behavior\BuildLiteBehavior [ RunTime:0.000018s ]
INFO: [ app_init ] --END-- [ RunTime:0.000280s ]
INFO: [ app_begin ] --START--
INFO: Run Behavior\ReadHtmlCacheBehavior [ RunTime:0.000364s ]
INFO: [ app_begin ] --END-- [ RunTime:0.000421s ]
SQL: SHOW COLUMNS FROM `db_session` [ RunTime:0.0009s ]
SQL: SELECT COUNT(*) AS tp_count FROM `db_session` LIMIT 1   [ RunTime:0.0002s ]
SQL: SELECT COUNT(*) AS tp_count FROM `db_session` WHERE ( session_data != "" ) LIMIT 1   [ RunTime:0.0003s ]
NOTIC: [8] Undefined index: userinfo /data/A_A/Application/Home/Controller/BaseController.class.php 第 52 行.
SQL: SHOW COLUMNS FROM `db_artical` [ RunTime:0.0009s ]
SQL: SELECT a.id,a.u_id,a.title,a.img,a.sub_title,a.desc,a.tags,a.visitor,a.addtime,a.click,a.comment,u.nickname,u.realname,u.email,u.headimg FROM db_artical a LEFT JOIN db_user u ON u.id = a.u_id  ORDER BY a.addtime desc LIMIT 10   [ RunTime:0.0006s ]
INFO: [ view_parse ] --START--
INFO: [ template_filter ] --START--
INFO: Run Behavior\ContentReplaceBehavior [ RunTime:0.000098s ]
INFO: [ template_filter ] --END-- [ RunTime:0.000175s ]
NOTIC: [8] Undefined variable: userinfo /data/A_A/Application/Runtime/Cache/Home/2a94b8bda04ff446dcedd42276fc99ee.php 第 99 行.
INFO: Run Behavior\ParseTemplateBehavior [ RunTime:0.011971s ]
INFO: [ view_parse ] --END-- [ RunTime:0.012029s ]

[ 2015-11-04T20:19:05+08:00 ] 222.45.51.236 /
INFO: [ app_init ] --START--
INFO: Run Behavior\BuildLiteBehavior [ RunTime:0.000016s ]
INFO: [ app_init ] --END-- [ RunTime:0.000333s ]
INFO: [ app_begin ] --START--
INFO: Run Behavior\ReadHtmlCacheBehavior [ RunTime:0.000329s ]
INFO: [ app_begin ] --END-- [ RunTime:0.000386s ]
SQL: SHOW COLUMNS FROM `db_session` [ RunTime:0.0009s ]
SQL: SELECT COUNT(*) AS tp_count FROM `db_session` LIMIT 1   [ RunTime:0.0002s ]
SQL: SELECT COUNT(*) AS tp_count FROM `db_session` WHERE ( session_data != "" ) LIMIT 1   [ RunTime:0.0003s ]
NOTIC: [8] Undefined index: userinfo /data/A_A/Application/Home/Controller/BaseController.class.php 第 52 行.
SQL: SHOW COLUMNS FROM `db_artical` [ RunTime:0.0009s ]
SQL: SELECT a.id,a.u_id,a.title,a.img,a.sub_title,a.desc,a.tags,a.visitor,a.addtime,a.click,a.comment,u.nickname,u.realname,u.email,u.headimg FROM db_artical a LEFT JOIN db_user u ON u.id = a.u_id  ORDER BY a.addtime desc LIMIT 10   [ RunTime:0.0006s ]
INFO: [ view_parse ] --START--
INFO: [ template_filter ] --START--
INFO: Run Behavior\ContentReplaceBehavior [ RunTime:0.000108s ]
INFO: [ template_filter ] --END-- [ RunTime:0.000175s ]
NOTIC: [8] Undefined variable: userinfo /data/A_A/Application/Runtime/Cache/Home/2a94b8bda04ff446dcedd42276fc99ee.php 第 99 行.
INFO: Run Behavior\ParseTemplateBehavior [ RunTime:0.011855s ]
INFO: [ view_parse ] --END-- [ RunTime:0.011912s ]

[ 2015-11-04T20:57:25+08:00 ] 104.192.0.226 /menuBcm.js
INFO: [ app_init ] --START--
INFO: Run Behavior\BuildLiteBehavior [ RunTime:0.000015s ]
INFO: [ app_init ] --END-- [ RunTime:0.000285s ]
INFO: [ app_begin ] --START--
INFO: Run Behavior\ReadHtmlCacheBehavior [ RunTime:0.000346s ]
INFO: [ app_begin ] --END-- [ RunTime:0.000402s ]
ERR: 无法加载控制器:MenuBcm.js

[ 2015-11-04T20:57:43+08:00 ] 104.192.0.226 /menuBcm.js
INFO: [ app_init ] --START--
INFO: Run Behavior\BuildLiteBehavior [ RunTime:0.000015s ]
INFO: [ app_init ] --END-- [ RunTime:0.000304s ]
INFO: [ app_begin ] --START--
INFO: Run Behavior\ReadHtmlCacheBehavior [ RunTime:0.000360s ]
INFO: [ app_begin ] --END-- [ RunTime:0.000417s ]
ERR: 无法加载控制器:MenuBcm.js

[ 2015-11-04T21:09:02+08:00 ] 120.26.55.211 /server-status/
INFO: [ app_init ] --START--
INFO: Run Behavior\BuildLiteBehavior [ RunTime:0.000015s ]
INFO: [ app_init ] --END-- [ RunTime:0.000261s ]
INFO: [ app_begin ] --START--
INFO: Run Behavior\ReadHtmlCacheBehavior [ RunTime:0.000350s ]
INFO: [ app_begin ] --END-- [ RunTime:0.000408s ]
ERR: 无法加载控制器:Server-status

[ 2015-11-04T22:17:57+08:00 ] 61.135.190.72 /
INFO: [ app_init ] --START--
INFO: Run Behavior\BuildLiteBehavior [ RunTime:0.000020s ]
INFO: [ app_init ] --END-- [ RunTime:0.000298s ]
INFO: [ app_begin ] --START--
INFO: Run Behavior\ReadHtmlCacheBehavior [ RunTime:0.000326s ]
INFO: [ app_begin ] --END-- [ RunTime:0.000405s ]
SQL: SHOW COLUMNS FROM `db_session` [ RunTime:0.0009s ]
SQL: SELECT COUNT(*) AS tp_count FROM `db_session` LIMIT 1   [ RunTime:0.0002s ]
SQL: SELECT COUNT(*) AS tp_count FROM `db_session` WHERE ( session_data != "" ) LIMIT 1   [ RunTime:0.0002s ]
NOTIC: [8] Undefined index: userinfo /data/A_A/Application/Home/Controller/BaseController.class.php 第 52 行.
SQL: SHOW COLUMNS FROM `db_artical` [ RunTime:0.0009s ]
SQL: SELECT a.id,a.u_id,a.title,a.img,a.sub_title,a.desc,a.tags,a.visitor,a.addtime,a.click,a.comment,u.nickname,u.realname,u.email,u.headimg FROM db_artical a LEFT JOIN db_user u ON u.id = a.u_id  ORDER BY a.addtime desc LIMIT 10   [ RunTime:0.0006s ]
INFO: [ view_parse ] --START--
INFO: [ template_filter ] --START--
INFO: Run Behavior\ContentReplaceBehavior [ RunTime:0.000094s ]
INFO: [ template_filter ] --END-- [ RunTime:0.000155s ]
NOTIC: [8] Undefined variable: userinfo /data/A_A/Application/Runtime/Cache/Home/2a94b8bda04ff446dcedd42276fc99ee.php 第 99 行.
INFO: Run Behavior\ParseTemplateBehavior [ RunTime:0.011281s ]
INFO: [ view_parse ] --END-- [ RunTime:0.011337s ]

[ 2015-11-04T22:42:01+08:00 ] 111.20.248.74 /
INFO: [ app_init ] --START--
INFO: Run Behavior\BuildLiteBehavior [ RunTime:0.000016s ]
INFO: [ app_init ] --END-- [ RunTime:0.000292s ]
INFO: [ app_begin ] --START--
INFO: Run Behavior\ReadHtmlCacheBehavior [ RunTime:0.000371s ]
INFO: [ app_begin ] --END-- [ RunTime:0.000436s ]
SQL: SHOW COLUMNS FROM `db_session` [ RunTime:0.0009s ]
SQL: SELECT COUNT(*) AS tp_count FROM `db_session` LIMIT 1   [ RunTime:0.0004s ]
SQL: SELECT COUNT(*) AS tp_count FROM `db_session` WHERE ( session_data != "" ) LIMIT 1   [ RunTime:0.0003s ]
NOTIC: [8] Undefined index: userinfo /data/A_A/Application/Home/Controller/BaseController.class.php 第 52 行.
SQL: SHOW COLUMNS FROM `db_artical` [ RunTime:0.0010s ]
SQL: SELECT a.id,a.u_id,a.title,a.img,a.sub_title,a.desc,a.tags,a.visitor,a.addtime,a.click,a.comment,u.nickname,u.realname,u.email,u.headimg FROM db_artical a LEFT JOIN db_user u ON u.id = a.u_id  ORDER BY a.addtime desc LIMIT 10   [ RunTime:0.0007s ]
INFO: [ view_parse ] --START--
INFO: [ template_filter ] --START--
INFO: Run Behavior\ContentReplaceBehavior [ RunTime:0.000106s ]
INFO: [ template_filter ] --END-- [ RunTime:0.000173s ]
NOTIC: [8] Undefined variable: userinfo /data/A_A/Application/Runtime/Cache/Home/2a94b8bda04ff446dcedd42276fc99ee.php 第 99 行.
INFO: Run Behavior\ParseTemplateBehavior [ RunTime:0.013272s ]
INFO: [ view_parse ] --END-- [ RunTime:0.013336s ]

[ 2015-11-04T23:00:37+08:00 ] 62.210.88.201 http://51.254.206.142/httptest.php
INFO: [ app_init ] --START--
INFO: Run Behavior\BuildLiteBehavior [ RunTime:0.000015s ]
INFO: [ app_init ] --END-- [ RunTime:0.000292s ]
INFO: [ app_begin ] --START--
INFO: Run Behavior\ReadHtmlCacheBehavior [ RunTime:0.000375s ]
INFO: [ app_begin ] --END-- [ RunTime:0.000442s ]
ERR: 无法加载控制器:Httptest.php

[ 2015-11-04T23:00:42+08:00 ] 62.210.88.201 http://www.google.pl/search?q=google
INFO: [ app_init ] --START--
INFO: Run Behavior\BuildLiteBehavior [ RunTime:0.000016s ]
INFO: [ app_init ] --END-- [ RunTime:0.000269s ]
INFO: [ app_begin ] --START--
INFO: Run Behavior\ReadHtmlCacheBehavior [ RunTime:0.000356s ]
INFO: [ app_begin ] --END-- [ RunTime:0.000413s ]
INFO: [ view_parse ] --START--
INFO: [ template_filter ] --START--
INFO: Run Behavior\ContentReplaceBehavior [ RunTime:0.000069s ]
INFO: [ template_filter ] --END-- [ RunTime:0.000125s ]
NOTIC: [8] Undefined variable: page /data/A_A/Application/Runtime/Cache/Home/98e208847e32c66f2031e4de8ef4ead5.php 第 60 行.
NOTIC: [8] Undefined variable: page /data/A_A/Application/Runtime/Cache/Home/98e208847e32c66f2031e4de8ef4ead5.php 第 64 行.
NOTIC: [8] Undefined variable: page /data/A_A/Application/Runtime/Cache/Home/98e208847e32c66f2031e4de8ef4ead5.php 第 66 行.
NOTIC: [8] Undefined variable: page /data/A_A/Application/Runtime/Cache/Home/98e208847e32c66f2031e4de8ef4ead5.php 第 83 行.
NOTIC: [8] Undefined variable: page /data/A_A/Application/Runtime/Cache/Home/98e208847e32c66f2031e4de8ef4ead5.php 第 91 行.
NOTIC: [8] Undefined variable: page /data/A_A/Application/Runtime/Cache/Home/98e208847e32c66f2031e4de8ef4ead5.php 第 92 行.
NOTIC: [8] Undefined variable: userinfo /data/A_A/Application/Runtime/Cache/Home/98e208847e32c66f2031e4de8ef4ead5.php 第 99 行.
NOTIC: [8] Undefined variable: page /data/A_A/Application/Runtime/Cache/Home/98e208847e32c66f2031e4de8ef4ead5.php 第 113 行.
NOTIC: [8] Undefined variable: page /data/A_A/Application/Runtime/Cache/Home/98e208847e32c66f2031e4de8ef4ead5.php 第 114 行.
NOTIC: [8] Undefined variable: onlineCount /data/A_A/Application/Runtime/Cache/Home/98e208847e32c66f2031e4de8ef4ead5.php 第 145 行.
INFO: Run Behavior\ParseTemplateBehavior [ RunTime:0.008290s ]
INFO: [ view_parse ] --END-- [ RunTime:0.008342s ]

[ 2015-11-04T23:45:25+08:00 ] 103.242.202.196 /
INFO: [ app_init ] --START--
INFO: Run Behavior\BuildLiteBehavior [ RunTime:0.000016s ]
INFO: [ app_init ] --END-- [ RunTime:0.000297s ]
INFO: [ app_begin ] --START--
INFO: Run Behavior\ReadHtmlCacheBehavior [ RunTime:0.000342s ]
INFO: [ app_begin ] --END-- [ RunTime:0.000399s ]
SQL: SHOW COLUMNS FROM `db_session` [ RunTime:0.0010s ]
SQL: SELECT COUNT(*) AS tp_count FROM `db_session` LIMIT 1   [ RunTime:0.0003s ]
SQL: SELECT COUNT(*) AS tp_count FROM `db_session` WHERE ( session_data != "" ) LIMIT 1   [ RunTime:0.0003s ]
NOTIC: [8] Undefined index: userinfo /data/A_A/Application/Home/Controller/BaseController.class.php 第 52 行.
SQL: SHOW COLUMNS FROM `db_artical` [ RunTime:0.0009s ]
SQL: SELECT a.id,a.u_id,a.title,a.img,a.sub_title,a.desc,a.tags,a.visitor,a.addtime,a.click,a.comment,u.nickname,u.realname,u.email,u.headimg FROM db_artical a LEFT JOIN db_user u ON u.id = a.u_id  ORDER BY a.addtime desc LIMIT 10   [ RunTime:0.0008s ]
INFO: [ view_parse ] --START--
INFO: [ template_filter ] --START--
INFO: Run Behavior\ContentReplaceBehavior [ RunTime:0.000094s ]
INFO: [ template_filter ] --END-- [ RunTime:0.000157s ]
NOTIC: [8] Undefined variable: userinfo /data/A_A/Application/Runtime/Cache/Home/2a94b8bda04ff446dcedd42276fc99ee.php 第 99 行.
INFO: Run Behavior\ParseTemplateBehavior [ RunTime:0.011472s ]
INFO: [ view_parse ] --END-- [ RunTime:0.011538s ]

[ 2015-11-04T23:45:25+08:00 ] 103.242.202.196 /
INFO: [ app_init ] --START--
INFO: Run Behavior\BuildLiteBehavior [ RunTime:0.000014s ]
INFO: [ app_init ] --END-- [ RunTime:0.000315s ]
INFO: [ app_begin ] --START--
INFO: Run Behavior\ReadHtmlCacheBehavior [ RunTime:0.000346s ]
INFO: [ app_begin ] --END-- [ RunTime:0.000404s ]
SQL: SHOW COLUMNS FROM `db_session` [ RunTime:0.0009s ]
SQL: SELECT COUNT(*) AS tp_count FROM `db_session` LIMIT 1   [ RunTime:0.0002s ]
SQL: SELECT COUNT(*) AS tp_count FROM `db_session` WHERE ( session_data != "" ) LIMIT 1   [ RunTime:0.0003s ]
NOTIC: [8] Undefined index: userinfo /data/A_A/Application/Home/Controller/BaseController.class.php 第 52 行.
SQL: SHOW COLUMNS FROM `db_artical` [ RunTime:0.0009s ]
SQL: SELECT a.id,a.u_id,a.title,a.img,a.sub_title,a.desc,a.tags,a.visitor,a.addtime,a.click,a.comment,u.nickname,u.realname,u.email,u.headimg FROM db_artical a LEFT JOIN db_user u ON u.id = a.u_id  ORDER BY a.addtime desc LIMIT 10   [ RunTime:0.0005s ]
INFO: [ view_parse ] --START--
INFO: [ template_filter ] --START--
INFO: Run Behavior\ContentReplaceBehavior [ RunTime:0.000112s ]
INFO: [ template_filter ] --END-- [ RunTime:0.000181s ]
NOTIC: [8] Undefined variable: userinfo /data/A_A/Application/Runtime/Cache/Home/2a94b8bda04ff446dcedd42276fc99ee.php 第 99 行.
INFO: Run Behavior\ParseTemplateBehavior [ RunTime:0.011425s ]
INFO: [ view_parse ] --END-- [ RunTime:0.011481s ]

[ 2015-11-04T23:52:13+08:00 ] 59.56.69.195 /
INFO: [ app_init ] --START--
INFO: Run Behavior\BuildLiteBehavior [ RunTime:0.000015s ]
INFO: [ app_init ] --END-- [ RunTime:0.000270s ]
INFO: [ app_begin ] --START--
INFO: Run Behavior\ReadHtmlCacheBehavior [ RunTime:0.000324s ]
INFO: [ app_begin ] --END-- [ RunTime:0.000381s ]
SQL: SHOW COLUMNS FROM `db_session` [ RunTime:0.0009s ]
SQL: SELECT COUNT(*) AS tp_count FROM `db_session` LIMIT 1   [ RunTime:0.0002s ]
SQL: SELECT COUNT(*) AS tp_count FROM `db_session` WHERE ( session_data != "" ) LIMIT 1   [ RunTime:0.0003s ]
NOTIC: [8] Undefined index: userinfo /data/A_A/Application/Home/Controller/BaseController.class.php 第 52 行.
SQL: SHOW COLUMNS FROM `db_artical` [ RunTime:0.0009s ]
SQL: SELECT a.id,a.u_id,a.title,a.img,a.sub_title,a.desc,a.tags,a.visitor,a.addtime,a.click,a.comment,u.nickname,u.realname,u.email,u.headimg FROM db_artical a LEFT JOIN db_user u ON u.id = a.u_id  ORDER BY a.addtime desc LIMIT 10   [ RunTime:0.0006s ]
INFO: [ view_parse ] --START--
INFO: [ template_filter ] --START--
INFO: Run Behavior\ContentReplaceBehavior [ RunTime:0.000094s ]
INFO: [ template_filter ] --END-- [ RunTime:0.000159s ]
NOTIC: [8] Undefined variable: userinfo /data/A_A/Application/Runtime/Cache/Home/2a94b8bda04ff446dcedd42276fc99ee.php 第 99 行.
INFO: Run Behavior\ParseTemplateBehavior [ RunTime:0.011577s ]
INFO: [ view_parse ] --END-- [ RunTime:0.011632s ]

[ 2015-11-04T23:52:13+08:00 ] 59.56.69.195 /
INFO: [ app_init ] --START--
INFO: Run Behavior\BuildLiteBehavior [ RunTime:0.000020s ]
INFO: [ app_init ] --END-- [ RunTime:0.000291s ]
INFO: [ app_begin ] --START--
INFO: Run Behavior\ReadHtmlCacheBehavior [ RunTime:0.000353s ]
INFO: [ app_begin ] --END-- [ RunTime:0.000409s ]
SQL: SHOW COLUMNS FROM `db_session` [ RunTime:0.0009s ]
SQL: SELECT COUNT(*) AS tp_count FROM `db_session` LIMIT 1   [ RunTime:0.0002s ]
SQL: SELECT COUNT(*) AS tp_count FROM `db_session` WHERE ( session_data != "" ) LIMIT 1   [ RunTime:0.0003s ]
NOTIC: [8] Undefined index: userinfo /data/A_A/Application/Home/Controller/BaseController.class.php 第 52 行.
SQL: SHOW COLUMNS FROM `db_artical` [ RunTime:0.0009s ]
SQL: SELECT a.id,a.u_id,a.title,a.img,a.sub_title,a.desc,a.tags,a.visitor,a.addtime,a.click,a.comment,u.nickname,u.realname,u.email,u.headimg FROM db_artical a LEFT JOIN db_user u ON u.id = a.u_id  ORDER BY a.addtime desc LIMIT 10   [ RunTime:0.0005s ]
INFO: [ view_parse ] --START--
INFO: [ template_filter ] --START--
INFO: Run Behavior\ContentReplaceBehavior [ RunTime:0.000118s ]
INFO: [ template_filter ] --END-- [ RunTime:0.000182s ]
NOTIC: [8] Undefined variable: userinfo /data/A_A/Application/Runtime/Cache/Home/2a94b8bda04ff446dcedd42276fc99ee.php 第 99 行.
INFO: Run Behavior\ParseTemplateBehavior [ RunTime:0.011084s ]
INFO: [ view_parse ] --END-- [ RunTime:0.011142s ]

[ 2015-11-04T23:52:13+08:00 ] 59.56.69.195 /
INFO: [ app_init ] --START--
INFO: Run Behavior\BuildLiteBehavior [ RunTime:0.000015s ]
INFO: [ app_init ] --END-- [ RunTime:0.000279s ]
INFO: [ app_begin ] --START--
INFO: Run Behavior\ReadHtmlCacheBehavior [ RunTime:0.000323s ]
INFO: [ app_begin ] --END-- [ RunTime:0.000379s ]
SQL: SHOW COLUMNS FROM `db_session` [ RunTime:0.0008s ]
SQL: SELECT COUNT(*) AS tp_count FROM `db_session` LIMIT 1   [ RunTime:0.0002s ]
SQL: SELECT COUNT(*) AS tp_count FROM `db_session` WHERE ( session_data != "" ) LIMIT 1   [ RunTime:0.0003s ]
NOTIC: [8] Undefined index: userinfo /data/A_A/Application/Home/Controller/BaseController.class.php 第 52 行.
SQL: SHOW COLUMNS FROM `db_artical` [ RunTime:0.0008s ]
SQL: SELECT a.id,a.u_id,a.title,a.img,a.sub_title,a.desc,a.tags,a.visitor,a.addtime,a.click,a.comment,u.nickname,u.realname,u.email,u.headimg FROM db_artical a LEFT JOIN db_user u ON u.id = a.u_id  ORDER BY a.addtime desc LIMIT 10   [ RunTime:0.0005s ]
INFO: [ view_parse ] --START--
INFO: [ template_filter ] --START--
INFO: Run Behavior\ContentReplaceBehavior [ RunTime:0.000093s ]
INFO: [ template_filter ] --END-- [ RunTime:0.000155s ]
NOTIC: [8] Undefined variable: userinfo /data/A_A/Application/Runtime/Cache/Home/2a94b8bda04ff446dcedd42276fc99ee.php 第 99 行.
INFO: Run Behavior\ParseTemplateBehavior [ RunTime:0.011007s ]
INFO: [ view_parse ] --END-- [ RunTime:0.011063s ]

