[ 2015-11-28T01:16:17+08:00 ] 59.56.69.195 /
INFO: [ app_init ] --START--
INFO: Run Behavior\BuildLiteBehavior [ RunTime:0.000019s ]
INFO: [ app_init ] --END-- [ RunTime:0.000277s ]
INFO: [ app_begin ] --START--
INFO: Run Behavior\ReadHtmlCacheBehavior [ RunTime:0.000407s ]
INFO: [ app_begin ] --END-- [ RunTime:0.000463s ]
SQL: SHOW COLUMNS FROM `db_session` [ RunTime:0.0009s ]
SQL: SELECT COUNT(*) AS tp_count FROM `db_session` LIMIT 1   [ RunTime:0.0002s ]
SQL: SELECT COUNT(*) AS tp_count FROM `db_session` WHERE ( session_data != "" ) LIMIT 1   [ RunTime:0.0003s ]
NOTIC: [8] Undefined index: userinfo /data/A_A/Application/Home/Controller/BaseController.class.php 第 52 行.
SQL: SHOW COLUMNS FROM `db_artical` [ RunTime:0.0009s ]
SQL: SELECT a.id,a.u_id,a.title,a.img,a.sub_title,a.desc,a.tags,a.visitor,a.addtime,a.click,a.comment,u.nickname,u.realname,u.email,u.headimg FROM db_artical a LEFT JOIN db_user u ON u.id = a.u_id  ORDER BY a.addtime desc LIMIT 10   [ RunTime:0.0006s ]
INFO: [ view_parse ] --START--
INFO: [ template_filter ] --START--
INFO: Run Behavior\ContentReplaceBehavior [ RunTime:0.000096s ]
INFO: [ template_filter ] --END-- [ RunTime:0.000157s ]
NOTIC: [8] Undefined variable: userinfo /data/A_A/Application/Runtime/Cache/Home/2a94b8bda04ff446dcedd42276fc99ee.php 第 99 行.
INFO: Run Behavior\ParseTemplateBehavior [ RunTime:0.011332s ]
INFO: [ view_parse ] --END-- [ RunTime:0.011389s ]

[ 2015-11-28T01:16:17+08:00 ] 59.56.69.195 /
INFO: [ app_init ] --START--
INFO: Run Behavior\BuildLiteBehavior [ RunTime:0.000015s ]
INFO: [ app_init ] --END-- [ RunTime:0.000261s ]
INFO: [ app_begin ] --START--
INFO: Run Behavior\ReadHtmlCacheBehavior [ RunTime:0.000324s ]
INFO: [ app_begin ] --END-- [ RunTime:0.000380s ]
SQL: SHOW COLUMNS FROM `db_session` [ RunTime:0.0008s ]
SQL: SELECT COUNT(*) AS tp_count FROM `db_session` LIMIT 1   [ RunTime:0.0002s ]
SQL: SELECT COUNT(*) AS tp_count FROM `db_session` WHERE ( session_data != "" ) LIMIT 1   [ RunTime:0.0002s ]
NOTIC: [8] Undefined index: userinfo /data/A_A/Application/Home/Controller/BaseController.class.php 第 52 行.
SQL: SHOW COLUMNS FROM `db_artical` [ RunTime:0.0008s ]
SQL: SELECT a.id,a.u_id,a.title,a.img,a.sub_title,a.desc,a.tags,a.visitor,a.addtime,a.click,a.comment,u.nickname,u.realname,u.email,u.headimg FROM db_artical a LEFT JOIN db_user u ON u.id = a.u_id  ORDER BY a.addtime desc LIMIT 10   [ RunTime:0.0006s ]
INFO: [ view_parse ] --START--
INFO: [ template_filter ] --START--
INFO: Run Behavior\ContentReplaceBehavior [ RunTime:0.000095s ]
INFO: [ template_filter ] --END-- [ RunTime:0.000156s ]
NOTIC: [8] Undefined variable: userinfo /data/A_A/Application/Runtime/Cache/Home/2a94b8bda04ff446dcedd42276fc99ee.php 第 99 行.
INFO: Run Behavior\ParseTemplateBehavior [ RunTime:0.010968s ]
INFO: [ view_parse ] --END-- [ RunTime:0.011022s ]

[ 2015-11-28T01:16:17+08:00 ] 59.56.69.195 /
INFO: [ app_init ] --START--
INFO: Run Behavior\BuildLiteBehavior [ RunTime:0.000022s ]
INFO: [ app_init ] --END-- [ RunTime:0.000342s ]
INFO: [ app_begin ] --START--
INFO: Run Behavior\ReadHtmlCacheBehavior [ RunTime:0.000386s ]
INFO: [ app_begin ] --END-- [ RunTime:0.000450s ]
SQL: SHOW COLUMNS FROM `db_session` [ RunTime:0.0010s ]
SQL: SELECT COUNT(*) AS tp_count FROM `db_session` LIMIT 1   [ RunTime:0.0003s ]
SQL: SELECT COUNT(*) AS tp_count FROM `db_session` WHERE ( session_data != "" ) LIMIT 1   [ RunTime:0.0003s ]
NOTIC: [8] Undefined index: userinfo /data/A_A/Application/Home/Controller/BaseController.class.php 第 52 行.
SQL: SHOW COLUMNS FROM `db_artical` [ RunTime:0.0010s ]
SQL: SELECT a.id,a.u_id,a.title,a.img,a.sub_title,a.desc,a.tags,a.visitor,a.addtime,a.click,a.comment,u.nickname,u.realname,u.email,u.headimg FROM db_artical a LEFT JOIN db_user u ON u.id = a.u_id  ORDER BY a.addtime desc LIMIT 10   [ RunTime:0.0006s ]
INFO: [ view_parse ] --START--
INFO: [ template_filter ] --START--
INFO: Run Behavior\ContentReplaceBehavior [ RunTime:0.000101s ]
INFO: [ template_filter ] --END-- [ RunTime:0.000166s ]
NOTIC: [8] Undefined variable: userinfo /data/A_A/Application/Runtime/Cache/Home/2a94b8bda04ff446dcedd42276fc99ee.php 第 99 行.
INFO: Run Behavior\ParseTemplateBehavior [ RunTime:0.012065s ]
INFO: [ view_parse ] --END-- [ RunTime:0.012125s ]

[ 2015-11-28T02:00:29+08:00 ] 141.212.122.112 proxytest.zmap.io:80
INFO: [ app_init ] --START--
INFO: Run Behavior\BuildLiteBehavior [ RunTime:0.000015s ]
INFO: [ app_init ] --END-- [ RunTime:0.000260s ]
INFO: [ app_begin ] --START--
INFO: Run Behavior\ReadHtmlCacheBehavior [ RunTime:0.000318s ]
INFO: [ app_begin ] --END-- [ RunTime:0.000375s ]
SQL: SHOW COLUMNS FROM `db_session` [ RunTime:0.0009s ]
SQL: SELECT COUNT(*) AS tp_count FROM `db_session` LIMIT 1   [ RunTime:0.0002s ]
SQL: SELECT COUNT(*) AS tp_count FROM `db_session` WHERE ( session_data != "" ) LIMIT 1   [ RunTime:0.0003s ]
NOTIC: [8] Undefined index: userinfo /data/A_A/Application/Home/Controller/BaseController.class.php 第 52 行.
SQL: SHOW COLUMNS FROM `db_artical` [ RunTime:0.0008s ]
SQL: SELECT a.id,a.u_id,a.title,a.img,a.sub_title,a.desc,a.tags,a.visitor,a.addtime,a.click,a.comment,u.nickname,u.realname,u.email,u.headimg FROM db_artical a LEFT JOIN db_user u ON u.id = a.u_id  ORDER BY a.addtime desc LIMIT 10   [ RunTime:0.0006s ]
INFO: [ view_parse ] --START--
INFO: [ template_filter ] --START--
INFO: Run Behavior\ContentReplaceBehavior [ RunTime:0.000118s ]
INFO: [ template_filter ] --END-- [ RunTime:0.000181s ]
NOTIC: [8] Undefined variable: userinfo /data/A_A/Application/Runtime/Cache/Home/2a94b8bda04ff446dcedd42276fc99ee.php 第 99 行.
INFO: Run Behavior\ParseTemplateBehavior [ RunTime:0.011305s ]
INFO: [ view_parse ] --END-- [ RunTime:0.011359s ]

[ 2015-11-28T02:58:49+08:00 ] 61.135.190.197 /
INFO: [ app_init ] --START--
INFO: Run Behavior\BuildLiteBehavior [ RunTime:0.000015s ]
INFO: [ app_init ] --END-- [ RunTime:0.000280s ]
INFO: [ app_begin ] --START--
INFO: Run Behavior\ReadHtmlCacheBehavior [ RunTime:0.000343s ]
INFO: [ app_begin ] --END-- [ RunTime:0.000398s ]
SQL: SHOW COLUMNS FROM `db_session` [ RunTime:0.0009s ]
SQL: SELECT COUNT(*) AS tp_count FROM `db_session` LIMIT 1   [ RunTime:0.0002s ]
SQL: SELECT COUNT(*) AS tp_count FROM `db_session` WHERE ( session_data != "" ) LIMIT 1   [ RunTime:0.0003s ]
NOTIC: [8] Undefined index: userinfo /data/A_A/Application/Home/Controller/BaseController.class.php 第 52 行.
SQL: SHOW COLUMNS FROM `db_artical` [ RunTime:0.0008s ]
SQL: SELECT a.id,a.u_id,a.title,a.img,a.sub_title,a.desc,a.tags,a.visitor,a.addtime,a.click,a.comment,u.nickname,u.realname,u.email,u.headimg FROM db_artical a LEFT JOIN db_user u ON u.id = a.u_id  ORDER BY a.addtime desc LIMIT 10   [ RunTime:0.0006s ]
INFO: [ view_parse ] --START--
INFO: [ template_filter ] --START--
INFO: Run Behavior\ContentReplaceBehavior [ RunTime:0.000102s ]
INFO: [ template_filter ] --END-- [ RunTime:0.000187s ]
NOTIC: [8] Undefined variable: userinfo /data/A_A/Application/Runtime/Cache/Home/2a94b8bda04ff446dcedd42276fc99ee.php 第 99 行.
INFO: Run Behavior\ParseTemplateBehavior [ RunTime:0.011751s ]
INFO: [ view_parse ] --END-- [ RunTime:0.011809s ]

[ 2015-11-28T03:04:19+08:00 ] 121.42.0.34 /
INFO: [ app_init ] --START--
INFO: Run Behavior\BuildLiteBehavior [ RunTime:0.000016s ]
INFO: [ app_init ] --END-- [ RunTime:0.000290s ]
INFO: [ app_begin ] --START--
INFO: Run Behavior\ReadHtmlCacheBehavior [ RunTime:0.000323s ]
INFO: [ app_begin ] --END-- [ RunTime:0.000377s ]
SQL: SHOW COLUMNS FROM `db_session` [ RunTime:0.0009s ]
SQL: SELECT COUNT(*) AS tp_count FROM `db_session` LIMIT 1   [ RunTime:0.0002s ]
SQL: SELECT COUNT(*) AS tp_count FROM `db_session` WHERE ( session_data != "" ) LIMIT 1   [ RunTime:0.0003s ]
NOTIC: [8] Undefined index: userinfo /data/A_A/Application/Home/Controller/BaseController.class.php 第 52 行.
SQL: SHOW COLUMNS FROM `db_artical` [ RunTime:0.0009s ]
SQL: SELECT a.id,a.u_id,a.title,a.img,a.sub_title,a.desc,a.tags,a.visitor,a.addtime,a.click,a.comment,u.nickname,u.realname,u.email,u.headimg FROM db_artical a LEFT JOIN db_user u ON u.id = a.u_id  ORDER BY a.addtime desc LIMIT 10   [ RunTime:0.0008s ]
INFO: [ view_parse ] --START--
INFO: [ template_filter ] --START--
INFO: Run Behavior\ContentReplaceBehavior [ RunTime:0.000097s ]
INFO: [ template_filter ] --END-- [ RunTime:0.000157s ]
NOTIC: [8] Undefined variable: userinfo /data/A_A/Application/Runtime/Cache/Home/2a94b8bda04ff446dcedd42276fc99ee.php 第 99 行.
INFO: Run Behavior\ParseTemplateBehavior [ RunTime:0.011297s ]
INFO: [ view_parse ] --END-- [ RunTime:0.011357s ]

[ 2015-11-28T03:27:42+08:00 ] 103.242.202.196 /
INFO: [ app_init ] --START--
INFO: Run Behavior\BuildLiteBehavior [ RunTime:0.000015s ]
INFO: [ app_init ] --END-- [ RunTime:0.000267s ]
INFO: [ app_begin ] --START--
INFO: Run Behavior\ReadHtmlCacheBehavior [ RunTime:0.000348s ]
INFO: [ app_begin ] --END-- [ RunTime:0.000407s ]
SQL: SHOW COLUMNS FROM `db_session` [ RunTime:0.0014s ]
SQL: SELECT COUNT(*) AS tp_count FROM `db_session` LIMIT 1   [ RunTime:0.0003s ]
SQL: SELECT COUNT(*) AS tp_count FROM `db_session` WHERE ( session_data != "" ) LIMIT 1   [ RunTime:0.0003s ]
NOTIC: [8] Undefined index: userinfo /data/A_A/Application/Home/Controller/BaseController.class.php 第 52 行.
SQL: SHOW COLUMNS FROM `db_artical` [ RunTime:0.0009s ]
SQL: SELECT a.id,a.u_id,a.title,a.img,a.sub_title,a.desc,a.tags,a.visitor,a.addtime,a.click,a.comment,u.nickname,u.realname,u.email,u.headimg FROM db_artical a LEFT JOIN db_user u ON u.id = a.u_id  ORDER BY a.addtime desc LIMIT 10   [ RunTime:0.0006s ]
INFO: [ view_parse ] --START--
INFO: [ template_filter ] --START--
INFO: Run Behavior\ContentReplaceBehavior [ RunTime:0.000092s ]
INFO: [ template_filter ] --END-- [ RunTime:0.000154s ]
NOTIC: [8] Undefined variable: userinfo /data/A_A/Application/Runtime/Cache/Home/2a94b8bda04ff446dcedd42276fc99ee.php 第 99 行.
INFO: Run Behavior\ParseTemplateBehavior [ RunTime:0.011503s ]
INFO: [ view_parse ] --END-- [ RunTime:0.011558s ]

[ 2015-11-28T03:53:06+08:00 ] 123.125.71.25 /robots.txt
INFO: [ app_init ] --START--
INFO: Run Behavior\BuildLiteBehavior [ RunTime:0.000015s ]
INFO: [ app_init ] --END-- [ RunTime:0.000265s ]
INFO: [ app_begin ] --START--
INFO: Run Behavior\ReadHtmlCacheBehavior [ RunTime:0.000331s ]
INFO: [ app_begin ] --END-- [ RunTime:0.000388s ]
ERR: 无法加载控制器:Robots.txt

[ 2015-11-28T03:54:31+08:00 ] 123.151.149.222 http://www.baidu.com/
INFO: [ app_init ] --START--
INFO: Run Behavior\BuildLiteBehavior [ RunTime:0.000016s ]
INFO: [ app_init ] --END-- [ RunTime:0.000281s ]
INFO: [ app_begin ] --START--
INFO: Run Behavior\ReadHtmlCacheBehavior [ RunTime:0.000331s ]
INFO: [ app_begin ] --END-- [ RunTime:0.000392s ]
SQL: SHOW COLUMNS FROM `db_session` [ RunTime:0.0010s ]
SQL: SELECT COUNT(*) AS tp_count FROM `db_session` LIMIT 1   [ RunTime:0.0002s ]
SQL: SELECT COUNT(*) AS tp_count FROM `db_session` WHERE ( session_data != "" ) LIMIT 1   [ RunTime:0.0003s ]
NOTIC: [8] Undefined index: userinfo /data/A_A/Application/Home/Controller/BaseController.class.php 第 52 行.
SQL: SHOW COLUMNS FROM `db_artical` [ RunTime:0.0009s ]
SQL: SELECT a.id,a.u_id,a.title,a.img,a.sub_title,a.desc,a.tags,a.visitor,a.addtime,a.click,a.comment,u.nickname,u.realname,u.email,u.headimg FROM db_artical a LEFT JOIN db_user u ON u.id = a.u_id  ORDER BY a.addtime desc LIMIT 10   [ RunTime:0.0007s ]
INFO: [ view_parse ] --START--
INFO: [ template_filter ] --START--
INFO: Run Behavior\ContentReplaceBehavior [ RunTime:0.000094s ]
INFO: [ template_filter ] --END-- [ RunTime:0.000166s ]
NOTIC: [8] Undefined variable: userinfo /data/A_A/Application/Runtime/Cache/Home/2a94b8bda04ff446dcedd42276fc99ee.php 第 99 行.
INFO: Run Behavior\ParseTemplateBehavior [ RunTime:0.012071s ]
INFO: [ view_parse ] --END-- [ RunTime:0.012130s ]

[ 2015-11-28T04:21:54+08:00 ] 103.242.202.196 /
INFO: [ app_init ] --START--
INFO: Run Behavior\BuildLiteBehavior [ RunTime:0.000021s ]
INFO: [ app_init ] --END-- [ RunTime:0.000381s ]
INFO: [ app_begin ] --START--
INFO: Run Behavior\ReadHtmlCacheBehavior [ RunTime:0.000422s ]
INFO: [ app_begin ] --END-- [ RunTime:0.000486s ]
SQL: SHOW COLUMNS FROM `db_session` [ RunTime:0.0011s ]
SQL: SELECT COUNT(*) AS tp_count FROM `db_session` LIMIT 1   [ RunTime:0.0002s ]
SQL: SELECT COUNT(*) AS tp_count FROM `db_session` WHERE ( session_data != "" ) LIMIT 1   [ RunTime:0.0003s ]
NOTIC: [8] Undefined index: userinfo /data/A_A/Application/Home/Controller/BaseController.class.php 第 52 行.
SQL: SHOW COLUMNS FROM `db_artical` [ RunTime:0.0009s ]
SQL: SELECT a.id,a.u_id,a.title,a.img,a.sub_title,a.desc,a.tags,a.visitor,a.addtime,a.click,a.comment,u.nickname,u.realname,u.email,u.headimg FROM db_artical a LEFT JOIN db_user u ON u.id = a.u_id  ORDER BY a.addtime desc LIMIT 10   [ RunTime:0.0006s ]
INFO: [ view_parse ] --START--
INFO: [ template_filter ] --START--
INFO: Run Behavior\ContentReplaceBehavior [ RunTime:0.000099s ]
INFO: [ template_filter ] --END-- [ RunTime:0.000164s ]
NOTIC: [8] Undefined variable: userinfo /data/A_A/Application/Runtime/Cache/Home/2a94b8bda04ff446dcedd42276fc99ee.php 第 99 行.
INFO: Run Behavior\ParseTemplateBehavior [ RunTime:0.012053s ]
INFO: [ view_parse ] --END-- [ RunTime:0.012121s ]

[ 2015-11-28T04:21:54+08:00 ] 103.242.202.196 /
INFO: [ app_init ] --START--
INFO: Run Behavior\BuildLiteBehavior [ RunTime:0.000014s ]
INFO: [ app_init ] --END-- [ RunTime:0.000278s ]
INFO: [ app_begin ] --START--
INFO: Run Behavior\ReadHtmlCacheBehavior [ RunTime:0.000326s ]
INFO: [ app_begin ] --END-- [ RunTime:0.000385s ]
SQL: SHOW COLUMNS FROM `db_session` [ RunTime:0.0009s ]
SQL: SELECT COUNT(*) AS tp_count FROM `db_session` LIMIT 1   [ RunTime:0.0002s ]
SQL: SELECT COUNT(*) AS tp_count FROM `db_session` WHERE ( session_data != "" ) LIMIT 1   [ RunTime:0.0003s ]
NOTIC: [8] Undefined index: userinfo /data/A_A/Application/Home/Controller/BaseController.class.php 第 52 行.
SQL: SHOW COLUMNS FROM `db_artical` [ RunTime:0.0009s ]
SQL: SELECT a.id,a.u_id,a.title,a.img,a.sub_title,a.desc,a.tags,a.visitor,a.addtime,a.click,a.comment,u.nickname,u.realname,u.email,u.headimg FROM db_artical a LEFT JOIN db_user u ON u.id = a.u_id  ORDER BY a.addtime desc LIMIT 10   [ RunTime:0.0007s ]
INFO: [ view_parse ] --START--
INFO: [ template_filter ] --START--
INFO: Run Behavior\ContentReplaceBehavior [ RunTime:0.000156s ]
INFO: [ template_filter ] --END-- [ RunTime:0.000221s ]
NOTIC: [8] Undefined variable: userinfo /data/A_A/Application/Runtime/Cache/Home/2a94b8bda04ff446dcedd42276fc99ee.php 第 99 行.
INFO: Run Behavior\ParseTemplateBehavior [ RunTime:0.011789s ]
INFO: [ view_parse ] --END-- [ RunTime:0.011845s ]

[ 2015-11-28T04:35:44+08:00 ] 121.40.71.196 http://www.haosou.com/?t=1448656543935
INFO: [ app_init ] --START--
INFO: Run Behavior\BuildLiteBehavior [ RunTime:0.000015s ]
INFO: [ app_init ] --END-- [ RunTime:0.000331s ]
INFO: [ app_begin ] --START--
INFO: Run Behavior\ReadHtmlCacheBehavior [ RunTime:0.000453s ]
INFO: [ app_begin ] --END-- [ RunTime:0.000517s ]
SQL: SHOW COLUMNS FROM `db_session` [ RunTime:0.0010s ]
SQL: SELECT COUNT(*) AS tp_count FROM `db_session` LIMIT 1   [ RunTime:0.0003s ]
SQL: SELECT COUNT(*) AS tp_count FROM `db_session` WHERE ( session_data != "" ) LIMIT 1   [ RunTime:0.0003s ]
NOTIC: [8] Undefined index: userinfo /data/A_A/Application/Home/Controller/BaseController.class.php 第 52 行.
SQL: SHOW COLUMNS FROM `db_artical` [ RunTime:0.0008s ]
SQL: SELECT a.id,a.u_id,a.title,a.img,a.sub_title,a.desc,a.tags,a.visitor,a.addtime,a.click,a.comment,u.nickname,u.realname,u.email,u.headimg FROM db_artical a LEFT JOIN db_user u ON u.id = a.u_id  ORDER BY a.addtime desc LIMIT 10   [ RunTime:0.0007s ]
INFO: [ view_parse ] --START--
INFO: [ template_filter ] --START--
INFO: Run Behavior\ContentReplaceBehavior [ RunTime:0.000108s ]
INFO: [ template_filter ] --END-- [ RunTime:0.000174s ]
NOTIC: [8] Undefined variable: userinfo /data/A_A/Application/Runtime/Cache/Home/2a94b8bda04ff446dcedd42276fc99ee.php 第 99 行.
INFO: Run Behavior\ParseTemplateBehavior [ RunTime:0.011882s ]
INFO: [ view_parse ] --END-- [ RunTime:0.011942s ]

[ 2015-11-28T05:16:54+08:00 ] 61.135.190.69 /
INFO: [ app_init ] --START--
INFO: Run Behavior\BuildLiteBehavior [ RunTime:0.000015s ]
INFO: [ app_init ] --END-- [ RunTime:0.000266s ]
INFO: [ app_begin ] --START--
INFO: Run Behavior\ReadHtmlCacheBehavior [ RunTime:0.000371s ]
INFO: [ app_begin ] --END-- [ RunTime:0.000429s ]
SQL: SHOW COLUMNS FROM `db_session` [ RunTime:0.0039s ]
SQL: SELECT COUNT(*) AS tp_count FROM `db_session` LIMIT 1   [ RunTime:0.0002s ]
SQL: SELECT COUNT(*) AS tp_count FROM `db_session` WHERE ( session_data != "" ) LIMIT 1   [ RunTime:0.0003s ]
NOTIC: [8] Undefined index: userinfo /data/A_A/Application/Home/Controller/BaseController.class.php 第 52 行.
SQL: SHOW COLUMNS FROM `db_artical` [ RunTime:0.0009s ]
SQL: SELECT a.id,a.u_id,a.title,a.img,a.sub_title,a.desc,a.tags,a.visitor,a.addtime,a.click,a.comment,u.nickname,u.realname,u.email,u.headimg FROM db_artical a LEFT JOIN db_user u ON u.id = a.u_id  ORDER BY a.addtime desc LIMIT 10   [ RunTime:0.0007s ]
INFO: [ view_parse ] --START--
INFO: [ template_filter ] --START--
INFO: Run Behavior\ContentReplaceBehavior [ RunTime:0.000089s ]
INFO: [ template_filter ] --END-- [ RunTime:0.000151s ]
NOTIC: [8] Undefined variable: userinfo /data/A_A/Application/Runtime/Cache/Home/2a94b8bda04ff446dcedd42276fc99ee.php 第 99 行.
INFO: Run Behavior\ParseTemplateBehavior [ RunTime:0.011698s ]
INFO: [ view_parse ] --END-- [ RunTime:0.011754s ]

[ 2015-11-28T05:18:42+08:00 ] 59.56.69.195 /
INFO: [ app_init ] --START--
INFO: Run Behavior\BuildLiteBehavior [ RunTime:0.000015s ]
INFO: [ app_init ] --END-- [ RunTime:0.000264s ]
INFO: [ app_begin ] --START--
INFO: Run Behavior\ReadHtmlCacheBehavior [ RunTime:0.000360s ]
INFO: [ app_begin ] --END-- [ RunTime:0.000418s ]
SQL: SHOW COLUMNS FROM `db_session` [ RunTime:0.0008s ]
SQL: SELECT COUNT(*) AS tp_count FROM `db_session` LIMIT 1   [ RunTime:0.0002s ]
SQL: SELECT COUNT(*) AS tp_count FROM `db_session` WHERE ( session_data != "" ) LIMIT 1   [ RunTime:0.0003s ]
NOTIC: [8] Undefined index: userinfo /data/A_A/Application/Home/Controller/BaseController.class.php 第 52 行.
SQL: SHOW COLUMNS FROM `db_artical` [ RunTime:0.0008s ]
SQL: SELECT a.id,a.u_id,a.title,a.img,a.sub_title,a.desc,a.tags,a.visitor,a.addtime,a.click,a.comment,u.nickname,u.realname,u.email,u.headimg FROM db_artical a LEFT JOIN db_user u ON u.id = a.u_id  ORDER BY a.addtime desc LIMIT 10   [ RunTime:0.0006s ]
INFO: [ view_parse ] --START--
INFO: [ template_filter ] --START--
INFO: Run Behavior\ContentReplaceBehavior [ RunTime:0.000094s ]
INFO: [ template_filter ] --END-- [ RunTime:0.000157s ]
NOTIC: [8] Undefined variable: userinfo /data/A_A/Application/Runtime/Cache/Home/2a94b8bda04ff446dcedd42276fc99ee.php 第 99 行.
INFO: Run Behavior\ParseTemplateBehavior [ RunTime:0.011298s ]
INFO: [ view_parse ] --END-- [ RunTime:0.011353s ]

[ 2015-11-28T06:53:05+08:00 ] 59.56.69.195 /
INFO: [ app_init ] --START--
INFO: Run Behavior\BuildLiteBehavior [ RunTime:0.000016s ]
INFO: [ app_init ] --END-- [ RunTime:0.000291s ]
INFO: [ app_begin ] --START--
INFO: Run Behavior\ReadHtmlCacheBehavior [ RunTime:0.000325s ]
INFO: [ app_begin ] --END-- [ RunTime:0.000379s ]
SQL: SHOW COLUMNS FROM `db_session` [ RunTime:0.0009s ]
SQL: SELECT COUNT(*) AS tp_count FROM `db_session` LIMIT 1   [ RunTime:0.0002s ]
SQL: SELECT COUNT(*) AS tp_count FROM `db_session` WHERE ( session_data != "" ) LIMIT 1   [ RunTime:0.0003s ]
NOTIC: [8] Undefined index: userinfo /data/A_A/Application/Home/Controller/BaseController.class.php 第 52 行.
SQL: SHOW COLUMNS FROM `db_artical` [ RunTime:0.0008s ]
SQL: SELECT a.id,a.u_id,a.title,a.img,a.sub_title,a.desc,a.tags,a.visitor,a.addtime,a.click,a.comment,u.nickname,u.realname,u.email,u.headimg FROM db_artical a LEFT JOIN db_user u ON u.id = a.u_id  ORDER BY a.addtime desc LIMIT 10   [ RunTime:0.0006s ]
INFO: [ view_parse ] --START--
INFO: [ template_filter ] --START--
INFO: Run Behavior\ContentReplaceBehavior [ RunTime:0.000104s ]
INFO: [ template_filter ] --END-- [ RunTime:0.000186s ]
NOTIC: [8] Undefined variable: userinfo /data/A_A/Application/Runtime/Cache/Home/2a94b8bda04ff446dcedd42276fc99ee.php 第 99 行.
INFO: Run Behavior\ParseTemplateBehavior [ RunTime:0.011478s ]
INFO: [ view_parse ] --END-- [ RunTime:0.011535s ]

[ 2015-11-28T09:26:38+08:00 ] 103.242.202.196 /
INFO: [ app_init ] --START--
INFO: Run Behavior\BuildLiteBehavior [ RunTime:0.000014s ]
INFO: [ app_init ] --END-- [ RunTime:0.000260s ]
INFO: [ app_begin ] --START--
INFO: Run Behavior\ReadHtmlCacheBehavior [ RunTime:0.000331s ]
INFO: [ app_begin ] --END-- [ RunTime:0.000389s ]
SQL: SHOW COLUMNS FROM `db_session` [ RunTime:0.0009s ]
SQL: SELECT COUNT(*) AS tp_count FROM `db_session` LIMIT 1   [ RunTime:0.0002s ]
SQL: SELECT COUNT(*) AS tp_count FROM `db_session` WHERE ( session_data != "" ) LIMIT 1   [ RunTime:0.0003s ]
NOTIC: [8] Undefined index: userinfo /data/A_A/Application/Home/Controller/BaseController.class.php 第 52 行.
SQL: SHOW COLUMNS FROM `db_artical` [ RunTime:0.0008s ]
SQL: SELECT a.id,a.u_id,a.title,a.img,a.sub_title,a.desc,a.tags,a.visitor,a.addtime,a.click,a.comment,u.nickname,u.realname,u.email,u.headimg FROM db_artical a LEFT JOIN db_user u ON u.id = a.u_id  ORDER BY a.addtime desc LIMIT 10   [ RunTime:0.0007s ]
INFO: [ view_parse ] --START--
INFO: [ template_filter ] --START--
INFO: Run Behavior\ContentReplaceBehavior [ RunTime:0.000093s ]
INFO: [ template_filter ] --END-- [ RunTime:0.000155s ]
NOTIC: [8] Undefined variable: userinfo /data/A_A/Application/Runtime/Cache/Home/2a94b8bda04ff446dcedd42276fc99ee.php 第 99 行.
INFO: Run Behavior\ParseTemplateBehavior [ RunTime:0.011341s ]
INFO: [ view_parse ] --END-- [ RunTime:0.011397s ]

[ 2015-11-28T09:50:00+08:00 ] 61.135.190.72 /
INFO: [ app_init ] --START--
INFO: Run Behavior\BuildLiteBehavior [ RunTime:0.000014s ]
INFO: [ app_init ] --END-- [ RunTime:0.000260s ]
INFO: [ app_begin ] --START--
INFO: Run Behavior\ReadHtmlCacheBehavior [ RunTime:0.000323s ]
INFO: [ app_begin ] --END-- [ RunTime:0.000380s ]
SQL: SHOW COLUMNS FROM `db_session` [ RunTime:0.0009s ]
SQL: SELECT COUNT(*) AS tp_count FROM `db_session` LIMIT 1   [ RunTime:0.0002s ]
SQL: SELECT COUNT(*) AS tp_count FROM `db_session` WHERE ( session_data != "" ) LIMIT 1   [ RunTime:0.0002s ]
NOTIC: [8] Undefined index: userinfo /data/A_A/Application/Home/Controller/BaseController.class.php 第 52 行.
SQL: SHOW COLUMNS FROM `db_artical` [ RunTime:0.0008s ]
SQL: SELECT a.id,a.u_id,a.title,a.img,a.sub_title,a.desc,a.tags,a.visitor,a.addtime,a.click,a.comment,u.nickname,u.realname,u.email,u.headimg FROM db_artical a LEFT JOIN db_user u ON u.id = a.u_id  ORDER BY a.addtime desc LIMIT 10   [ RunTime:0.0006s ]
INFO: [ view_parse ] --START--
INFO: [ template_filter ] --START--
INFO: Run Behavior\ContentReplaceBehavior [ RunTime:0.000090s ]
INFO: [ template_filter ] --END-- [ RunTime:0.000151s ]
NOTIC: [8] Undefined variable: userinfo /data/A_A/Application/Runtime/Cache/Home/2a94b8bda04ff446dcedd42276fc99ee.php 第 99 行.
INFO: Run Behavior\ParseTemplateBehavior [ RunTime:0.011266s ]
INFO: [ view_parse ] --END-- [ RunTime:0.011321s ]

[ 2015-11-28T10:17:34+08:00 ] 61.135.190.69 /
INFO: [ app_init ] --START--
INFO: Run Behavior\BuildLiteBehavior [ RunTime:0.000015s ]
INFO: [ app_init ] --END-- [ RunTime:0.000284s ]
INFO: [ app_begin ] --START--
INFO: Run Behavior\ReadHtmlCacheBehavior [ RunTime:0.000321s ]
INFO: [ app_begin ] --END-- [ RunTime:0.000377s ]
SQL: SHOW COLUMNS FROM `db_session` [ RunTime:0.0009s ]
SQL: SELECT COUNT(*) AS tp_count FROM `db_session` LIMIT 1   [ RunTime:0.0002s ]
SQL: SELECT COUNT(*) AS tp_count FROM `db_session` WHERE ( session_data != "" ) LIMIT 1   [ RunTime:0.0003s ]
NOTIC: [8] Undefined index: userinfo /data/A_A/Application/Home/Controller/BaseController.class.php 第 52 行.
SQL: SHOW COLUMNS FROM `db_artical` [ RunTime:0.0008s ]
SQL: SELECT a.id,a.u_id,a.title,a.img,a.sub_title,a.desc,a.tags,a.visitor,a.addtime,a.click,a.comment,u.nickname,u.realname,u.email,u.headimg FROM db_artical a LEFT JOIN db_user u ON u.id = a.u_id  ORDER BY a.addtime desc LIMIT 10   [ RunTime:0.0006s ]
INFO: [ view_parse ] --START--
INFO: [ template_filter ] --START--
INFO: Run Behavior\ContentReplaceBehavior [ RunTime:0.000126s ]
INFO: [ template_filter ] --END-- [ RunTime:0.000190s ]
NOTIC: [8] Undefined variable: userinfo /data/A_A/Application/Runtime/Cache/Home/2a94b8bda04ff446dcedd42276fc99ee.php 第 99 行.
INFO: Run Behavior\ParseTemplateBehavior [ RunTime:0.011303s ]
INFO: [ view_parse ] --END-- [ RunTime:0.011361s ]

[ 2015-11-28T10:53:35+08:00 ] 95.213.187.190 http://check.best-proxies.ru/azenv.php?auth=144867921593&a=PSCN&i=2032797741&p=80
INFO: [ app_init ] --START--
INFO: Run Behavior\BuildLiteBehavior [ RunTime:0.000017s ]
INFO: [ app_init ] --END-- [ RunTime:0.000276s ]
INFO: [ app_begin ] --START--
INFO: Run Behavior\ReadHtmlCacheBehavior [ RunTime:0.000343s ]
INFO: [ app_begin ] --END-- [ RunTime:0.000402s ]
ERR: 无法加载控制器:Azenv.php

[ 2015-11-28T13:52:33+08:00 ] 61.160.213.110 http://passport.tianya.cn/register/default.jsp?sourceURL=http%3A%2F%2Fbbs.tianya.cn%2F
INFO: [ app_init ] --START--
INFO: Run Behavior\BuildLiteBehavior [ RunTime:0.000035s ]
INFO: [ app_init ] --END-- [ RunTime:0.000287s ]
INFO: [ app_begin ] --START--
INFO: Run Behavior\ReadHtmlCacheBehavior [ RunTime:0.000327s ]
INFO: [ app_begin ] --END-- [ RunTime:0.000406s ]
ERR: 非法操作:default.jsp

[ 2015-11-28T15:12:09+08:00 ] 171.208.221.246 /
INFO: [ app_init ] --START--
INFO: Run Behavior\BuildLiteBehavior [ RunTime:0.000014s ]
INFO: [ app_init ] --END-- [ RunTime:0.000265s ]
INFO: [ app_begin ] --START--
INFO: Run Behavior\ReadHtmlCacheBehavior [ RunTime:0.000338s ]
INFO: [ app_begin ] --END-- [ RunTime:0.000397s ]
SQL: SHOW COLUMNS FROM `db_session` [ RunTime:0.0009s ]
SQL: SELECT COUNT(*) AS tp_count FROM `db_session` LIMIT 1   [ RunTime:0.0002s ]
SQL: SELECT COUNT(*) AS tp_count FROM `db_session` WHERE ( session_data != "" ) LIMIT 1   [ RunTime:0.0003s ]
NOTIC: [8] Undefined index: userinfo /data/A_A/Application/Home/Controller/BaseController.class.php 第 52 行.
SQL: SHOW COLUMNS FROM `db_artical` [ RunTime:0.0008s ]
SQL: SELECT a.id,a.u_id,a.title,a.img,a.sub_title,a.desc,a.tags,a.visitor,a.addtime,a.click,a.comment,u.nickname,u.realname,u.email,u.headimg FROM db_artical a LEFT JOIN db_user u ON u.id = a.u_id  ORDER BY a.addtime desc LIMIT 10   [ RunTime:0.0006s ]
INFO: [ view_parse ] --START--
INFO: [ template_filter ] --START--
INFO: Run Behavior\ContentReplaceBehavior [ RunTime:0.000098s ]
INFO: [ template_filter ] --END-- [ RunTime:0.000159s ]
NOTIC: [8] Undefined variable: userinfo /data/A_A/Application/Runtime/Cache/Home/2a94b8bda04ff446dcedd42276fc99ee.php 第 99 行.
INFO: Run Behavior\ParseTemplateBehavior [ RunTime:0.011214s ]
INFO: [ view_parse ] --END-- [ RunTime:0.011270s ]

[ 2015-11-28T15:16:36+08:00 ] 141.212.121.208 /
INFO: [ app_init ] --START--
INFO: Run Behavior\BuildLiteBehavior [ RunTime:0.000014s ]
INFO: [ app_init ] --END-- [ RunTime:0.000275s ]
INFO: [ app_begin ] --START--
INFO: Run Behavior\ReadHtmlCacheBehavior [ RunTime:0.000324s ]
INFO: [ app_begin ] --END-- [ RunTime:0.000379s ]
SQL: SHOW COLUMNS FROM `db_session` [ RunTime:0.0009s ]
SQL: SELECT COUNT(*) AS tp_count FROM `db_session` LIMIT 1   [ RunTime:0.0002s ]
SQL: SELECT COUNT(*) AS tp_count FROM `db_session` WHERE ( session_data != "" ) LIMIT 1   [ RunTime:0.0003s ]
NOTIC: [8] Undefined index: userinfo /data/A_A/Application/Home/Controller/BaseController.class.php 第 52 行.
SQL: SHOW COLUMNS FROM `db_artical` [ RunTime:0.0008s ]
SQL: SELECT a.id,a.u_id,a.title,a.img,a.sub_title,a.desc,a.tags,a.visitor,a.addtime,a.click,a.comment,u.nickname,u.realname,u.email,u.headimg FROM db_artical a LEFT JOIN db_user u ON u.id = a.u_id  ORDER BY a.addtime desc LIMIT 10   [ RunTime:0.0006s ]
INFO: [ view_parse ] --START--
INFO: [ template_filter ] --START--
INFO: Run Behavior\ContentReplaceBehavior [ RunTime:0.000091s ]
INFO: [ template_filter ] --END-- [ RunTime:0.000148s ]
NOTIC: [8] Undefined variable: userinfo /data/A_A/Application/Runtime/Cache/Home/2a94b8bda04ff446dcedd42276fc99ee.php 第 99 行.
INFO: Run Behavior\ParseTemplateBehavior [ RunTime:0.011326s ]
INFO: [ view_parse ] --END-- [ RunTime:0.011382s ]

[ 2015-11-28T15:41:23+08:00 ] 103.242.202.196 /
INFO: [ app_init ] --START--
INFO: Run Behavior\BuildLiteBehavior [ RunTime:0.000015s ]
INFO: [ app_init ] --END-- [ RunTime:0.000267s ]
INFO: [ app_begin ] --START--
INFO: Run Behavior\ReadHtmlCacheBehavior [ RunTime:0.000325s ]
INFO: [ app_begin ] --END-- [ RunTime:0.000382s ]
SQL: SHOW COLUMNS FROM `db_session` [ RunTime:0.0009s ]
SQL: SELECT COUNT(*) AS tp_count FROM `db_session` LIMIT 1   [ RunTime:0.0002s ]
SQL: SELECT COUNT(*) AS tp_count FROM `db_session` WHERE ( session_data != "" ) LIMIT 1   [ RunTime:0.0003s ]
NOTIC: [8] Undefined index: userinfo /data/A_A/Application/Home/Controller/BaseController.class.php 第 52 行.
SQL: SHOW COLUMNS FROM `db_artical` [ RunTime:0.0009s ]
SQL: SELECT a.id,a.u_id,a.title,a.img,a.sub_title,a.desc,a.tags,a.visitor,a.addtime,a.click,a.comment,u.nickname,u.realname,u.email,u.headimg FROM db_artical a LEFT JOIN db_user u ON u.id = a.u_id  ORDER BY a.addtime desc LIMIT 10   [ RunTime:0.0006s ]
INFO: [ view_parse ] --START--
INFO: [ template_filter ] --START--
INFO: Run Behavior\ContentReplaceBehavior [ RunTime:0.000120s ]
INFO: [ template_filter ] --END-- [ RunTime:0.000186s ]
NOTIC: [8] Undefined variable: userinfo /data/A_A/Application/Runtime/Cache/Home/2a94b8bda04ff446dcedd42276fc99ee.php 第 99 行.
INFO: Run Behavior\ParseTemplateBehavior [ RunTime:0.011212s ]
INFO: [ view_parse ] --END-- [ RunTime:0.011268s ]

[ 2015-11-28T15:54:17+08:00 ] 123.151.149.222 http://www.baidu.com/
INFO: [ app_init ] --START--
INFO: Run Behavior\BuildLiteBehavior [ RunTime:0.000016s ]
INFO: [ app_init ] --END-- [ RunTime:0.000326s ]
INFO: [ app_begin ] --START--
INFO: Run Behavior\ReadHtmlCacheBehavior [ RunTime:0.000348s ]
INFO: [ app_begin ] --END-- [ RunTime:0.000413s ]
SQL: SHOW COLUMNS FROM `db_session` [ RunTime:0.0009s ]
SQL: SELECT COUNT(*) AS tp_count FROM `db_session` LIMIT 1   [ RunTime:0.0002s ]
SQL: SELECT COUNT(*) AS tp_count FROM `db_session` WHERE ( session_data != "" ) LIMIT 1   [ RunTime:0.0003s ]
NOTIC: [8] Undefined index: userinfo /data/A_A/Application/Home/Controller/BaseController.class.php 第 52 行.
SQL: SHOW COLUMNS FROM `db_artical` [ RunTime:0.0009s ]
SQL: SELECT a.id,a.u_id,a.title,a.img,a.sub_title,a.desc,a.tags,a.visitor,a.addtime,a.click,a.comment,u.nickname,u.realname,u.email,u.headimg FROM db_artical a LEFT JOIN db_user u ON u.id = a.u_id  ORDER BY a.addtime desc LIMIT 10   [ RunTime:0.0006s ]
INFO: [ view_parse ] --START--
INFO: [ template_filter ] --START--
INFO: Run Behavior\ContentReplaceBehavior [ RunTime:0.000123s ]
INFO: [ template_filter ] --END-- [ RunTime:0.000220s ]
NOTIC: [8] Undefined variable: userinfo /data/A_A/Application/Runtime/Cache/Home/2a94b8bda04ff446dcedd42276fc99ee.php 第 99 行.
INFO: Run Behavior\ParseTemplateBehavior [ RunTime:0.011836s ]
INFO: [ view_parse ] --END-- [ RunTime:0.011893s ]

[ 2015-11-28T16:55:00+08:00 ] 111.20.248.74 /
INFO: [ app_init ] --START--
INFO: Run Behavior\BuildLiteBehavior [ RunTime:0.000015s ]
INFO: [ app_init ] --END-- [ RunTime:0.000268s ]
INFO: [ app_begin ] --START--
INFO: Run Behavior\ReadHtmlCacheBehavior [ RunTime:0.000366s ]
INFO: [ app_begin ] --END-- [ RunTime:0.000423s ]
SQL: SHOW COLUMNS FROM `db_session` [ RunTime:0.0009s ]
SQL: SELECT COUNT(*) AS tp_count FROM `db_session` LIMIT 1   [ RunTime:0.0003s ]
SQL: SELECT COUNT(*) AS tp_count FROM `db_session` WHERE ( session_data != "" ) LIMIT 1   [ RunTime:0.0003s ]
NOTIC: [8] Undefined index: userinfo /data/A_A/Application/Home/Controller/BaseController.class.php 第 52 行.
SQL: SHOW COLUMNS FROM `db_artical` [ RunTime:0.0008s ]
SQL: SELECT a.id,a.u_id,a.title,a.img,a.sub_title,a.desc,a.tags,a.visitor,a.addtime,a.click,a.comment,u.nickname,u.realname,u.email,u.headimg FROM db_artical a LEFT JOIN db_user u ON u.id = a.u_id  ORDER BY a.addtime desc LIMIT 10   [ RunTime:0.0007s ]
INFO: [ view_parse ] --START--
INFO: [ template_filter ] --START--
INFO: Run Behavior\ContentReplaceBehavior [ RunTime:0.000114s ]
INFO: [ template_filter ] --END-- [ RunTime:0.000196s ]
NOTIC: [8] Undefined variable: userinfo /data/A_A/Application/Runtime/Cache/Home/2a94b8bda04ff446dcedd42276fc99ee.php 第 99 行.
INFO: Run Behavior\ParseTemplateBehavior [ RunTime:0.012048s ]
INFO: [ view_parse ] --END-- [ RunTime:0.012120s ]

[ 2015-11-28T16:58:49+08:00 ] 61.160.213.110 http://passport.tianya.cn/register/default.jsp?sourceURL=http%3A%2F%2Fbbs.tianya.cn%2F
INFO: [ app_init ] --START--
INFO: Run Behavior\BuildLiteBehavior [ RunTime:0.000015s ]
INFO: [ app_init ] --END-- [ RunTime:0.000276s ]
INFO: [ app_begin ] --START--
INFO: Run Behavior\ReadHtmlCacheBehavior [ RunTime:0.000341s ]
INFO: [ app_begin ] --END-- [ RunTime:0.000397s ]
ERR: 非法操作:default.jsp

[ 2015-11-28T17:48:23+08:00 ] 61.135.190.198 /
INFO: [ app_init ] --START--
INFO: Run Behavior\BuildLiteBehavior [ RunTime:0.000015s ]
INFO: [ app_init ] --END-- [ RunTime:0.000286s ]
INFO: [ app_begin ] --START--
INFO: Run Behavior\ReadHtmlCacheBehavior [ RunTime:0.000334s ]
INFO: [ app_begin ] --END-- [ RunTime:0.000389s ]
SQL: SHOW COLUMNS FROM `db_session` [ RunTime:0.0009s ]
SQL: SELECT COUNT(*) AS tp_count FROM `db_session` LIMIT 1   [ RunTime:0.0002s ]
SQL: SELECT COUNT(*) AS tp_count FROM `db_session` WHERE ( session_data != "" ) LIMIT 1   [ RunTime:0.0003s ]
NOTIC: [8] Undefined index: userinfo /data/A_A/Application/Home/Controller/BaseController.class.php 第 52 行.
SQL: SHOW COLUMNS FROM `db_artical` [ RunTime:0.0008s ]
SQL: SELECT a.id,a.u_id,a.title,a.img,a.sub_title,a.desc,a.tags,a.visitor,a.addtime,a.click,a.comment,u.nickname,u.realname,u.email,u.headimg FROM db_artical a LEFT JOIN db_user u ON u.id = a.u_id  ORDER BY a.addtime desc LIMIT 10   [ RunTime:0.0006s ]
INFO: [ view_parse ] --START--
INFO: [ template_filter ] --START--
INFO: Run Behavior\ContentReplaceBehavior [ RunTime:0.000100s ]
INFO: [ template_filter ] --END-- [ RunTime:0.000163s ]
NOTIC: [8] Undefined variable: userinfo /data/A_A/Application/Runtime/Cache/Home/2a94b8bda04ff446dcedd42276fc99ee.php 第 99 行.
INFO: Run Behavior\ParseTemplateBehavior [ RunTime:0.011408s ]
INFO: [ view_parse ] --END-- [ RunTime:0.011462s ]

[ 2015-11-28T18:54:36+08:00 ] 59.56.69.195 /
INFO: [ app_init ] --START--
INFO: Run Behavior\BuildLiteBehavior [ RunTime:0.000015s ]
INFO: [ app_init ] --END-- [ RunTime:0.000274s ]
INFO: [ app_begin ] --START--
INFO: Run Behavior\ReadHtmlCacheBehavior [ RunTime:0.000328s ]
INFO: [ app_begin ] --END-- [ RunTime:0.000385s ]
SQL: SHOW COLUMNS FROM `db_session` [ RunTime:0.0010s ]
SQL: SELECT COUNT(*) AS tp_count FROM `db_session` LIMIT 1   [ RunTime:0.0003s ]
SQL: SELECT COUNT(*) AS tp_count FROM `db_session` WHERE ( session_data != "" ) LIMIT 1   [ RunTime:0.0003s ]
NOTIC: [8] Undefined index: userinfo /data/A_A/Application/Home/Controller/BaseController.class.php 第 52 行.
SQL: SHOW COLUMNS FROM `db_artical` [ RunTime:0.0009s ]
SQL: SELECT a.id,a.u_id,a.title,a.img,a.sub_title,a.desc,a.tags,a.visitor,a.addtime,a.click,a.comment,u.nickname,u.realname,u.email,u.headimg FROM db_artical a LEFT JOIN db_user u ON u.id = a.u_id  ORDER BY a.addtime desc LIMIT 10   [ RunTime:0.0007s ]
INFO: [ view_parse ] --START--
INFO: [ template_filter ] --START--
INFO: Run Behavior\ContentReplaceBehavior [ RunTime:0.000097s ]
INFO: [ template_filter ] --END-- [ RunTime:0.000159s ]
NOTIC: [8] Undefined variable: userinfo /data/A_A/Application/Runtime/Cache/Home/2a94b8bda04ff446dcedd42276fc99ee.php 第 99 行.
INFO: Run Behavior\ParseTemplateBehavior [ RunTime:0.011508s ]
INFO: [ view_parse ] --END-- [ RunTime:0.011604s ]

[ 2015-11-28T18:54:36+08:00 ] 59.56.69.195 /
INFO: [ app_init ] --START--
INFO: Run Behavior\BuildLiteBehavior [ RunTime:0.000016s ]
INFO: [ app_init ] --END-- [ RunTime:0.000268s ]
INFO: [ app_begin ] --START--
INFO: Run Behavior\ReadHtmlCacheBehavior [ RunTime:0.000329s ]
INFO: [ app_begin ] --END-- [ RunTime:0.000387s ]
SQL: SHOW COLUMNS FROM `db_session` [ RunTime:0.0009s ]
SQL: SELECT COUNT(*) AS tp_count FROM `db_session` LIMIT 1   [ RunTime:0.0002s ]
SQL: SELECT COUNT(*) AS tp_count FROM `db_session` WHERE ( session_data != "" ) LIMIT 1   [ RunTime:0.0002s ]
NOTIC: [8] Undefined index: userinfo /data/A_A/Application/Home/Controller/BaseController.class.php 第 52 行.
SQL: SHOW COLUMNS FROM `db_artical` [ RunTime:0.0008s ]
SQL: SELECT a.id,a.u_id,a.title,a.img,a.sub_title,a.desc,a.tags,a.visitor,a.addtime,a.click,a.comment,u.nickname,u.realname,u.email,u.headimg FROM db_artical a LEFT JOIN db_user u ON u.id = a.u_id  ORDER BY a.addtime desc LIMIT 10   [ RunTime:0.0005s ]
INFO: [ view_parse ] --START--
INFO: [ template_filter ] --START--
INFO: Run Behavior\ContentReplaceBehavior [ RunTime:0.000098s ]
INFO: [ template_filter ] --END-- [ RunTime:0.000168s ]
NOTIC: [8] Undefined variable: userinfo /data/A_A/Application/Runtime/Cache/Home/2a94b8bda04ff446dcedd42276fc99ee.php 第 99 行.
INFO: Run Behavior\ParseTemplateBehavior [ RunTime:0.011336s ]
INFO: [ view_parse ] --END-- [ RunTime:0.011399s ]

[ 2015-11-28T19:20:54+08:00 ] 61.135.190.69 /
INFO: [ app_init ] --START--
INFO: Run Behavior\BuildLiteBehavior [ RunTime:0.000020s ]
INFO: [ app_init ] --END-- [ RunTime:0.000406s ]
INFO: [ app_begin ] --START--
INFO: Run Behavior\ReadHtmlCacheBehavior [ RunTime:0.000357s ]
INFO: [ app_begin ] --END-- [ RunTime:0.000415s ]
SQL: SHOW COLUMNS FROM `db_session` [ RunTime:0.0009s ]
SQL: SELECT COUNT(*) AS tp_count FROM `db_session` LIMIT 1   [ RunTime:0.0003s ]
SQL: SELECT COUNT(*) AS tp_count FROM `db_session` WHERE ( session_data != "" ) LIMIT 1   [ RunTime:0.0003s ]
NOTIC: [8] Undefined index: userinfo /data/A_A/Application/Home/Controller/BaseController.class.php 第 52 行.
SQL: SHOW COLUMNS FROM `db_artical` [ RunTime:0.0009s ]
SQL: SELECT a.id,a.u_id,a.title,a.img,a.sub_title,a.desc,a.tags,a.visitor,a.addtime,a.click,a.comment,u.nickname,u.realname,u.email,u.headimg FROM db_artical a LEFT JOIN db_user u ON u.id = a.u_id  ORDER BY a.addtime desc LIMIT 10   [ RunTime:0.0007s ]
INFO: [ view_parse ] --START--
INFO: [ template_filter ] --START--
INFO: Run Behavior\ContentReplaceBehavior [ RunTime:0.000113s ]
INFO: [ template_filter ] --END-- [ RunTime:0.000192s ]
NOTIC: [8] Undefined variable: userinfo /data/A_A/Application/Runtime/Cache/Home/2a94b8bda04ff446dcedd42276fc99ee.php 第 99 行.
INFO: Run Behavior\ParseTemplateBehavior [ RunTime:0.012188s ]
INFO: [ view_parse ] --END-- [ RunTime:0.012247s ]

[ 2015-11-28T21:06:27+08:00 ] 118.98.104.21 /user/soapCaller.bs
INFO: [ app_init ] --START--
INFO: Run Behavior\BuildLiteBehavior [ RunTime:0.000015s ]
INFO: [ app_init ] --END-- [ RunTime:0.000264s ]
INFO: [ app_begin ] --START--
INFO: Run Behavior\ReadHtmlCacheBehavior [ RunTime:0.000327s ]
INFO: [ app_begin ] --END-- [ RunTime:0.000383s ]
SQL: SHOW COLUMNS FROM `db_session` [ RunTime:0.0009s ]
SQL: SELECT COUNT(*) AS tp_count FROM `db_session` LIMIT 1   [ RunTime:0.0003s ]
SQL: SELECT COUNT(*) AS tp_count FROM `db_session` WHERE ( session_data != "" ) LIMIT 1   [ RunTime:0.0003s ]
NOTIC: [8] Undefined index: userinfo /data/A_A/Application/Home/Controller/BaseController.class.php 第 52 行.
INFO: [ view_parse ] --START--
INFO: [ template_filter ] --START--
INFO: Run Behavior\ContentReplaceBehavior [ RunTime:0.000050s ]
INFO: [ template_filter ] --END-- [ RunTime:0.000119s ]
INFO: Run Behavior\ParseTemplateBehavior [ RunTime:0.020124s ]
INFO: [ view_parse ] --END-- [ RunTime:0.020208s ]

[ 2015-11-28T21:31:22+08:00 ] 103.242.202.196 /
INFO: [ app_init ] --START--
INFO: Run Behavior\BuildLiteBehavior [ RunTime:0.000015s ]
INFO: [ app_init ] --END-- [ RunTime:0.000321s ]
INFO: [ app_begin ] --START--
INFO: Run Behavior\ReadHtmlCacheBehavior [ RunTime:0.000339s ]
INFO: [ app_begin ] --END-- [ RunTime:0.000398s ]
SQL: SHOW COLUMNS FROM `db_session` [ RunTime:0.0009s ]
SQL: SELECT COUNT(*) AS tp_count FROM `db_session` LIMIT 1   [ RunTime:0.0002s ]
SQL: SELECT COUNT(*) AS tp_count FROM `db_session` WHERE ( session_data != "" ) LIMIT 1   [ RunTime:0.0002s ]
NOTIC: [8] Undefined index: userinfo /data/A_A/Application/Home/Controller/BaseController.class.php 第 52 行.
SQL: SHOW COLUMNS FROM `db_artical` [ RunTime:0.0009s ]
SQL: SELECT a.id,a.u_id,a.title,a.img,a.sub_title,a.desc,a.tags,a.visitor,a.addtime,a.click,a.comment,u.nickname,u.realname,u.email,u.headimg FROM db_artical a LEFT JOIN db_user u ON u.id = a.u_id  ORDER BY a.addtime desc LIMIT 10   [ RunTime:0.0007s ]
INFO: [ view_parse ] --START--
INFO: [ template_filter ] --START--
INFO: Run Behavior\ContentReplaceBehavior [ RunTime:0.000092s ]
INFO: [ template_filter ] --END-- [ RunTime:0.000154s ]
NOTIC: [8] Undefined variable: userinfo /data/A_A/Application/Runtime/Cache/Home/2a94b8bda04ff446dcedd42276fc99ee.php 第 99 行.
INFO: Run Behavior\ParseTemplateBehavior [ RunTime:0.011275s ]
INFO: [ view_parse ] --END-- [ RunTime:0.011333s ]

[ 2015-11-28T23:39:25+08:00 ] 124.205.103.186 /
INFO: [ app_init ] --START--
INFO: Run Behavior\BuildLiteBehavior [ RunTime:0.000015s ]
INFO: [ app_init ] --END-- [ RunTime:0.000287s ]
INFO: [ app_begin ] --START--
INFO: Run Behavior\ReadHtmlCacheBehavior [ RunTime:0.000323s ]
INFO: [ app_begin ] --END-- [ RunTime:0.000379s ]
SQL: SHOW COLUMNS FROM `db_session` [ RunTime:0.0010s ]
SQL: SELECT COUNT(*) AS tp_count FROM `db_session` LIMIT 1   [ RunTime:0.0002s ]
SQL: SELECT COUNT(*) AS tp_count FROM `db_session` WHERE ( session_data != "" ) LIMIT 1   [ RunTime:0.0003s ]
NOTIC: [8] Undefined index: userinfo /data/A_A/Application/Home/Controller/BaseController.class.php 第 52 行.
SQL: SHOW COLUMNS FROM `db_artical` [ RunTime:0.0008s ]
SQL: SELECT a.id,a.u_id,a.title,a.img,a.sub_title,a.desc,a.tags,a.visitor,a.addtime,a.click,a.comment,u.nickname,u.realname,u.email,u.headimg FROM db_artical a LEFT JOIN db_user u ON u.id = a.u_id  ORDER BY a.addtime desc LIMIT 10   [ RunTime:0.0006s ]
INFO: [ view_parse ] --START--
INFO: [ template_filter ] --START--
INFO: Run Behavior\ContentReplaceBehavior [ RunTime:0.000094s ]
INFO: [ template_filter ] --END-- [ RunTime:0.000160s ]
NOTIC: [8] Undefined variable: userinfo /data/A_A/Application/Runtime/Cache/Home/2a94b8bda04ff446dcedd42276fc99ee.php 第 99 行.
INFO: Run Behavior\ParseTemplateBehavior [ RunTime:0.011253s ]
INFO: [ view_parse ] --END-- [ RunTime:0.011308s ]

[ 2015-11-28T23:39:25+08:00 ] 124.205.103.186 /
INFO: [ app_init ] --START--
INFO: Run Behavior\BuildLiteBehavior [ RunTime:0.000017s ]
INFO: [ app_init ] --END-- [ RunTime:0.000269s ]
INFO: [ app_begin ] --START--
INFO: Run Behavior\ReadHtmlCacheBehavior [ RunTime:0.000336s ]
INFO: [ app_begin ] --END-- [ RunTime:0.000394s ]
SQL: SHOW COLUMNS FROM `db_session` [ RunTime:0.0009s ]
SQL: SELECT COUNT(*) AS tp_count FROM `db_session` LIMIT 1   [ RunTime:0.0002s ]
SQL: SELECT COUNT(*) AS tp_count FROM `db_session` WHERE ( session_data != "" ) LIMIT 1   [ RunTime:0.0003s ]
NOTIC: [8] Undefined index: userinfo /data/A_A/Application/Home/Controller/BaseController.class.php 第 52 行.
SQL: SHOW COLUMNS FROM `db_artical` [ RunTime:0.0008s ]
SQL: SELECT a.id,a.u_id,a.title,a.img,a.sub_title,a.desc,a.tags,a.visitor,a.addtime,a.click,a.comment,u.nickname,u.realname,u.email,u.headimg FROM db_artical a LEFT JOIN db_user u ON u.id = a.u_id  ORDER BY a.addtime desc LIMIT 10   [ RunTime:0.0005s ]
INFO: [ view_parse ] --START--
INFO: [ template_filter ] --START--
INFO: Run Behavior\ContentReplaceBehavior [ RunTime:0.000097s ]
INFO: [ template_filter ] --END-- [ RunTime:0.000172s ]
NOTIC: [8] Undefined variable: userinfo /data/A_A/Application/Runtime/Cache/Home/2a94b8bda04ff446dcedd42276fc99ee.php 第 99 行.
INFO: Run Behavior\ParseTemplateBehavior [ RunTime:0.012163s ]
INFO: [ view_parse ] --END-- [ RunTime:0.012222s ]

[ 2015-11-28T23:39:25+08:00 ] 124.205.103.186 //console/j_security_check
INFO: [ app_init ] --START--
INFO: Run Behavior\BuildLiteBehavior [ RunTime:0.000015s ]
INFO: [ app_init ] --END-- [ RunTime:0.000273s ]
INFO: [ app_begin ] --START--
INFO: Run Behavior\ReadHtmlCacheBehavior [ RunTime:0.000342s ]
INFO: [ app_begin ] --END-- [ RunTime:0.000398s ]
ERR: 无法加载控制器:Console

