[ 2015-10-23T00:07:43+08:00 ] 5.178.86.77 http://check.best-proxies.ru/azenv.php?auth=144553006303&a=PSCN&i=&p=
INFO: [ app_init ] --START--
INFO: Run Behavior\BuildLiteBehavior [ RunTime:0.000015s ]
INFO: [ app_init ] --END-- [ RunTime:0.000289s ]
INFO: [ app_begin ] --START--
INFO: Run Behavior\ReadHtmlCacheBehavior [ RunTime:0.000350s ]
INFO: [ app_begin ] --END-- [ RunTime:0.000408s ]
ERR: 无法加载控制器:Azenv.php

[ 2015-10-23T00:25:41+08:00 ] 61.135.190.200 /
INFO: [ app_init ] --START--
INFO: Run Behavior\BuildLiteBehavior [ RunTime:0.000015s ]
INFO: [ app_init ] --END-- [ RunTime:0.000294s ]
INFO: [ app_begin ] --START--
INFO: Run Behavior\ReadHtmlCacheBehavior [ RunTime:0.000366s ]
INFO: [ app_begin ] --END-- [ RunTime:0.000427s ]
SQL: SHOW COLUMNS FROM `db_session` [ RunTime:0.0009s ]
SQL: SELECT COUNT(*) AS tp_count FROM `db_session` LIMIT 1   [ RunTime:0.0002s ]
SQL: SELECT COUNT(*) AS tp_count FROM `db_session` WHERE ( session_data != "" ) LIMIT 1   [ RunTime:0.0003s ]
NOTIC: [8] Undefined index: userinfo /data/A_A/Application/Home/Controller/BaseController.class.php 第 52 行.
SQL: SHOW COLUMNS FROM `db_artical` [ RunTime:0.0009s ]
SQL: SELECT a.id,a.u_id,a.title,a.img,a.sub_title,a.desc,a.tags,a.visitor,a.addtime,a.click,a.comment,u.nickname,u.realname,u.email,u.headimg FROM db_artical a LEFT JOIN db_user u ON u.id = a.u_id  ORDER BY a.addtime desc LIMIT 10   [ RunTime:0.0007s ]
INFO: [ view_parse ] --START--
INFO: [ template_filter ] --START--
INFO: Run Behavior\ContentReplaceBehavior [ RunTime:0.000102s ]
INFO: [ template_filter ] --END-- [ RunTime:0.000182s ]
NOTIC: [8] Undefined variable: userinfo /data/A_A/Application/Runtime/Cache/Home/2a94b8bda04ff446dcedd42276fc99ee.php 第 99 行.
INFO: Run Behavior\ParseTemplateBehavior [ RunTime:0.012199s ]
INFO: [ view_parse ] --END-- [ RunTime:0.012259s ]

[ 2015-10-23T00:35:01+08:00 ] 23.251.41.6 http://www.sogou.com/index.html
INFO: [ app_init ] --START--
INFO: Run Behavior\BuildLiteBehavior [ RunTime:0.000015s ]
INFO: [ app_init ] --END-- [ RunTime:0.000295s ]
INFO: [ app_begin ] --START--
INFO: Run Behavior\ReadHtmlCacheBehavior [ RunTime:0.000394s ]
INFO: [ app_begin ] --END-- [ RunTime:0.000459s ]
SQL: SHOW COLUMNS FROM `db_session` [ RunTime:0.0008s ]
SQL: SELECT COUNT(*) AS tp_count FROM `db_session` LIMIT 1   [ RunTime:0.0002s ]
SQL: SELECT COUNT(*) AS tp_count FROM `db_session` WHERE ( session_data != "" ) LIMIT 1   [ RunTime:0.0003s ]
NOTIC: [8] Undefined index: userinfo /data/A_A/Application/Home/Controller/BaseController.class.php 第 52 行.
SQL: SHOW COLUMNS FROM `db_artical` [ RunTime:0.0008s ]
SQL: SELECT a.id,a.u_id,a.title,a.img,a.sub_title,a.desc,a.tags,a.visitor,a.addtime,a.click,a.comment,u.nickname,u.realname,u.email,u.headimg FROM db_artical a LEFT JOIN db_user u ON u.id = a.u_id  ORDER BY a.addtime desc LIMIT 10   [ RunTime:0.0006s ]
INFO: [ view_parse ] --START--
INFO: [ template_filter ] --START--
INFO: Run Behavior\ContentReplaceBehavior [ RunTime:0.000094s ]
INFO: [ template_filter ] --END-- [ RunTime:0.000154s ]
NOTIC: [8] Undefined variable: userinfo /data/A_A/Application/Runtime/Cache/Home/2a94b8bda04ff446dcedd42276fc99ee.php 第 99 行.
INFO: Run Behavior\ParseTemplateBehavior [ RunTime:0.011270s ]
INFO: [ view_parse ] --END-- [ RunTime:0.011332s ]

[ 2015-10-23T00:35:02+08:00 ] 23.251.41.6 www.paypal.com:443
INFO: [ app_init ] --START--
INFO: Run Behavior\BuildLiteBehavior [ RunTime:0.000015s ]
INFO: [ app_init ] --END-- [ RunTime:0.000293s ]
INFO: [ app_begin ] --START--
INFO: Run Behavior\ReadHtmlCacheBehavior [ RunTime:0.000399s ]
INFO: [ app_begin ] --END-- [ RunTime:0.000459s ]
SQL: SHOW COLUMNS FROM `db_session` [ RunTime:0.0009s ]
SQL: SELECT COUNT(*) AS tp_count FROM `db_session` LIMIT 1   [ RunTime:0.0002s ]
SQL: SELECT COUNT(*) AS tp_count FROM `db_session` WHERE ( session_data != "" ) LIMIT 1   [ RunTime:0.0003s ]
NOTIC: [8] Undefined index: userinfo /data/A_A/Application/Home/Controller/BaseController.class.php 第 52 行.
SQL: SHOW COLUMNS FROM `db_artical` [ RunTime:0.0009s ]
SQL: SELECT a.id,a.u_id,a.title,a.img,a.sub_title,a.desc,a.tags,a.visitor,a.addtime,a.click,a.comment,u.nickname,u.realname,u.email,u.headimg FROM db_artical a LEFT JOIN db_user u ON u.id = a.u_id  ORDER BY a.addtime desc LIMIT 10   [ RunTime:0.0006s ]
INFO: [ view_parse ] --START--
INFO: [ template_filter ] --START--
INFO: Run Behavior\ContentReplaceBehavior [ RunTime:0.000093s ]
INFO: [ template_filter ] --END-- [ RunTime:0.000157s ]
NOTIC: [8] Undefined variable: userinfo /data/A_A/Application/Runtime/Cache/Home/2a94b8bda04ff446dcedd42276fc99ee.php 第 99 行.
INFO: Run Behavior\ParseTemplateBehavior [ RunTime:0.011399s ]
INFO: [ view_parse ] --END-- [ RunTime:0.011487s ]

[ 2015-10-23T00:35:46+08:00 ] 23.251.41.6 http://www.sogou.com/index.html
INFO: [ app_init ] --START--
INFO: Run Behavior\BuildLiteBehavior [ RunTime:0.000019s ]
INFO: [ app_init ] --END-- [ RunTime:0.000322s ]
INFO: [ app_begin ] --START--
INFO: Run Behavior\ReadHtmlCacheBehavior [ RunTime:0.000329s ]
INFO: [ app_begin ] --END-- [ RunTime:0.000386s ]
SQL: SHOW COLUMNS FROM `db_session` [ RunTime:0.0009s ]
SQL: SELECT COUNT(*) AS tp_count FROM `db_session` LIMIT 1   [ RunTime:0.0002s ]
SQL: SELECT COUNT(*) AS tp_count FROM `db_session` WHERE ( session_data != "" ) LIMIT 1   [ RunTime:0.0003s ]
NOTIC: [8] Undefined index: userinfo /data/A_A/Application/Home/Controller/BaseController.class.php 第 52 行.
SQL: SHOW COLUMNS FROM `db_artical` [ RunTime:0.0009s ]
SQL: SELECT a.id,a.u_id,a.title,a.img,a.sub_title,a.desc,a.tags,a.visitor,a.addtime,a.click,a.comment,u.nickname,u.realname,u.email,u.headimg FROM db_artical a LEFT JOIN db_user u ON u.id = a.u_id  ORDER BY a.addtime desc LIMIT 10   [ RunTime:0.0006s ]
INFO: [ view_parse ] --START--
INFO: [ template_filter ] --START--
INFO: Run Behavior\ContentReplaceBehavior [ RunTime:0.000096s ]
INFO: [ template_filter ] --END-- [ RunTime:0.000159s ]
NOTIC: [8] Undefined variable: userinfo /data/A_A/Application/Runtime/Cache/Home/2a94b8bda04ff446dcedd42276fc99ee.php 第 99 行.
INFO: Run Behavior\ParseTemplateBehavior [ RunTime:0.012199s ]
INFO: [ view_parse ] --END-- [ RunTime:0.012271s ]

[ 2015-10-23T00:35:47+08:00 ] 23.251.41.6 www.paypal.com:443
INFO: [ app_init ] --START--
INFO: Run Behavior\BuildLiteBehavior [ RunTime:0.000015s ]
INFO: [ app_init ] --END-- [ RunTime:0.000316s ]
INFO: [ app_begin ] --START--
INFO: Run Behavior\ReadHtmlCacheBehavior [ RunTime:0.000341s ]
INFO: [ app_begin ] --END-- [ RunTime:0.000400s ]
SQL: SHOW COLUMNS FROM `db_session` [ RunTime:0.0009s ]
SQL: SELECT COUNT(*) AS tp_count FROM `db_session` LIMIT 1   [ RunTime:0.0002s ]
SQL: SELECT COUNT(*) AS tp_count FROM `db_session` WHERE ( session_data != "" ) LIMIT 1   [ RunTime:0.0003s ]
NOTIC: [8] Undefined index: userinfo /data/A_A/Application/Home/Controller/BaseController.class.php 第 52 行.
SQL: SHOW COLUMNS FROM `db_artical` [ RunTime:0.0009s ]
SQL: SELECT a.id,a.u_id,a.title,a.img,a.sub_title,a.desc,a.tags,a.visitor,a.addtime,a.click,a.comment,u.nickname,u.realname,u.email,u.headimg FROM db_artical a LEFT JOIN db_user u ON u.id = a.u_id  ORDER BY a.addtime desc LIMIT 10   [ RunTime:0.0006s ]
INFO: [ view_parse ] --START--
INFO: [ template_filter ] --START--
INFO: Run Behavior\ContentReplaceBehavior [ RunTime:0.000099s ]
INFO: [ template_filter ] --END-- [ RunTime:0.000163s ]
NOTIC: [8] Undefined variable: userinfo /data/A_A/Application/Runtime/Cache/Home/2a94b8bda04ff446dcedd42276fc99ee.php 第 99 行.
INFO: Run Behavior\ParseTemplateBehavior [ RunTime:0.011619s ]
INFO: [ view_parse ] --END-- [ RunTime:0.011679s ]

[ 2015-10-23T02:01:57+08:00 ] 59.56.69.195 /
INFO: [ app_init ] --START--
INFO: Run Behavior\BuildLiteBehavior [ RunTime:0.000015s ]
INFO: [ app_init ] --END-- [ RunTime:0.000270s ]
INFO: [ app_begin ] --START--
INFO: Run Behavior\ReadHtmlCacheBehavior [ RunTime:0.000348s ]
INFO: [ app_begin ] --END-- [ RunTime:0.000405s ]
SQL: SHOW COLUMNS FROM `db_session` [ RunTime:0.0009s ]
SQL: SELECT COUNT(*) AS tp_count FROM `db_session` LIMIT 1   [ RunTime:0.0002s ]
SQL: SELECT COUNT(*) AS tp_count FROM `db_session` WHERE ( session_data != "" ) LIMIT 1   [ RunTime:0.0003s ]
NOTIC: [8] Undefined index: userinfo /data/A_A/Application/Home/Controller/BaseController.class.php 第 52 行.
SQL: SHOW COLUMNS FROM `db_artical` [ RunTime:0.0012s ]
SQL: SELECT a.id,a.u_id,a.title,a.img,a.sub_title,a.desc,a.tags,a.visitor,a.addtime,a.click,a.comment,u.nickname,u.realname,u.email,u.headimg FROM db_artical a LEFT JOIN db_user u ON u.id = a.u_id  ORDER BY a.addtime desc LIMIT 10   [ RunTime:0.0006s ]
INFO: [ view_parse ] --START--
INFO: [ template_filter ] --START--
INFO: Run Behavior\ContentReplaceBehavior [ RunTime:0.000104s ]
INFO: [ template_filter ] --END-- [ RunTime:0.000210s ]
NOTIC: [8] Undefined variable: userinfo /data/A_A/Application/Runtime/Cache/Home/2a94b8bda04ff446dcedd42276fc99ee.php 第 99 行.
INFO: Run Behavior\ParseTemplateBehavior [ RunTime:0.011341s ]
INFO: [ view_parse ] --END-- [ RunTime:0.011397s ]

[ 2015-10-23T02:24:00+08:00 ] 183.60.48.25 http://www.baidu.com/
INFO: [ app_init ] --START--
INFO: Run Behavior\BuildLiteBehavior [ RunTime:0.000017s ]
INFO: [ app_init ] --END-- [ RunTime:0.000300s ]
INFO: [ app_begin ] --START--
INFO: Run Behavior\ReadHtmlCacheBehavior [ RunTime:0.000343s ]
INFO: [ app_begin ] --END-- [ RunTime:0.000400s ]
SQL: SHOW COLUMNS FROM `db_session` [ RunTime:0.0009s ]
SQL: SELECT COUNT(*) AS tp_count FROM `db_session` LIMIT 1   [ RunTime:0.0002s ]
SQL: SELECT COUNT(*) AS tp_count FROM `db_session` WHERE ( session_data != "" ) LIMIT 1   [ RunTime:0.0002s ]
NOTIC: [8] Undefined index: userinfo /data/A_A/Application/Home/Controller/BaseController.class.php 第 52 行.
SQL: SHOW COLUMNS FROM `db_artical` [ RunTime:0.0008s ]
SQL: SELECT a.id,a.u_id,a.title,a.img,a.sub_title,a.desc,a.tags,a.visitor,a.addtime,a.click,a.comment,u.nickname,u.realname,u.email,u.headimg FROM db_artical a LEFT JOIN db_user u ON u.id = a.u_id  ORDER BY a.addtime desc LIMIT 10   [ RunTime:0.0006s ]
INFO: [ view_parse ] --START--
INFO: [ template_filter ] --START--
INFO: Run Behavior\ContentReplaceBehavior [ RunTime:0.000098s ]
INFO: [ template_filter ] --END-- [ RunTime:0.000166s ]
NOTIC: [8] Undefined variable: userinfo /data/A_A/Application/Runtime/Cache/Home/2a94b8bda04ff446dcedd42276fc99ee.php 第 99 行.
INFO: Run Behavior\ParseTemplateBehavior [ RunTime:0.011472s ]
INFO: [ view_parse ] --END-- [ RunTime:0.011528s ]

[ 2015-10-23T02:44:41+08:00 ] 111.20.248.74 /
INFO: [ app_init ] --START--
INFO: Run Behavior\BuildLiteBehavior [ RunTime:0.000022s ]
INFO: [ app_init ] --END-- [ RunTime:0.000307s ]
INFO: [ app_begin ] --START--
INFO: Run Behavior\ReadHtmlCacheBehavior [ RunTime:0.000345s ]
INFO: [ app_begin ] --END-- [ RunTime:0.000401s ]
SQL: SHOW COLUMNS FROM `db_session` [ RunTime:0.0009s ]
SQL: SELECT COUNT(*) AS tp_count FROM `db_session` LIMIT 1   [ RunTime:0.0002s ]
SQL: SELECT COUNT(*) AS tp_count FROM `db_session` WHERE ( session_data != "" ) LIMIT 1   [ RunTime:0.0003s ]
NOTIC: [8] Undefined index: userinfo /data/A_A/Application/Home/Controller/BaseController.class.php 第 52 行.
SQL: SHOW COLUMNS FROM `db_artical` [ RunTime:0.0009s ]
SQL: SELECT a.id,a.u_id,a.title,a.img,a.sub_title,a.desc,a.tags,a.visitor,a.addtime,a.click,a.comment,u.nickname,u.realname,u.email,u.headimg FROM db_artical a LEFT JOIN db_user u ON u.id = a.u_id  ORDER BY a.addtime desc LIMIT 10   [ RunTime:0.0006s ]
INFO: [ view_parse ] --START--
INFO: [ template_filter ] --START--
INFO: Run Behavior\ContentReplaceBehavior [ RunTime:0.000093s ]
INFO: [ template_filter ] --END-- [ RunTime:0.000153s ]
NOTIC: [8] Undefined variable: userinfo /data/A_A/Application/Runtime/Cache/Home/2a94b8bda04ff446dcedd42276fc99ee.php 第 99 行.
INFO: Run Behavior\ParseTemplateBehavior [ RunTime:0.011666s ]
INFO: [ view_parse ] --END-- [ RunTime:0.011724s ]

[ 2015-10-23T04:39:46+08:00 ] 95.213.187.186 http://check.best-proxies.ru/azenv.php?auth=144554638659&a=PSCN&i=&p=
INFO: [ app_init ] --START--
INFO: Run Behavior\BuildLiteBehavior [ RunTime:0.000015s ]
INFO: [ app_init ] --END-- [ RunTime:0.000269s ]
INFO: [ app_begin ] --START--
INFO: Run Behavior\ReadHtmlCacheBehavior [ RunTime:0.000323s ]
INFO: [ app_begin ] --END-- [ RunTime:0.000380s ]
ERR: 无法加载控制器:Azenv.php

[ 2015-10-23T06:01:45+08:00 ] 61.135.190.72 /
INFO: [ app_init ] --START--
INFO: Run Behavior\BuildLiteBehavior [ RunTime:0.000015s ]
INFO: [ app_init ] --END-- [ RunTime:0.000319s ]
INFO: [ app_begin ] --START--
INFO: Run Behavior\ReadHtmlCacheBehavior [ RunTime:0.000391s ]
INFO: [ app_begin ] --END-- [ RunTime:0.000451s ]
SQL: SHOW COLUMNS FROM `db_session` [ RunTime:0.0010s ]
SQL: SELECT COUNT(*) AS tp_count FROM `db_session` LIMIT 1   [ RunTime:0.0003s ]
SQL: SELECT COUNT(*) AS tp_count FROM `db_session` WHERE ( session_data != "" ) LIMIT 1   [ RunTime:0.0003s ]
NOTIC: [8] Undefined index: userinfo /data/A_A/Application/Home/Controller/BaseController.class.php 第 52 行.
SQL: SHOW COLUMNS FROM `db_artical` [ RunTime:0.0013s ]
SQL: SELECT a.id,a.u_id,a.title,a.img,a.sub_title,a.desc,a.tags,a.visitor,a.addtime,a.click,a.comment,u.nickname,u.realname,u.email,u.headimg FROM db_artical a LEFT JOIN db_user u ON u.id = a.u_id  ORDER BY a.addtime desc LIMIT 10   [ RunTime:0.0007s ]
INFO: [ view_parse ] --START--
INFO: [ template_filter ] --START--
INFO: Run Behavior\ContentReplaceBehavior [ RunTime:0.000134s ]
INFO: [ template_filter ] --END-- [ RunTime:0.000216s ]
NOTIC: [8] Undefined variable: userinfo /data/A_A/Application/Runtime/Cache/Home/2a94b8bda04ff446dcedd42276fc99ee.php 第 99 行.
INFO: Run Behavior\ParseTemplateBehavior [ RunTime:0.012051s ]
INFO: [ view_parse ] --END-- [ RunTime:0.012113s ]

[ 2015-10-23T06:13:20+08:00 ] 121.42.26.218 www.google.co.uk:443
INFO: [ app_init ] --START--
INFO: Run Behavior\BuildLiteBehavior [ RunTime:0.000014s ]
INFO: [ app_init ] --END-- [ RunTime:0.000269s ]
INFO: [ app_begin ] --START--
INFO: Run Behavior\ReadHtmlCacheBehavior [ RunTime:0.000325s ]
INFO: [ app_begin ] --END-- [ RunTime:0.000383s ]
SQL: SHOW COLUMNS FROM `db_session` [ RunTime:0.0009s ]
SQL: SELECT COUNT(*) AS tp_count FROM `db_session` LIMIT 1   [ RunTime:0.0003s ]
SQL: SELECT COUNT(*) AS tp_count FROM `db_session` WHERE ( session_data != "" ) LIMIT 1   [ RunTime:0.0003s ]
NOTIC: [8] Undefined index: userinfo /data/A_A/Application/Home/Controller/BaseController.class.php 第 52 行.
SQL: SHOW COLUMNS FROM `db_artical` [ RunTime:0.0009s ]
SQL: SELECT a.id,a.u_id,a.title,a.img,a.sub_title,a.desc,a.tags,a.visitor,a.addtime,a.click,a.comment,u.nickname,u.realname,u.email,u.headimg FROM db_artical a LEFT JOIN db_user u ON u.id = a.u_id  ORDER BY a.addtime desc LIMIT 10   [ RunTime:0.0006s ]
INFO: [ view_parse ] --START--
INFO: [ template_filter ] --START--
INFO: Run Behavior\ContentReplaceBehavior [ RunTime:0.000095s ]
INFO: [ template_filter ] --END-- [ RunTime:0.000160s ]
NOTIC: [8] Undefined variable: userinfo /data/A_A/Application/Runtime/Cache/Home/2a94b8bda04ff446dcedd42276fc99ee.php 第 99 行.
INFO: Run Behavior\ParseTemplateBehavior [ RunTime:0.011898s ]
INFO: [ view_parse ] --END-- [ RunTime:0.011954s ]

[ 2015-10-23T06:13:20+08:00 ] 121.42.26.218 www.google.co.uk:443
INFO: [ app_init ] --START--
INFO: Run Behavior\BuildLiteBehavior [ RunTime:0.000016s ]
INFO: [ app_init ] --END-- [ RunTime:0.000296s ]
INFO: [ app_begin ] --START--
INFO: Run Behavior\ReadHtmlCacheBehavior [ RunTime:0.000319s ]
INFO: [ app_begin ] --END-- [ RunTime:0.000376s ]
SQL: SHOW COLUMNS FROM `db_session` [ RunTime:0.0009s ]
SQL: SELECT COUNT(*) AS tp_count FROM `db_session` LIMIT 1   [ RunTime:0.0002s ]
SQL: SELECT COUNT(*) AS tp_count FROM `db_session` WHERE ( session_data != "" ) LIMIT 1   [ RunTime:0.0003s ]
NOTIC: [8] Undefined index: userinfo /data/A_A/Application/Home/Controller/BaseController.class.php 第 52 行.
SQL: SHOW COLUMNS FROM `db_artical` [ RunTime:0.0009s ]
SQL: SELECT a.id,a.u_id,a.title,a.img,a.sub_title,a.desc,a.tags,a.visitor,a.addtime,a.click,a.comment,u.nickname,u.realname,u.email,u.headimg FROM db_artical a LEFT JOIN db_user u ON u.id = a.u_id  ORDER BY a.addtime desc LIMIT 10   [ RunTime:0.0005s ]
INFO: [ view_parse ] --START--
INFO: [ template_filter ] --START--
INFO: Run Behavior\ContentReplaceBehavior [ RunTime:0.000138s ]
INFO: [ template_filter ] --END-- [ RunTime:0.000206s ]
NOTIC: [8] Undefined variable: userinfo /data/A_A/Application/Runtime/Cache/Home/2a94b8bda04ff446dcedd42276fc99ee.php 第 99 行.
INFO: Run Behavior\ParseTemplateBehavior [ RunTime:0.012141s ]
INFO: [ view_parse ] --END-- [ RunTime:0.012197s ]

[ 2015-10-23T07:01:00+08:00 ] 59.56.69.195 /
INFO: [ app_init ] --START--
INFO: Run Behavior\BuildLiteBehavior [ RunTime:0.000015s ]
INFO: [ app_init ] --END-- [ RunTime:0.000271s ]
INFO: [ app_begin ] --START--
INFO: Run Behavior\ReadHtmlCacheBehavior [ RunTime:0.000344s ]
INFO: [ app_begin ] --END-- [ RunTime:0.000400s ]
SQL: SHOW COLUMNS FROM `db_session` [ RunTime:0.0010s ]
SQL: SELECT COUNT(*) AS tp_count FROM `db_session` LIMIT 1   [ RunTime:0.0002s ]
SQL: SELECT COUNT(*) AS tp_count FROM `db_session` WHERE ( session_data != "" ) LIMIT 1   [ RunTime:0.0003s ]
NOTIC: [8] Undefined index: userinfo /data/A_A/Application/Home/Controller/BaseController.class.php 第 52 行.
SQL: SHOW COLUMNS FROM `db_artical` [ RunTime:0.0009s ]
SQL: SELECT a.id,a.u_id,a.title,a.img,a.sub_title,a.desc,a.tags,a.visitor,a.addtime,a.click,a.comment,u.nickname,u.realname,u.email,u.headimg FROM db_artical a LEFT JOIN db_user u ON u.id = a.u_id  ORDER BY a.addtime desc LIMIT 10   [ RunTime:0.0006s ]
INFO: [ view_parse ] --START--
INFO: [ template_filter ] --START--
INFO: Run Behavior\ContentReplaceBehavior [ RunTime:0.000116s ]
INFO: [ template_filter ] --END-- [ RunTime:0.000215s ]
NOTIC: [8] Undefined variable: userinfo /data/A_A/Application/Runtime/Cache/Home/2a94b8bda04ff446dcedd42276fc99ee.php 第 99 行.
INFO: Run Behavior\ParseTemplateBehavior [ RunTime:0.011596s ]
INFO: [ view_parse ] --END-- [ RunTime:0.011653s ]

[ 2015-10-23T07:01:00+08:00 ] 59.56.69.195 /
INFO: [ app_init ] --START--
INFO: Run Behavior\BuildLiteBehavior [ RunTime:0.000016s ]
INFO: [ app_init ] --END-- [ RunTime:0.000272s ]
INFO: [ app_begin ] --START--
INFO: Run Behavior\ReadHtmlCacheBehavior [ RunTime:0.000508s ]
INFO: [ app_begin ] --END-- [ RunTime:0.000583s ]
SQL: SHOW COLUMNS FROM `db_session` [ RunTime:0.0010s ]
SQL: SELECT COUNT(*) AS tp_count FROM `db_session` LIMIT 1   [ RunTime:0.0002s ]
SQL: SELECT COUNT(*) AS tp_count FROM `db_session` WHERE ( session_data != "" ) LIMIT 1   [ RunTime:0.0003s ]
NOTIC: [8] Undefined index: userinfo /data/A_A/Application/Home/Controller/BaseController.class.php 第 52 行.
SQL: SHOW COLUMNS FROM `db_artical` [ RunTime:0.0009s ]
SQL: SELECT a.id,a.u_id,a.title,a.img,a.sub_title,a.desc,a.tags,a.visitor,a.addtime,a.click,a.comment,u.nickname,u.realname,u.email,u.headimg FROM db_artical a LEFT JOIN db_user u ON u.id = a.u_id  ORDER BY a.addtime desc LIMIT 10   [ RunTime:0.0005s ]
INFO: [ view_parse ] --START--
INFO: [ template_filter ] --START--
INFO: Run Behavior\ContentReplaceBehavior [ RunTime:0.000094s ]
INFO: [ template_filter ] --END-- [ RunTime:0.000152s ]
NOTIC: [8] Undefined variable: userinfo /data/A_A/Application/Runtime/Cache/Home/2a94b8bda04ff446dcedd42276fc99ee.php 第 99 行.
INFO: Run Behavior\ParseTemplateBehavior [ RunTime:0.011029s ]
INFO: [ view_parse ] --END-- [ RunTime:0.011087s ]

[ 2015-10-23T08:40:33+08:00 ] 111.20.248.74 /
INFO: [ app_init ] --START--
INFO: Run Behavior\BuildLiteBehavior [ RunTime:0.000017s ]
INFO: [ app_init ] --END-- [ RunTime:0.000304s ]
INFO: [ app_begin ] --START--
INFO: Run Behavior\ReadHtmlCacheBehavior [ RunTime:0.000375s ]
INFO: [ app_begin ] --END-- [ RunTime:0.000440s ]
SQL: SHOW COLUMNS FROM `db_session` [ RunTime:0.0009s ]
SQL: SELECT COUNT(*) AS tp_count FROM `db_session` LIMIT 1   [ RunTime:0.0002s ]
SQL: SELECT COUNT(*) AS tp_count FROM `db_session` WHERE ( session_data != "" ) LIMIT 1   [ RunTime:0.0003s ]
NOTIC: [8] Undefined index: userinfo /data/A_A/Application/Home/Controller/BaseController.class.php 第 52 行.
SQL: SHOW COLUMNS FROM `db_artical` [ RunTime:0.0009s ]
SQL: SELECT a.id,a.u_id,a.title,a.img,a.sub_title,a.desc,a.tags,a.visitor,a.addtime,a.click,a.comment,u.nickname,u.realname,u.email,u.headimg FROM db_artical a LEFT JOIN db_user u ON u.id = a.u_id  ORDER BY a.addtime desc LIMIT 10   [ RunTime:0.0006s ]
INFO: [ view_parse ] --START--
INFO: [ template_filter ] --START--
INFO: Run Behavior\ContentReplaceBehavior [ RunTime:0.000102s ]
INFO: [ template_filter ] --END-- [ RunTime:0.000177s ]
NOTIC: [8] Undefined variable: userinfo /data/A_A/Application/Runtime/Cache/Home/2a94b8bda04ff446dcedd42276fc99ee.php 第 99 行.
INFO: Run Behavior\ParseTemplateBehavior [ RunTime:0.011776s ]
INFO: [ view_parse ] --END-- [ RunTime:0.011840s ]

[ 2015-10-23T08:40:33+08:00 ] 111.20.248.74 /
INFO: [ app_init ] --START--
INFO: Run Behavior\BuildLiteBehavior [ RunTime:0.000016s ]
INFO: [ app_init ] --END-- [ RunTime:0.000294s ]
INFO: [ app_begin ] --START--
INFO: Run Behavior\ReadHtmlCacheBehavior [ RunTime:0.000327s ]
INFO: [ app_begin ] --END-- [ RunTime:0.000383s ]
SQL: SHOW COLUMNS FROM `db_session` [ RunTime:0.0010s ]
SQL: SELECT COUNT(*) AS tp_count FROM `db_session` LIMIT 1   [ RunTime:0.0002s ]
SQL: SELECT COUNT(*) AS tp_count FROM `db_session` WHERE ( session_data != "" ) LIMIT 1   [ RunTime:0.0003s ]
NOTIC: [8] Undefined index: userinfo /data/A_A/Application/Home/Controller/BaseController.class.php 第 52 行.
SQL: SHOW COLUMNS FROM `db_artical` [ RunTime:0.0008s ]
SQL: SELECT a.id,a.u_id,a.title,a.img,a.sub_title,a.desc,a.tags,a.visitor,a.addtime,a.click,a.comment,u.nickname,u.realname,u.email,u.headimg FROM db_artical a LEFT JOIN db_user u ON u.id = a.u_id  ORDER BY a.addtime desc LIMIT 10   [ RunTime:0.0005s ]
INFO: [ view_parse ] --START--
INFO: [ template_filter ] --START--
INFO: Run Behavior\ContentReplaceBehavior [ RunTime:0.000108s ]
INFO: [ template_filter ] --END-- [ RunTime:0.000206s ]
NOTIC: [8] Undefined variable: userinfo /data/A_A/Application/Runtime/Cache/Home/2a94b8bda04ff446dcedd42276fc99ee.php 第 99 行.
INFO: Run Behavior\ParseTemplateBehavior [ RunTime:0.012234s ]
INFO: [ view_parse ] --END-- [ RunTime:0.012294s ]

[ 2015-10-23T09:18:15+08:00 ] 95.213.187.188 http://check.best-proxies.ru/azenv.php?auth=144556309551&a=PSCN&i=&p=
INFO: [ app_init ] --START--
INFO: Run Behavior\BuildLiteBehavior [ RunTime:0.000016s ]
INFO: [ app_init ] --END-- [ RunTime:0.000265s ]
INFO: [ app_begin ] --START--
INFO: Run Behavior\ReadHtmlCacheBehavior [ RunTime:0.000319s ]
INFO: [ app_begin ] --END-- [ RunTime:0.000375s ]
ERR: 无法加载控制器:Azenv.php

[ 2015-10-23T09:38:56+08:00 ] 121.42.0.15 /webscan38502863.txt
INFO: [ app_init ] --START--
INFO: Run Behavior\BuildLiteBehavior [ RunTime:0.000016s ]
INFO: [ app_init ] --END-- [ RunTime:0.000326s ]
INFO: [ app_begin ] --START--
INFO: Run Behavior\ReadHtmlCacheBehavior [ RunTime:0.000414s ]
INFO: [ app_begin ] --END-- [ RunTime:0.000493s ]
ERR: 无法加载控制器:Webscan38502863.txt

[ 2015-10-23T09:39:11+08:00 ] 121.42.0.15 /webscan38502863.txt
INFO: [ app_init ] --START--
INFO: Run Behavior\BuildLiteBehavior [ RunTime:0.000016s ]
INFO: [ app_init ] --END-- [ RunTime:0.000283s ]
INFO: [ app_begin ] --START--
INFO: Run Behavior\ReadHtmlCacheBehavior [ RunTime:0.000351s ]
INFO: [ app_begin ] --END-- [ RunTime:0.000428s ]
ERR: 无法加载控制器:Webscan38502863.txt

[ 2015-10-23T09:39:14+08:00 ] 121.42.0.15 /jmx-console/
INFO: [ app_init ] --START--
INFO: Run Behavior\BuildLiteBehavior [ RunTime:0.000016s ]
INFO: [ app_init ] --END-- [ RunTime:0.000270s ]
INFO: [ app_begin ] --START--
INFO: Run Behavior\ReadHtmlCacheBehavior [ RunTime:0.000327s ]
INFO: [ app_begin ] --END-- [ RunTime:0.000384s ]
ERR: 无法加载控制器:Jmx-console

[ 2015-10-23T09:39:17+08:00 ] 121.42.0.15 /web-console/
INFO: [ app_init ] --START--
INFO: Run Behavior\BuildLiteBehavior [ RunTime:0.000035s ]
INFO: [ app_init ] --END-- [ RunTime:0.000287s ]
INFO: [ app_begin ] --START--
INFO: Run Behavior\ReadHtmlCacheBehavior [ RunTime:0.000325s ]
INFO: [ app_begin ] --END-- [ RunTime:0.000380s ]
ERR: 无法加载控制器:Web-console

[ 2015-10-23T09:39:20+08:00 ] 121.42.0.15 /invoker/JMXInvokerServlet
INFO: [ app_init ] --START--
INFO: Run Behavior\BuildLiteBehavior [ RunTime:0.000015s ]
INFO: [ app_init ] --END-- [ RunTime:0.000264s ]
INFO: [ app_begin ] --START--
INFO: Run Behavior\ReadHtmlCacheBehavior [ RunTime:0.000324s ]
INFO: [ app_begin ] --END-- [ RunTime:0.000379s ]
ERR: 无法加载控制器:Invoker

[ 2015-10-23T09:39:23+08:00 ] 121.42.0.15 /invoker/EJBInvokerServlet
INFO: [ app_init ] --START--
INFO: Run Behavior\BuildLiteBehavior [ RunTime:0.000015s ]
INFO: [ app_init ] --END-- [ RunTime:0.000324s ]
INFO: [ app_begin ] --START--
INFO: Run Behavior\ReadHtmlCacheBehavior [ RunTime:0.000327s ]
INFO: [ app_begin ] --END-- [ RunTime:0.000384s ]
ERR: 无法加载控制器:Invoker

[ 2015-10-23T09:39:26+08:00 ] 121.42.0.15 /status/
INFO: [ app_init ] --START--
INFO: Run Behavior\BuildLiteBehavior [ RunTime:0.000015s ]
INFO: [ app_init ] --END-- [ RunTime:0.000291s ]
INFO: [ app_begin ] --START--
INFO: Run Behavior\ReadHtmlCacheBehavior [ RunTime:0.000361s ]
INFO: [ app_begin ] --END-- [ RunTime:0.000431s ]
ERR: 无法加载控制器:Status

[ 2015-10-23T09:39:29+08:00 ] 121.42.0.15 /server-status/
INFO: [ app_init ] --START--
INFO: Run Behavior\BuildLiteBehavior [ RunTime:0.000016s ]
INFO: [ app_init ] --END-- [ RunTime:0.000294s ]
INFO: [ app_begin ] --START--
INFO: Run Behavior\ReadHtmlCacheBehavior [ RunTime:0.000370s ]
INFO: [ app_begin ] --END-- [ RunTime:0.000436s ]
ERR: 无法加载控制器:Server-status

[ 2015-10-23T09:39:43+08:00 ] 121.42.0.15 /status
INFO: [ app_init ] --START--
INFO: Run Behavior\BuildLiteBehavior [ RunTime:0.000016s ]
INFO: [ app_init ] --END-- [ RunTime:0.000265s ]
INFO: [ app_begin ] --START--
INFO: Run Behavior\ReadHtmlCacheBehavior [ RunTime:0.000371s ]
INFO: [ app_begin ] --END-- [ RunTime:0.000429s ]
ERR: 无法加载控制器:Status

[ 2015-10-23T09:39:45+08:00 ] 121.42.0.15 /server-status
INFO: [ app_init ] --START--
INFO: Run Behavior\BuildLiteBehavior [ RunTime:0.000016s ]
INFO: [ app_init ] --END-- [ RunTime:0.000265s ]
INFO: [ app_begin ] --START--
INFO: Run Behavior\ReadHtmlCacheBehavior [ RunTime:0.000330s ]
INFO: [ app_begin ] --END-- [ RunTime:0.000386s ]
ERR: 无法加载控制器:Server-status

[ 2015-10-23T09:39:47+08:00 ] 121.42.0.15 /manager/html
INFO: [ app_init ] --START--
INFO: Run Behavior\BuildLiteBehavior [ RunTime:0.000015s ]
INFO: [ app_init ] --END-- [ RunTime:0.000295s ]
INFO: [ app_begin ] --START--
INFO: Run Behavior\ReadHtmlCacheBehavior [ RunTime:0.000329s ]
INFO: [ app_begin ] --END-- [ RunTime:0.000386s ]
ERR: 无法加载控制器:Manager

[ 2015-10-23T10:16:48+08:00 ] 183.60.48.25 http://www.baidu.com/
INFO: [ app_init ] --START--
INFO: Run Behavior\BuildLiteBehavior [ RunTime:0.000018s ]
INFO: [ app_init ] --END-- [ RunTime:0.000303s ]
INFO: [ app_begin ] --START--
INFO: Run Behavior\ReadHtmlCacheBehavior [ RunTime:0.000355s ]
INFO: [ app_begin ] --END-- [ RunTime:0.000412s ]
SQL: SHOW COLUMNS FROM `db_session` [ RunTime:0.0009s ]
SQL: SELECT COUNT(*) AS tp_count FROM `db_session` LIMIT 1   [ RunTime:0.0002s ]
SQL: SELECT COUNT(*) AS tp_count FROM `db_session` WHERE ( session_data != "" ) LIMIT 1   [ RunTime:0.0003s ]
NOTIC: [8] Undefined index: userinfo /data/A_A/Application/Home/Controller/BaseController.class.php 第 52 行.
SQL: SHOW COLUMNS FROM `db_artical` [ RunTime:0.0009s ]
SQL: SELECT a.id,a.u_id,a.title,a.img,a.sub_title,a.desc,a.tags,a.visitor,a.addtime,a.click,a.comment,u.nickname,u.realname,u.email,u.headimg FROM db_artical a LEFT JOIN db_user u ON u.id = a.u_id  ORDER BY a.addtime desc LIMIT 10   [ RunTime:0.0006s ]
INFO: [ view_parse ] --START--
INFO: [ template_filter ] --START--
INFO: Run Behavior\ContentReplaceBehavior [ RunTime:0.000104s ]
INFO: [ template_filter ] --END-- [ RunTime:0.000183s ]
NOTIC: [8] Undefined variable: userinfo /data/A_A/Application/Runtime/Cache/Home/2a94b8bda04ff446dcedd42276fc99ee.php 第 99 行.
INFO: Run Behavior\ParseTemplateBehavior [ RunTime:0.012149s ]
INFO: [ view_parse ] --END-- [ RunTime:0.012208s ]

[ 2015-10-23T11:48:11+08:00 ] 120.26.55.211 /index.php?option=com_contenthistory&view=history&list[ordering]=&item_id=75&type_id=1&list[select]=(SELECT
INFO: [ app_init ] --START--
INFO: Run Behavior\BuildLiteBehavior [ RunTime:0.000015s ]
INFO: [ app_init ] --END-- [ RunTime:0.000288s ]
INFO: [ app_begin ] --START--
INFO: Run Behavior\ReadHtmlCacheBehavior [ RunTime:0.000324s ]
INFO: [ app_begin ] --END-- [ RunTime:0.000379s ]
SQL: SHOW COLUMNS FROM `db_session` [ RunTime:0.0010s ]
SQL: SELECT COUNT(*) AS tp_count FROM `db_session` LIMIT 1   [ RunTime:0.0002s ]
SQL: SELECT COUNT(*) AS tp_count FROM `db_session` WHERE ( session_data != "" ) LIMIT 1   [ RunTime:0.0003s ]
NOTIC: [8] Undefined index: userinfo /data/A_A/Application/Home/Controller/BaseController.class.php 第 52 行.
SQL: SHOW COLUMNS FROM `db_artical` [ RunTime:0.0009s ]
SQL: SELECT a.id,a.u_id,a.title,a.img,a.sub_title,a.desc,a.tags,a.visitor,a.addtime,a.click,a.comment,u.nickname,u.realname,u.email,u.headimg FROM db_artical a LEFT JOIN db_user u ON u.id = a.u_id  ORDER BY a.addtime desc LIMIT 10   [ RunTime:0.0006s ]
INFO: [ view_parse ] --START--
INFO: [ template_filter ] --START--
INFO: Run Behavior\ContentReplaceBehavior [ RunTime:0.000118s ]
INFO: [ template_filter ] --END-- [ RunTime:0.000184s ]
NOTIC: [8] Undefined variable: userinfo /data/A_A/Application/Runtime/Cache/Home/2a94b8bda04ff446dcedd42276fc99ee.php 第 99 行.
INFO: Run Behavior\ParseTemplateBehavior [ RunTime:0.011337s ]
INFO: [ view_parse ] --END-- [ RunTime:0.011394s ]

[ 2015-10-23T12:00:53+08:00 ] 120.26.55.211 /index.php?option=com_contenthistory&view=history&list[ordering]=&item_id=75&type_id=1&list[select]=(SELECT
INFO: [ app_init ] --START--
INFO: Run Behavior\BuildLiteBehavior [ RunTime:0.000015s ]
INFO: [ app_init ] --END-- [ RunTime:0.000289s ]
INFO: [ app_begin ] --START--
INFO: Run Behavior\ReadHtmlCacheBehavior [ RunTime:0.000329s ]
INFO: [ app_begin ] --END-- [ RunTime:0.000390s ]
SQL: SHOW COLUMNS FROM `db_session` [ RunTime:0.0009s ]
SQL: SELECT COUNT(*) AS tp_count FROM `db_session` LIMIT 1   [ RunTime:0.0002s ]
SQL: SELECT COUNT(*) AS tp_count FROM `db_session` WHERE ( session_data != "" ) LIMIT 1   [ RunTime:0.0003s ]
NOTIC: [8] Undefined index: userinfo /data/A_A/Application/Home/Controller/BaseController.class.php 第 52 行.
SQL: SHOW COLUMNS FROM `db_artical` [ RunTime:0.0009s ]
SQL: SELECT a.id,a.u_id,a.title,a.img,a.sub_title,a.desc,a.tags,a.visitor,a.addtime,a.click,a.comment,u.nickname,u.realname,u.email,u.headimg FROM db_artical a LEFT JOIN db_user u ON u.id = a.u_id  ORDER BY a.addtime desc LIMIT 10   [ RunTime:0.0006s ]
INFO: [ view_parse ] --START--
INFO: [ template_filter ] --START--
INFO: Run Behavior\ContentReplaceBehavior [ RunTime:0.000099s ]
INFO: [ template_filter ] --END-- [ RunTime:0.000179s ]
NOTIC: [8] Undefined variable: userinfo /data/A_A/Application/Runtime/Cache/Home/2a94b8bda04ff446dcedd42276fc99ee.php 第 99 行.
INFO: Run Behavior\ParseTemplateBehavior [ RunTime:0.011701s ]
INFO: [ view_parse ] --END-- [ RunTime:0.011760s ]

[ 2015-10-23T12:37:48+08:00 ] 111.248.59.120 vip163mx01.mxmail.netease.com:25
INFO: [ app_init ] --START--
INFO: Run Behavior\BuildLiteBehavior [ RunTime:0.000016s ]
INFO: [ app_init ] --END-- [ RunTime:0.000267s ]
INFO: [ app_begin ] --START--
INFO: Run Behavior\ReadHtmlCacheBehavior [ RunTime:0.000344s ]
INFO: [ app_begin ] --END-- [ RunTime:0.000401s ]
SQL: SHOW COLUMNS FROM `db_session` [ RunTime:0.0009s ]
SQL: SELECT COUNT(*) AS tp_count FROM `db_session` LIMIT 1   [ RunTime:0.0002s ]
SQL: SELECT COUNT(*) AS tp_count FROM `db_session` WHERE ( session_data != "" ) LIMIT 1   [ RunTime:0.0003s ]
NOTIC: [8] Undefined index: userinfo /data/A_A/Application/Home/Controller/BaseController.class.php 第 52 行.
SQL: SHOW COLUMNS FROM `db_artical` [ RunTime:0.0008s ]
SQL: SELECT a.id,a.u_id,a.title,a.img,a.sub_title,a.desc,a.tags,a.visitor,a.addtime,a.click,a.comment,u.nickname,u.realname,u.email,u.headimg FROM db_artical a LEFT JOIN db_user u ON u.id = a.u_id  ORDER BY a.addtime desc LIMIT 10   [ RunTime:0.0006s ]
INFO: [ view_parse ] --START--
INFO: [ template_filter ] --START--
INFO: Run Behavior\ContentReplaceBehavior [ RunTime:0.000125s ]
INFO: [ template_filter ] --END-- [ RunTime:0.000218s ]
NOTIC: [8] Undefined variable: userinfo /data/A_A/Application/Runtime/Cache/Home/2a94b8bda04ff446dcedd42276fc99ee.php 第 99 行.
INFO: Run Behavior\ParseTemplateBehavior [ RunTime:0.012108s ]
INFO: [ view_parse ] --END-- [ RunTime:0.012177s ]

[ 2015-10-23T13:52:27+08:00 ] 61.135.190.197 /
INFO: [ app_init ] --START--
INFO: Run Behavior\BuildLiteBehavior [ RunTime:0.000019s ]
INFO: [ app_init ] --END-- [ RunTime:0.000328s ]
INFO: [ app_begin ] --START--
INFO: Run Behavior\ReadHtmlCacheBehavior [ RunTime:0.000365s ]
INFO: [ app_begin ] --END-- [ RunTime:0.000442s ]
SQL: SHOW COLUMNS FROM `db_session` [ RunTime:0.0010s ]
SQL: SELECT COUNT(*) AS tp_count FROM `db_session` LIMIT 1   [ RunTime:0.0002s ]
SQL: SELECT COUNT(*) AS tp_count FROM `db_session` WHERE ( session_data != "" ) LIMIT 1   [ RunTime:0.0003s ]
NOTIC: [8] Undefined index: userinfo /data/A_A/Application/Home/Controller/BaseController.class.php 第 52 行.
SQL: SHOW COLUMNS FROM `db_artical` [ RunTime:0.0009s ]
SQL: SELECT a.id,a.u_id,a.title,a.img,a.sub_title,a.desc,a.tags,a.visitor,a.addtime,a.click,a.comment,u.nickname,u.realname,u.email,u.headimg FROM db_artical a LEFT JOIN db_user u ON u.id = a.u_id  ORDER BY a.addtime desc LIMIT 10   [ RunTime:0.0006s ]
INFO: [ view_parse ] --START--
INFO: [ template_filter ] --START--
INFO: Run Behavior\ContentReplaceBehavior [ RunTime:0.000100s ]
INFO: [ template_filter ] --END-- [ RunTime:0.000179s ]
NOTIC: [8] Undefined variable: userinfo /data/A_A/Application/Runtime/Cache/Home/2a94b8bda04ff446dcedd42276fc99ee.php 第 99 行.
INFO: Run Behavior\ParseTemplateBehavior [ RunTime:0.012359s ]
INFO: [ view_parse ] --END-- [ RunTime:0.012420s ]

[ 2015-10-23T14:06:41+08:00 ] 95.213.187.186 http://check.best-proxies.ru/azenv.php?auth=144558040121&a=PSCN&i=&p=
INFO: [ app_init ] --START--
INFO: Run Behavior\BuildLiteBehavior [ RunTime:0.000016s ]
INFO: [ app_init ] --END-- [ RunTime:0.000263s ]
INFO: [ app_begin ] --START--
INFO: Run Behavior\ReadHtmlCacheBehavior [ RunTime:0.000355s ]
INFO: [ app_begin ] --END-- [ RunTime:0.000422s ]
ERR: 无法加载控制器:Azenv.php

[ 2015-10-23T15:00:30+08:00 ] 111.20.248.74 /
INFO: [ app_init ] --START--
INFO: Run Behavior\BuildLiteBehavior [ RunTime:0.000015s ]
INFO: [ app_init ] --END-- [ RunTime:0.000295s ]
INFO: [ app_begin ] --START--
INFO: Run Behavior\ReadHtmlCacheBehavior [ RunTime:0.000371s ]
INFO: [ app_begin ] --END-- [ RunTime:0.000437s ]
SQL: SHOW COLUMNS FROM `db_session` [ RunTime:0.0009s ]
SQL: SELECT COUNT(*) AS tp_count FROM `db_session` LIMIT 1   [ RunTime:0.0002s ]
SQL: SELECT COUNT(*) AS tp_count FROM `db_session` WHERE ( session_data != "" ) LIMIT 1   [ RunTime:0.0003s ]
NOTIC: [8] Undefined index: userinfo /data/A_A/Application/Home/Controller/BaseController.class.php 第 52 行.
SQL: SHOW COLUMNS FROM `db_artical` [ RunTime:0.0009s ]
SQL: SELECT a.id,a.u_id,a.title,a.img,a.sub_title,a.desc,a.tags,a.visitor,a.addtime,a.click,a.comment,u.nickname,u.realname,u.email,u.headimg FROM db_artical a LEFT JOIN db_user u ON u.id = a.u_id  ORDER BY a.addtime desc LIMIT 10   [ RunTime:0.0006s ]
INFO: [ view_parse ] --START--
INFO: [ template_filter ] --START--
INFO: Run Behavior\ContentReplaceBehavior [ RunTime:0.000117s ]
INFO: [ template_filter ] --END-- [ RunTime:0.000189s ]
NOTIC: [8] Undefined variable: userinfo /data/A_A/Application/Runtime/Cache/Home/2a94b8bda04ff446dcedd42276fc99ee.php 第 99 行.
INFO: Run Behavior\ParseTemplateBehavior [ RunTime:0.011598s ]
INFO: [ view_parse ] --END-- [ RunTime:0.011656s ]

[ 2015-10-23T15:00:30+08:00 ] 111.20.248.74 /
INFO: [ app_init ] --START--
INFO: Run Behavior\BuildLiteBehavior [ RunTime:0.000015s ]
INFO: [ app_init ] --END-- [ RunTime:0.000295s ]
INFO: [ app_begin ] --START--
INFO: Run Behavior\ReadHtmlCacheBehavior [ RunTime:0.000328s ]
INFO: [ app_begin ] --END-- [ RunTime:0.000383s ]
SQL: SHOW COLUMNS FROM `db_session` [ RunTime:0.0008s ]
SQL: SELECT COUNT(*) AS tp_count FROM `db_session` LIMIT 1   [ RunTime:0.0003s ]
SQL: SELECT COUNT(*) AS tp_count FROM `db_session` WHERE ( session_data != "" ) LIMIT 1   [ RunTime:0.0003s ]
NOTIC: [8] Undefined index: userinfo /data/A_A/Application/Home/Controller/BaseController.class.php 第 52 行.
SQL: SHOW COLUMNS FROM `db_artical` [ RunTime:0.0009s ]
SQL: SELECT a.id,a.u_id,a.title,a.img,a.sub_title,a.desc,a.tags,a.visitor,a.addtime,a.click,a.comment,u.nickname,u.realname,u.email,u.headimg FROM db_artical a LEFT JOIN db_user u ON u.id = a.u_id  ORDER BY a.addtime desc LIMIT 10   [ RunTime:0.0006s ]
INFO: [ view_parse ] --START--
INFO: [ template_filter ] --START--
INFO: Run Behavior\ContentReplaceBehavior [ RunTime:0.000093s ]
INFO: [ template_filter ] --END-- [ RunTime:0.000156s ]
NOTIC: [8] Undefined variable: userinfo /data/A_A/Application/Runtime/Cache/Home/2a94b8bda04ff446dcedd42276fc99ee.php 第 99 行.
INFO: Run Behavior\ParseTemplateBehavior [ RunTime:0.011333s ]
INFO: [ view_parse ] --END-- [ RunTime:0.011390s ]

[ 2015-10-23T15:59:20+08:00 ] 141.212.122.160 /
INFO: [ app_init ] --START--
INFO: Run Behavior\BuildLiteBehavior [ RunTime:0.000015s ]
INFO: [ app_init ] --END-- [ RunTime:0.000284s ]
INFO: [ app_begin ] --START--
INFO: Run Behavior\ReadHtmlCacheBehavior [ RunTime:0.000323s ]
INFO: [ app_begin ] --END-- [ RunTime:0.000378s ]
SQL: SHOW COLUMNS FROM `db_session` [ RunTime:0.0008s ]
SQL: SELECT COUNT(*) AS tp_count FROM `db_session` LIMIT 1   [ RunTime:0.0002s ]
SQL: SELECT COUNT(*) AS tp_count FROM `db_session` WHERE ( session_data != "" ) LIMIT 1   [ RunTime:0.0003s ]
NOTIC: [8] Undefined index: userinfo /data/A_A/Application/Home/Controller/BaseController.class.php 第 52 行.
SQL: SHOW COLUMNS FROM `db_artical` [ RunTime:0.0008s ]
SQL: SELECT a.id,a.u_id,a.title,a.img,a.sub_title,a.desc,a.tags,a.visitor,a.addtime,a.click,a.comment,u.nickname,u.realname,u.email,u.headimg FROM db_artical a LEFT JOIN db_user u ON u.id = a.u_id  ORDER BY a.addtime desc LIMIT 10   [ RunTime:0.0006s ]
INFO: [ view_parse ] --START--
INFO: [ template_filter ] --START--
INFO: Run Behavior\ContentReplaceBehavior [ RunTime:0.000093s ]
INFO: [ template_filter ] --END-- [ RunTime:0.000153s ]
NOTIC: [8] Undefined variable: userinfo /data/A_A/Application/Runtime/Cache/Home/2a94b8bda04ff446dcedd42276fc99ee.php 第 99 行.
INFO: Run Behavior\ParseTemplateBehavior [ RunTime:0.011423s ]
INFO: [ view_parse ] --END-- [ RunTime:0.011478s ]

[ 2015-10-23T16:31:28+08:00 ] 120.24.54.198 /
INFO: [ app_init ] --START--
INFO: Run Behavior\BuildLiteBehavior [ RunTime:0.000015s ]
INFO: [ app_init ] --END-- [ RunTime:0.000267s ]
INFO: [ app_begin ] --START--
INFO: Run Behavior\ReadHtmlCacheBehavior [ RunTime:0.000331s ]
INFO: [ app_begin ] --END-- [ RunTime:0.000388s ]
SQL: SHOW COLUMNS FROM `db_session` [ RunTime:0.0009s ]
SQL: SELECT COUNT(*) AS tp_count FROM `db_session` LIMIT 1   [ RunTime:0.0002s ]
SQL: SELECT COUNT(*) AS tp_count FROM `db_session` WHERE ( session_data != "" ) LIMIT 1   [ RunTime:0.0002s ]
NOTIC: [8] Undefined index: userinfo /data/A_A/Application/Home/Controller/BaseController.class.php 第 52 行.
SQL: SHOW COLUMNS FROM `db_artical` [ RunTime:0.0009s ]
SQL: SELECT a.id,a.u_id,a.title,a.img,a.sub_title,a.desc,a.tags,a.visitor,a.addtime,a.click,a.comment,u.nickname,u.realname,u.email,u.headimg FROM db_artical a LEFT JOIN db_user u ON u.id = a.u_id  ORDER BY a.addtime desc LIMIT 10   [ RunTime:0.0007s ]
INFO: [ view_parse ] --START--
INFO: [ template_filter ] --START--
INFO: Run Behavior\ContentReplaceBehavior [ RunTime:0.000098s ]
INFO: [ template_filter ] --END-- [ RunTime:0.000163s ]
NOTIC: [8] Undefined variable: userinfo /data/A_A/Application/Runtime/Cache/Home/2a94b8bda04ff446dcedd42276fc99ee.php 第 99 行.
INFO: Run Behavior\ParseTemplateBehavior [ RunTime:0.011384s ]
INFO: [ view_parse ] --END-- [ RunTime:0.011443s ]

[ 2015-10-23T16:31:34+08:00 ] 120.24.54.198 /
INFO: [ app_init ] --START--
INFO: Run Behavior\BuildLiteBehavior [ RunTime:0.000014s ]
INFO: [ app_init ] --END-- [ RunTime:0.000264s ]
INFO: [ app_begin ] --START--
INFO: Run Behavior\ReadHtmlCacheBehavior [ RunTime:0.000322s ]
INFO: [ app_begin ] --END-- [ RunTime:0.000379s ]
SQL: SHOW COLUMNS FROM `db_session` [ RunTime:0.0052s ]
SQL: SELECT COUNT(*) AS tp_count FROM `db_session` LIMIT 1   [ RunTime:0.0002s ]
SQL: SELECT COUNT(*) AS tp_count FROM `db_session` WHERE ( session_data != "" ) LIMIT 1   [ RunTime:0.0003s ]
NOTIC: [8] Undefined index: userinfo /data/A_A/Application/Home/Controller/BaseController.class.php 第 52 行.
SQL: SHOW COLUMNS FROM `db_artical` [ RunTime:0.0008s ]
SQL: SELECT a.id,a.u_id,a.title,a.img,a.sub_title,a.desc,a.tags,a.visitor,a.addtime,a.click,a.comment,u.nickname,u.realname,u.email,u.headimg FROM db_artical a LEFT JOIN db_user u ON u.id = a.u_id  ORDER BY a.addtime desc LIMIT 10   [ RunTime:0.0006s ]
INFO: [ view_parse ] --START--
INFO: [ template_filter ] --START--
INFO: Run Behavior\ContentReplaceBehavior [ RunTime:0.000097s ]
INFO: [ template_filter ] --END-- [ RunTime:0.000181s ]
NOTIC: [8] Undefined variable: userinfo /data/A_A/Application/Runtime/Cache/Home/2a94b8bda04ff446dcedd42276fc99ee.php 第 99 行.
INFO: Run Behavior\ParseTemplateBehavior [ RunTime:0.011575s ]
INFO: [ view_parse ] --END-- [ RunTime:0.011630s ]

[ 2015-10-23T16:31:43+08:00 ] 120.24.54.198 
INFO: [ app_init ] --START--
INFO: Run Behavior\BuildLiteBehavior [ RunTime:0.000041s ]
INFO: [ app_init ] --END-- [ RunTime:0.000324s ]
INFO: [ app_begin ] --START--
INFO: Run Behavior\ReadHtmlCacheBehavior [ RunTime:0.000342s ]
INFO: [ app_begin ] --END-- [ RunTime:0.000400s ]
SQL: SHOW COLUMNS FROM `db_session` [ RunTime:0.0009s ]
SQL: SELECT COUNT(*) AS tp_count FROM `db_session` LIMIT 1   [ RunTime:0.0002s ]
SQL: SELECT COUNT(*) AS tp_count FROM `db_session` WHERE ( session_data != "" ) LIMIT 1   [ RunTime:0.0003s ]
NOTIC: [8] Undefined index: userinfo /data/A_A/Application/Home/Controller/BaseController.class.php 第 52 行.
SQL: SHOW COLUMNS FROM `db_artical` [ RunTime:0.0009s ]
SQL: SELECT a.id,a.u_id,a.title,a.img,a.sub_title,a.desc,a.tags,a.visitor,a.addtime,a.click,a.comment,u.nickname,u.realname,u.email,u.headimg FROM db_artical a LEFT JOIN db_user u ON u.id = a.u_id  ORDER BY a.addtime desc LIMIT 10   [ RunTime:0.0006s ]
INFO: [ view_parse ] --START--
INFO: [ template_filter ] --START--
INFO: Run Behavior\ContentReplaceBehavior [ RunTime:0.000112s ]
INFO: [ template_filter ] --END-- [ RunTime:0.000212s ]
NOTIC: [8] Undefined variable: userinfo /data/A_A/Application/Runtime/Cache/Home/2a94b8bda04ff446dcedd42276fc99ee.php 第 99 行.
INFO: Run Behavior\ParseTemplateBehavior [ RunTime:0.011906s ]
INFO: [ view_parse ] --END-- [ RunTime:0.011963s ]

[ 2015-10-23T17:12:47+08:00 ] 45.55.228.75 /
INFO: [ app_init ] --START--
INFO: Run Behavior\BuildLiteBehavior [ RunTime:0.000015s ]
INFO: [ app_init ] --END-- [ RunTime:0.000268s ]
INFO: [ app_begin ] --START--
INFO: Run Behavior\ReadHtmlCacheBehavior [ RunTime:0.000370s ]
INFO: [ app_begin ] --END-- [ RunTime:0.000426s ]
SQL: SHOW COLUMNS FROM `db_session` [ RunTime:0.0010s ]
SQL: SELECT COUNT(*) AS tp_count FROM `db_session` LIMIT 1   [ RunTime:0.0004s ]
SQL: SELECT COUNT(*) AS tp_count FROM `db_session` WHERE ( session_data != "" ) LIMIT 1   [ RunTime:0.0004s ]
NOTIC: [8] Undefined index: userinfo /data/A_A/Application/Home/Controller/BaseController.class.php 第 52 行.
SQL: SHOW COLUMNS FROM `db_artical` [ RunTime:0.0009s ]
SQL: SELECT a.id,a.u_id,a.title,a.img,a.sub_title,a.desc,a.tags,a.visitor,a.addtime,a.click,a.comment,u.nickname,u.realname,u.email,u.headimg FROM db_artical a LEFT JOIN db_user u ON u.id = a.u_id  ORDER BY a.addtime desc LIMIT 10   [ RunTime:0.0006s ]
INFO: [ view_parse ] --START--
INFO: [ template_filter ] --START--
INFO: Run Behavior\ContentReplaceBehavior [ RunTime:0.000094s ]
INFO: [ template_filter ] --END-- [ RunTime:0.000156s ]
NOTIC: [8] Undefined variable: userinfo /data/A_A/Application/Runtime/Cache/Home/2a94b8bda04ff446dcedd42276fc99ee.php 第 99 行.
INFO: Run Behavior\ParseTemplateBehavior [ RunTime:0.011461s ]
INFO: [ view_parse ] --END-- [ RunTime:0.011518s ]

[ 2015-10-23T18:05:27+08:00 ] 183.60.48.25 http://www.baidu.com/
INFO: [ app_init ] --START--
INFO: Run Behavior\BuildLiteBehavior [ RunTime:0.000015s ]
INFO: [ app_init ] --END-- [ RunTime:0.000261s ]
INFO: [ app_begin ] --START--
INFO: Run Behavior\ReadHtmlCacheBehavior [ RunTime:0.000353s ]
INFO: [ app_begin ] --END-- [ RunTime:0.000408s ]
SQL: SHOW COLUMNS FROM `db_session` [ RunTime:0.0009s ]
SQL: SELECT COUNT(*) AS tp_count FROM `db_session` LIMIT 1   [ RunTime:0.0002s ]
SQL: SELECT COUNT(*) AS tp_count FROM `db_session` WHERE ( session_data != "" ) LIMIT 1   [ RunTime:0.0003s ]
NOTIC: [8] Undefined index: userinfo /data/A_A/Application/Home/Controller/BaseController.class.php 第 52 行.
SQL: SHOW COLUMNS FROM `db_artical` [ RunTime:0.0008s ]
SQL: SELECT a.id,a.u_id,a.title,a.img,a.sub_title,a.desc,a.tags,a.visitor,a.addtime,a.click,a.comment,u.nickname,u.realname,u.email,u.headimg FROM db_artical a LEFT JOIN db_user u ON u.id = a.u_id  ORDER BY a.addtime desc LIMIT 10   [ RunTime:0.0006s ]
INFO: [ view_parse ] --START--
INFO: [ template_filter ] --START--
INFO: Run Behavior\ContentReplaceBehavior [ RunTime:0.000098s ]
INFO: [ template_filter ] --END-- [ RunTime:0.000160s ]
NOTIC: [8] Undefined variable: userinfo /data/A_A/Application/Runtime/Cache/Home/2a94b8bda04ff446dcedd42276fc99ee.php 第 99 行.
INFO: Run Behavior\ParseTemplateBehavior [ RunTime:0.013998s ]
INFO: [ view_parse ] --END-- [ RunTime:0.014052s ]

[ 2015-10-23T18:40:21+08:00 ] 5.178.86.75 http://check.best-proxies.ru/azenv.php?auth=144559682185&a=PSCN&i=&p=
INFO: [ app_init ] --START--
INFO: Run Behavior\BuildLiteBehavior [ RunTime:0.000014s ]
INFO: [ app_init ] --END-- [ RunTime:0.000260s ]
INFO: [ app_begin ] --START--
INFO: Run Behavior\ReadHtmlCacheBehavior [ RunTime:0.000323s ]
INFO: [ app_begin ] --END-- [ RunTime:0.000380s ]
ERR: 无法加载控制器:Azenv.php

[ 2015-10-23T20:23:55+08:00 ] 59.56.69.195 /
INFO: [ app_init ] --START--
INFO: Run Behavior\BuildLiteBehavior [ RunTime:0.000016s ]
INFO: [ app_init ] --END-- [ RunTime:0.000311s ]
INFO: [ app_begin ] --START--
INFO: Run Behavior\ReadHtmlCacheBehavior [ RunTime:0.000406s ]
INFO: [ app_begin ] --END-- [ RunTime:0.000475s ]
SQL: SHOW COLUMNS FROM `db_session` [ RunTime:0.0010s ]
SQL: SELECT COUNT(*) AS tp_count FROM `db_session` LIMIT 1   [ RunTime:0.0002s ]
SQL: SELECT COUNT(*) AS tp_count FROM `db_session` WHERE ( session_data != "" ) LIMIT 1   [ RunTime:0.0002s ]
NOTIC: [8] Undefined index: userinfo /data/A_A/Application/Home/Controller/BaseController.class.php 第 52 行.
SQL: SHOW COLUMNS FROM `db_artical` [ RunTime:0.0009s ]
SQL: SELECT a.id,a.u_id,a.title,a.img,a.sub_title,a.desc,a.tags,a.visitor,a.addtime,a.click,a.comment,u.nickname,u.realname,u.email,u.headimg FROM db_artical a LEFT JOIN db_user u ON u.id = a.u_id  ORDER BY a.addtime desc LIMIT 10   [ RunTime:0.0006s ]
INFO: [ view_parse ] --START--
INFO: [ template_filter ] --START--
INFO: Run Behavior\ContentReplaceBehavior [ RunTime:0.000118s ]
INFO: [ template_filter ] --END-- [ RunTime:0.000189s ]
NOTIC: [8] Undefined variable: userinfo /data/A_A/Application/Runtime/Cache/Home/2a94b8bda04ff446dcedd42276fc99ee.php 第 99 行.
INFO: Run Behavior\ParseTemplateBehavior [ RunTime:0.012187s ]
INFO: [ view_parse ] --END-- [ RunTime:0.012246s ]

[ 2015-10-23T20:23:55+08:00 ] 59.56.69.195 /
INFO: [ app_init ] --START--
INFO: Run Behavior\BuildLiteBehavior [ RunTime:0.000014s ]
INFO: [ app_init ] --END-- [ RunTime:0.000263s ]
INFO: [ app_begin ] --START--
INFO: Run Behavior\ReadHtmlCacheBehavior [ RunTime:0.000343s ]
INFO: [ app_begin ] --END-- [ RunTime:0.000410s ]
SQL: SHOW COLUMNS FROM `db_session` [ RunTime:0.0009s ]
SQL: SELECT COUNT(*) AS tp_count FROM `db_session` LIMIT 1   [ RunTime:0.0003s ]
SQL: SELECT COUNT(*) AS tp_count FROM `db_session` WHERE ( session_data != "" ) LIMIT 1   [ RunTime:0.0002s ]
NOTIC: [8] Undefined index: userinfo /data/A_A/Application/Home/Controller/BaseController.class.php 第 52 行.
SQL: SHOW COLUMNS FROM `db_artical` [ RunTime:0.0009s ]
SQL: SELECT a.id,a.u_id,a.title,a.img,a.sub_title,a.desc,a.tags,a.visitor,a.addtime,a.click,a.comment,u.nickname,u.realname,u.email,u.headimg FROM db_artical a LEFT JOIN db_user u ON u.id = a.u_id  ORDER BY a.addtime desc LIMIT 10   [ RunTime:0.0005s ]
INFO: [ view_parse ] --START--
INFO: [ template_filter ] --START--
INFO: Run Behavior\ContentReplaceBehavior [ RunTime:0.000114s ]
INFO: [ template_filter ] --END-- [ RunTime:0.000177s ]
NOTIC: [8] Undefined variable: userinfo /data/A_A/Application/Runtime/Cache/Home/2a94b8bda04ff446dcedd42276fc99ee.php 第 99 行.
INFO: Run Behavior\ParseTemplateBehavior [ RunTime:0.011608s ]
INFO: [ view_parse ] --END-- [ RunTime:0.011663s ]

[ 2015-10-23T21:00:08+08:00 ] 61.135.190.199 /
INFO: [ app_init ] --START--
INFO: Run Behavior\BuildLiteBehavior [ RunTime:0.000015s ]
INFO: [ app_init ] --END-- [ RunTime:0.000289s ]
INFO: [ app_begin ] --START--
INFO: Run Behavior\ReadHtmlCacheBehavior [ RunTime:0.000396s ]
INFO: [ app_begin ] --END-- [ RunTime:0.000456s ]
SQL: SHOW COLUMNS FROM `db_session` [ RunTime:0.0009s ]
SQL: SELECT COUNT(*) AS tp_count FROM `db_session` LIMIT 1   [ RunTime:0.0002s ]
SQL: SELECT COUNT(*) AS tp_count FROM `db_session` WHERE ( session_data != "" ) LIMIT 1   [ RunTime:0.0003s ]
NOTIC: [8] Undefined index: userinfo /data/A_A/Application/Home/Controller/BaseController.class.php 第 52 行.
SQL: SHOW COLUMNS FROM `db_artical` [ RunTime:0.0008s ]
SQL: SELECT a.id,a.u_id,a.title,a.img,a.sub_title,a.desc,a.tags,a.visitor,a.addtime,a.click,a.comment,u.nickname,u.realname,u.email,u.headimg FROM db_artical a LEFT JOIN db_user u ON u.id = a.u_id  ORDER BY a.addtime desc LIMIT 10   [ RunTime:0.0006s ]
INFO: [ view_parse ] --START--
INFO: [ template_filter ] --START--
INFO: Run Behavior\ContentReplaceBehavior [ RunTime:0.000096s ]
INFO: [ template_filter ] --END-- [ RunTime:0.000156s ]
NOTIC: [8] Undefined variable: userinfo /data/A_A/Application/Runtime/Cache/Home/2a94b8bda04ff446dcedd42276fc99ee.php 第 99 行.
INFO: Run Behavior\ParseTemplateBehavior [ RunTime:0.011615s ]
INFO: [ view_parse ] --END-- [ RunTime:0.011681s ]

[ 2015-10-23T21:40:01+08:00 ] 111.20.248.74 /
INFO: [ app_init ] --START--
INFO: Run Behavior\BuildLiteBehavior [ RunTime:0.000019s ]
INFO: [ app_init ] --END-- [ RunTime:0.000328s ]
INFO: [ app_begin ] --START--
INFO: Run Behavior\ReadHtmlCacheBehavior [ RunTime:0.000362s ]
INFO: [ app_begin ] --END-- [ RunTime:0.000438s ]
SQL: SHOW COLUMNS FROM `db_session` [ RunTime:0.0009s ]
SQL: SELECT COUNT(*) AS tp_count FROM `db_session` LIMIT 1   [ RunTime:0.0002s ]
SQL: SELECT COUNT(*) AS tp_count FROM `db_session` WHERE ( session_data != "" ) LIMIT 1   [ RunTime:0.0003s ]
NOTIC: [8] Undefined index: userinfo /data/A_A/Application/Home/Controller/BaseController.class.php 第 52 行.
SQL: SHOW COLUMNS FROM `db_artical` [ RunTime:0.0008s ]
SQL: SELECT a.id,a.u_id,a.title,a.img,a.sub_title,a.desc,a.tags,a.visitor,a.addtime,a.click,a.comment,u.nickname,u.realname,u.email,u.headimg FROM db_artical a LEFT JOIN db_user u ON u.id = a.u_id  ORDER BY a.addtime desc LIMIT 10   [ RunTime:0.0006s ]
INFO: [ view_parse ] --START--
INFO: [ template_filter ] --START--
INFO: Run Behavior\ContentReplaceBehavior [ RunTime:0.000095s ]
INFO: [ template_filter ] --END-- [ RunTime:0.000159s ]
NOTIC: [8] Undefined variable: userinfo /data/A_A/Application/Runtime/Cache/Home/2a94b8bda04ff446dcedd42276fc99ee.php 第 99 行.
INFO: Run Behavior\ParseTemplateBehavior [ RunTime:0.011939s ]
INFO: [ view_parse ] --END-- [ RunTime:0.012002s ]

[ 2015-10-23T21:40:01+08:00 ] 111.20.248.74 /
INFO: [ app_init ] --START--
INFO: Run Behavior\BuildLiteBehavior [ RunTime:0.000016s ]
INFO: [ app_init ] --END-- [ RunTime:0.000269s ]
INFO: [ app_begin ] --START--
INFO: Run Behavior\ReadHtmlCacheBehavior [ RunTime:0.000331s ]
INFO: [ app_begin ] --END-- [ RunTime:0.000408s ]
SQL: SHOW COLUMNS FROM `db_session` [ RunTime:0.0010s ]
SQL: SELECT COUNT(*) AS tp_count FROM `db_session` LIMIT 1   [ RunTime:0.0003s ]
SQL: SELECT COUNT(*) AS tp_count FROM `db_session` WHERE ( session_data != "" ) LIMIT 1   [ RunTime:0.0003s ]
NOTIC: [8] Undefined index: userinfo /data/A_A/Application/Home/Controller/BaseController.class.php 第 52 行.
SQL: SHOW COLUMNS FROM `db_artical` [ RunTime:0.0009s ]
SQL: SELECT a.id,a.u_id,a.title,a.img,a.sub_title,a.desc,a.tags,a.visitor,a.addtime,a.click,a.comment,u.nickname,u.realname,u.email,u.headimg FROM db_artical a LEFT JOIN db_user u ON u.id = a.u_id  ORDER BY a.addtime desc LIMIT 10   [ RunTime:0.0005s ]
INFO: [ view_parse ] --START--
INFO: [ template_filter ] --START--
INFO: Run Behavior\ContentReplaceBehavior [ RunTime:0.000101s ]
INFO: [ template_filter ] --END-- [ RunTime:0.000184s ]
NOTIC: [8] Undefined variable: userinfo /data/A_A/Application/Runtime/Cache/Home/2a94b8bda04ff446dcedd42276fc99ee.php 第 99 行.
INFO: Run Behavior\ParseTemplateBehavior [ RunTime:0.011974s ]
INFO: [ view_parse ] --END-- [ RunTime:0.012034s ]

[ 2015-10-23T23:08:20+08:00 ] 5.178.86.77 http://check.best-proxies.ru/azenv.php?auth=144561290015&a=PSCN&i=&p=
INFO: [ app_init ] --START--
INFO: Run Behavior\BuildLiteBehavior [ RunTime:0.000014s ]
INFO: [ app_init ] --END-- [ RunTime:0.000262s ]
INFO: [ app_begin ] --START--
INFO: Run Behavior\ReadHtmlCacheBehavior [ RunTime:0.000368s ]
INFO: [ app_begin ] --END-- [ RunTime:0.000434s ]
ERR: 无法加载控制器:Azenv.php

