[ 2015-11-16T00:37:26+08:00 ] 61.135.190.197 /
INFO: [ app_init ] --START--
INFO: Run Behavior\BuildLiteBehavior [ RunTime:0.000017s ]
INFO: [ app_init ] --END-- [ RunTime:0.000277s ]
INFO: [ app_begin ] --START--
INFO: Run Behavior\ReadHtmlCacheBehavior [ RunTime:0.000361s ]
INFO: [ app_begin ] --END-- [ RunTime:0.000424s ]
SQL: SHOW COLUMNS FROM `db_session` [ RunTime:0.0009s ]
SQL: SELECT COUNT(*) AS tp_count FROM `db_session` LIMIT 1   [ RunTime:0.0002s ]
SQL: SELECT COUNT(*) AS tp_count FROM `db_session` WHERE ( session_data != "" ) LIMIT 1   [ RunTime:0.0003s ]
NOTIC: [8] Undefined index: userinfo /data/A_A/Application/Home/Controller/BaseController.class.php 第 52 行.
SQL: SHOW COLUMNS FROM `db_artical` [ RunTime:0.0010s ]
SQL: SELECT a.id,a.u_id,a.title,a.img,a.sub_title,a.desc,a.tags,a.visitor,a.addtime,a.click,a.comment,u.nickname,u.realname,u.email,u.headimg FROM db_artical a LEFT JOIN db_user u ON u.id = a.u_id  ORDER BY a.addtime desc LIMIT 10   [ RunTime:0.0006s ]
INFO: [ view_parse ] --START--
INFO: [ template_filter ] --START--
INFO: Run Behavior\ContentReplaceBehavior [ RunTime:0.000119s ]
INFO: [ template_filter ] --END-- [ RunTime:0.000182s ]
NOTIC: [8] Undefined variable: userinfo /data/A_A/Application/Runtime/Cache/Home/2a94b8bda04ff446dcedd42276fc99ee.php 第 99 行.
INFO: Run Behavior\ParseTemplateBehavior [ RunTime:0.011282s ]
INFO: [ view_parse ] --END-- [ RunTime:0.011341s ]

[ 2015-11-16T01:51:55+08:00 ] 221.231.6.246 /
INFO: [ app_init ] --START--
INFO: Run Behavior\BuildLiteBehavior [ RunTime:0.000015s ]
INFO: [ app_init ] --END-- [ RunTime:0.000270s ]
INFO: [ app_begin ] --START--
INFO: Run Behavior\ReadHtmlCacheBehavior [ RunTime:0.000419s ]
INFO: [ app_begin ] --END-- [ RunTime:0.000479s ]
SQL: SHOW COLUMNS FROM `db_session` [ RunTime:0.0009s ]
SQL: SELECT COUNT(*) AS tp_count FROM `db_session` LIMIT 1   [ RunTime:0.0002s ]
SQL: SELECT COUNT(*) AS tp_count FROM `db_session` WHERE ( session_data != "" ) LIMIT 1   [ RunTime:0.0003s ]
NOTIC: [8] Undefined index: userinfo /data/A_A/Application/Home/Controller/BaseController.class.php 第 52 行.
SQL: SHOW COLUMNS FROM `db_artical` [ RunTime:0.0009s ]
SQL: SELECT a.id,a.u_id,a.title,a.img,a.sub_title,a.desc,a.tags,a.visitor,a.addtime,a.click,a.comment,u.nickname,u.realname,u.email,u.headimg FROM db_artical a LEFT JOIN db_user u ON u.id = a.u_id  ORDER BY a.addtime desc LIMIT 10   [ RunTime:0.0006s ]
INFO: [ view_parse ] --START--
INFO: [ template_filter ] --START--
INFO: Run Behavior\ContentReplaceBehavior [ RunTime:0.000110s ]
INFO: [ template_filter ] --END-- [ RunTime:0.000181s ]
NOTIC: [8] Undefined variable: userinfo /data/A_A/Application/Runtime/Cache/Home/2a94b8bda04ff446dcedd42276fc99ee.php 第 99 行.
INFO: Run Behavior\ParseTemplateBehavior [ RunTime:0.011386s ]
INFO: [ view_parse ] --END-- [ RunTime:0.011443s ]

[ 2015-11-16T02:09:17+08:00 ] 183.60.48.25 http://www.baidu.com/
INFO: [ app_init ] --START--
INFO: Run Behavior\BuildLiteBehavior [ RunTime:0.000015s ]
INFO: [ app_init ] --END-- [ RunTime:0.000301s ]
INFO: [ app_begin ] --START--
INFO: Run Behavior\ReadHtmlCacheBehavior [ RunTime:0.000331s ]
INFO: [ app_begin ] --END-- [ RunTime:0.000387s ]
SQL: SHOW COLUMNS FROM `db_session` [ RunTime:0.0009s ]
SQL: SELECT COUNT(*) AS tp_count FROM `db_session` LIMIT 1   [ RunTime:0.0002s ]
SQL: SELECT COUNT(*) AS tp_count FROM `db_session` WHERE ( session_data != "" ) LIMIT 1   [ RunTime:0.0003s ]
NOTIC: [8] Undefined index: userinfo /data/A_A/Application/Home/Controller/BaseController.class.php 第 52 行.
SQL: SHOW COLUMNS FROM `db_artical` [ RunTime:0.0008s ]
SQL: SELECT a.id,a.u_id,a.title,a.img,a.sub_title,a.desc,a.tags,a.visitor,a.addtime,a.click,a.comment,u.nickname,u.realname,u.email,u.headimg FROM db_artical a LEFT JOIN db_user u ON u.id = a.u_id  ORDER BY a.addtime desc LIMIT 10   [ RunTime:0.0006s ]
INFO: [ view_parse ] --START--
INFO: [ template_filter ] --START--
INFO: Run Behavior\ContentReplaceBehavior [ RunTime:0.000090s ]
INFO: [ template_filter ] --END-- [ RunTime:0.000159s ]
NOTIC: [8] Undefined variable: userinfo /data/A_A/Application/Runtime/Cache/Home/2a94b8bda04ff446dcedd42276fc99ee.php 第 99 行.
INFO: Run Behavior\ParseTemplateBehavior [ RunTime:0.011271s ]
INFO: [ view_parse ] --END-- [ RunTime:0.011349s ]

[ 2015-11-16T02:37:45+08:00 ] 14.63.73.39 /
INFO: [ app_init ] --START--
INFO: Run Behavior\BuildLiteBehavior [ RunTime:0.000015s ]
INFO: [ app_init ] --END-- [ RunTime:0.000280s ]
INFO: [ app_begin ] --START--
INFO: Run Behavior\ReadHtmlCacheBehavior [ RunTime:0.000320s ]
INFO: [ app_begin ] --END-- [ RunTime:0.000378s ]
SQL: SHOW COLUMNS FROM `db_session` [ RunTime:0.0008s ]
SQL: SELECT COUNT(*) AS tp_count FROM `db_session` LIMIT 1   [ RunTime:0.0002s ]
SQL: SELECT COUNT(*) AS tp_count FROM `db_session` WHERE ( session_data != "" ) LIMIT 1   [ RunTime:0.0003s ]
NOTIC: [8] Undefined index: userinfo /data/A_A/Application/Home/Controller/BaseController.class.php 第 52 行.
SQL: SHOW COLUMNS FROM `db_artical` [ RunTime:0.0009s ]
SQL: SELECT a.id,a.u_id,a.title,a.img,a.sub_title,a.desc,a.tags,a.visitor,a.addtime,a.click,a.comment,u.nickname,u.realname,u.email,u.headimg FROM db_artical a LEFT JOIN db_user u ON u.id = a.u_id  ORDER BY a.addtime desc LIMIT 10   [ RunTime:0.0006s ]
INFO: [ view_parse ] --START--
INFO: [ template_filter ] --START--
INFO: Run Behavior\ContentReplaceBehavior [ RunTime:0.000094s ]
INFO: [ template_filter ] --END-- [ RunTime:0.000159s ]
NOTIC: [8] Undefined variable: userinfo /data/A_A/Application/Runtime/Cache/Home/2a94b8bda04ff446dcedd42276fc99ee.php 第 99 行.
INFO: Run Behavior\ParseTemplateBehavior [ RunTime:0.011442s ]
INFO: [ view_parse ] --END-- [ RunTime:0.011498s ]

[ 2015-11-16T02:42:09+08:00 ] 61.135.190.200 /
INFO: [ app_init ] --START--
INFO: Run Behavior\BuildLiteBehavior [ RunTime:0.000016s ]
INFO: [ app_init ] --END-- [ RunTime:0.000266s ]
INFO: [ app_begin ] --START--
INFO: Run Behavior\ReadHtmlCacheBehavior [ RunTime:0.000352s ]
INFO: [ app_begin ] --END-- [ RunTime:0.000409s ]
SQL: SHOW COLUMNS FROM `db_session` [ RunTime:0.0009s ]
SQL: SELECT COUNT(*) AS tp_count FROM `db_session` LIMIT 1   [ RunTime:0.0002s ]
SQL: SELECT COUNT(*) AS tp_count FROM `db_session` WHERE ( session_data != "" ) LIMIT 1   [ RunTime:0.0003s ]
NOTIC: [8] Undefined index: userinfo /data/A_A/Application/Home/Controller/BaseController.class.php 第 52 行.
SQL: SHOW COLUMNS FROM `db_artical` [ RunTime:0.0009s ]
SQL: SELECT a.id,a.u_id,a.title,a.img,a.sub_title,a.desc,a.tags,a.visitor,a.addtime,a.click,a.comment,u.nickname,u.realname,u.email,u.headimg FROM db_artical a LEFT JOIN db_user u ON u.id = a.u_id  ORDER BY a.addtime desc LIMIT 10   [ RunTime:0.0006s ]
INFO: [ view_parse ] --START--
INFO: [ template_filter ] --START--
INFO: Run Behavior\ContentReplaceBehavior [ RunTime:0.000105s ]
INFO: [ template_filter ] --END-- [ RunTime:0.000182s ]
NOTIC: [8] Undefined variable: userinfo /data/A_A/Application/Runtime/Cache/Home/2a94b8bda04ff446dcedd42276fc99ee.php 第 99 行.
INFO: Run Behavior\ParseTemplateBehavior [ RunTime:0.011400s ]
INFO: [ view_parse ] --END-- [ RunTime:0.011455s ]

[ 2015-11-16T03:52:54+08:00 ] 111.20.248.74 /
INFO: [ app_init ] --START--
INFO: Run Behavior\BuildLiteBehavior [ RunTime:0.000015s ]
INFO: [ app_init ] --END-- [ RunTime:0.000264s ]
INFO: [ app_begin ] --START--
INFO: Run Behavior\ReadHtmlCacheBehavior [ RunTime:0.000355s ]
INFO: [ app_begin ] --END-- [ RunTime:0.000412s ]
SQL: SHOW COLUMNS FROM `db_session` [ RunTime:0.0010s ]
SQL: SELECT COUNT(*) AS tp_count FROM `db_session` LIMIT 1   [ RunTime:0.0003s ]
SQL: SELECT COUNT(*) AS tp_count FROM `db_session` WHERE ( session_data != "" ) LIMIT 1   [ RunTime:0.0003s ]
NOTIC: [8] Undefined index: userinfo /data/A_A/Application/Home/Controller/BaseController.class.php 第 52 行.
SQL: SHOW COLUMNS FROM `db_artical` [ RunTime:0.0009s ]
SQL: SELECT a.id,a.u_id,a.title,a.img,a.sub_title,a.desc,a.tags,a.visitor,a.addtime,a.click,a.comment,u.nickname,u.realname,u.email,u.headimg FROM db_artical a LEFT JOIN db_user u ON u.id = a.u_id  ORDER BY a.addtime desc LIMIT 10   [ RunTime:0.0007s ]
INFO: [ view_parse ] --START--
INFO: [ template_filter ] --START--
INFO: Run Behavior\ContentReplaceBehavior [ RunTime:0.000099s ]
INFO: [ template_filter ] --END-- [ RunTime:0.000162s ]
NOTIC: [8] Undefined variable: userinfo /data/A_A/Application/Runtime/Cache/Home/2a94b8bda04ff446dcedd42276fc99ee.php 第 99 行.
INFO: Run Behavior\ParseTemplateBehavior [ RunTime:0.011616s ]
INFO: [ view_parse ] --END-- [ RunTime:0.011676s ]

[ 2015-11-16T04:45:06+08:00 ] 61.160.213.110 http://zc.qq.com/chs/index.html?type=1
INFO: [ app_init ] --START--
INFO: Run Behavior\BuildLiteBehavior [ RunTime:0.000015s ]
INFO: [ app_init ] --END-- [ RunTime:0.000270s ]
INFO: [ app_begin ] --START--
INFO: Run Behavior\ReadHtmlCacheBehavior [ RunTime:0.000354s ]
INFO: [ app_begin ] --END-- [ RunTime:0.000411s ]
ERR: 无法加载控制器:Chs

[ 2015-11-16T06:32:15+08:00 ] 61.135.190.72 /
INFO: [ app_init ] --START--
INFO: Run Behavior\BuildLiteBehavior [ RunTime:0.000015s ]
INFO: [ app_init ] --END-- [ RunTime:0.000326s ]
INFO: [ app_begin ] --START--
INFO: Run Behavior\ReadHtmlCacheBehavior [ RunTime:0.000351s ]
INFO: [ app_begin ] --END-- [ RunTime:0.000406s ]
SQL: SHOW COLUMNS FROM `db_session` [ RunTime:0.0009s ]
SQL: SELECT COUNT(*) AS tp_count FROM `db_session` LIMIT 1   [ RunTime:0.0003s ]
SQL: SELECT COUNT(*) AS tp_count FROM `db_session` WHERE ( session_data != "" ) LIMIT 1   [ RunTime:0.0002s ]
NOTIC: [8] Undefined index: userinfo /data/A_A/Application/Home/Controller/BaseController.class.php 第 52 行.
SQL: SHOW COLUMNS FROM `db_artical` [ RunTime:0.0009s ]
SQL: SELECT a.id,a.u_id,a.title,a.img,a.sub_title,a.desc,a.tags,a.visitor,a.addtime,a.click,a.comment,u.nickname,u.realname,u.email,u.headimg FROM db_artical a LEFT JOIN db_user u ON u.id = a.u_id  ORDER BY a.addtime desc LIMIT 10   [ RunTime:0.0006s ]
INFO: [ view_parse ] --START--
INFO: [ template_filter ] --START--
INFO: Run Behavior\ContentReplaceBehavior [ RunTime:0.000107s ]
INFO: [ template_filter ] --END-- [ RunTime:0.000191s ]
NOTIC: [8] Undefined variable: userinfo /data/A_A/Application/Runtime/Cache/Home/2a94b8bda04ff446dcedd42276fc99ee.php 第 99 行.
INFO: Run Behavior\ParseTemplateBehavior [ RunTime:0.013155s ]
INFO: [ view_parse ] --END-- [ RunTime:0.013214s ]

[ 2015-11-16T08:20:10+08:00 ] 103.242.202.196 /
INFO: [ app_init ] --START--
INFO: Run Behavior\BuildLiteBehavior [ RunTime:0.000015s ]
INFO: [ app_init ] --END-- [ RunTime:0.000269s ]
INFO: [ app_begin ] --START--
INFO: Run Behavior\ReadHtmlCacheBehavior [ RunTime:0.000359s ]
INFO: [ app_begin ] --END-- [ RunTime:0.000415s ]
SQL: SHOW COLUMNS FROM `db_session` [ RunTime:0.0009s ]
SQL: SELECT COUNT(*) AS tp_count FROM `db_session` LIMIT 1   [ RunTime:0.0002s ]
SQL: SELECT COUNT(*) AS tp_count FROM `db_session` WHERE ( session_data != "" ) LIMIT 1   [ RunTime:0.0003s ]
NOTIC: [8] Undefined index: userinfo /data/A_A/Application/Home/Controller/BaseController.class.php 第 52 行.
SQL: SHOW COLUMNS FROM `db_artical` [ RunTime:0.0009s ]
SQL: SELECT a.id,a.u_id,a.title,a.img,a.sub_title,a.desc,a.tags,a.visitor,a.addtime,a.click,a.comment,u.nickname,u.realname,u.email,u.headimg FROM db_artical a LEFT JOIN db_user u ON u.id = a.u_id  ORDER BY a.addtime desc LIMIT 10   [ RunTime:0.0009s ]
INFO: [ view_parse ] --START--
INFO: [ template_filter ] --START--
INFO: Run Behavior\ContentReplaceBehavior [ RunTime:0.000103s ]
INFO: [ template_filter ] --END-- [ RunTime:0.000192s ]
NOTIC: [8] Undefined variable: userinfo /data/A_A/Application/Runtime/Cache/Home/2a94b8bda04ff446dcedd42276fc99ee.php 第 99 行.
INFO: Run Behavior\ParseTemplateBehavior [ RunTime:0.011297s ]
INFO: [ view_parse ] --END-- [ RunTime:0.011356s ]

[ 2015-11-16T08:45:00+08:00 ] 61.135.190.69 /
INFO: [ app_init ] --START--
INFO: Run Behavior\BuildLiteBehavior [ RunTime:0.000015s ]
INFO: [ app_init ] --END-- [ RunTime:0.000266s ]
INFO: [ app_begin ] --START--
INFO: Run Behavior\ReadHtmlCacheBehavior [ RunTime:0.000352s ]
INFO: [ app_begin ] --END-- [ RunTime:0.000407s ]
SQL: SHOW COLUMNS FROM `db_session` [ RunTime:0.0009s ]
SQL: SELECT COUNT(*) AS tp_count FROM `db_session` LIMIT 1   [ RunTime:0.0002s ]
SQL: SELECT COUNT(*) AS tp_count FROM `db_session` WHERE ( session_data != "" ) LIMIT 1   [ RunTime:0.0003s ]
NOTIC: [8] Undefined index: userinfo /data/A_A/Application/Home/Controller/BaseController.class.php 第 52 行.
SQL: SHOW COLUMNS FROM `db_artical` [ RunTime:0.0011s ]
SQL: SELECT a.id,a.u_id,a.title,a.img,a.sub_title,a.desc,a.tags,a.visitor,a.addtime,a.click,a.comment,u.nickname,u.realname,u.email,u.headimg FROM db_artical a LEFT JOIN db_user u ON u.id = a.u_id  ORDER BY a.addtime desc LIMIT 10   [ RunTime:0.0006s ]
INFO: [ view_parse ] --START--
INFO: [ template_filter ] --START--
INFO: Run Behavior\ContentReplaceBehavior [ RunTime:0.000135s ]
INFO: [ template_filter ] --END-- [ RunTime:0.000230s ]
NOTIC: [8] Undefined variable: userinfo /data/A_A/Application/Runtime/Cache/Home/2a94b8bda04ff446dcedd42276fc99ee.php 第 99 行.
INFO: Run Behavior\ParseTemplateBehavior [ RunTime:0.011943s ]
INFO: [ view_parse ] --END-- [ RunTime:0.012051s ]

[ 2015-11-16T09:23:02+08:00 ] 171.208.221.246 /
INFO: [ app_init ] --START--
INFO: Run Behavior\BuildLiteBehavior [ RunTime:0.000015s ]
INFO: [ app_init ] --END-- [ RunTime:0.000273s ]
INFO: [ app_begin ] --START--
INFO: Run Behavior\ReadHtmlCacheBehavior [ RunTime:0.000356s ]
INFO: [ app_begin ] --END-- [ RunTime:0.000428s ]
SQL: SHOW COLUMNS FROM `db_session` [ RunTime:0.0009s ]
SQL: SELECT COUNT(*) AS tp_count FROM `db_session` LIMIT 1   [ RunTime:0.0002s ]
SQL: SELECT COUNT(*) AS tp_count FROM `db_session` WHERE ( session_data != "" ) LIMIT 1   [ RunTime:0.0003s ]
NOTIC: [8] Undefined index: userinfo /data/A_A/Application/Home/Controller/BaseController.class.php 第 52 行.
SQL: SHOW COLUMNS FROM `db_artical` [ RunTime:0.0009s ]
SQL: SELECT a.id,a.u_id,a.title,a.img,a.sub_title,a.desc,a.tags,a.visitor,a.addtime,a.click,a.comment,u.nickname,u.realname,u.email,u.headimg FROM db_artical a LEFT JOIN db_user u ON u.id = a.u_id  ORDER BY a.addtime desc LIMIT 10   [ RunTime:0.0006s ]
INFO: [ view_parse ] --START--
INFO: [ template_filter ] --START--
INFO: Run Behavior\ContentReplaceBehavior [ RunTime:0.000136s ]
INFO: [ template_filter ] --END-- [ RunTime:0.000221s ]
NOTIC: [8] Undefined variable: userinfo /data/A_A/Application/Runtime/Cache/Home/2a94b8bda04ff446dcedd42276fc99ee.php 第 99 行.
INFO: Run Behavior\ParseTemplateBehavior [ RunTime:0.011400s ]
INFO: [ view_parse ] --END-- [ RunTime:0.011456s ]

[ 2015-11-16T09:47:23+08:00 ] 111.20.248.74 /
INFO: [ app_init ] --START--
INFO: Run Behavior\BuildLiteBehavior [ RunTime:0.000021s ]
INFO: [ app_init ] --END-- [ RunTime:0.000362s ]
INFO: [ app_begin ] --START--
INFO: Run Behavior\ReadHtmlCacheBehavior [ RunTime:0.000428s ]
INFO: [ app_begin ] --END-- [ RunTime:0.000493s ]
SQL: SHOW COLUMNS FROM `db_session` [ RunTime:0.0010s ]
SQL: SELECT COUNT(*) AS tp_count FROM `db_session` LIMIT 1   [ RunTime:0.0003s ]
SQL: SELECT COUNT(*) AS tp_count FROM `db_session` WHERE ( session_data != "" ) LIMIT 1   [ RunTime:0.0003s ]
NOTIC: [8] Undefined index: userinfo /data/A_A/Application/Home/Controller/BaseController.class.php 第 52 行.
SQL: SHOW COLUMNS FROM `db_artical` [ RunTime:0.0009s ]
SQL: SELECT a.id,a.u_id,a.title,a.img,a.sub_title,a.desc,a.tags,a.visitor,a.addtime,a.click,a.comment,u.nickname,u.realname,u.email,u.headimg FROM db_artical a LEFT JOIN db_user u ON u.id = a.u_id  ORDER BY a.addtime desc LIMIT 10   [ RunTime:0.0006s ]
INFO: [ view_parse ] --START--
INFO: [ template_filter ] --START--
INFO: Run Behavior\ContentReplaceBehavior [ RunTime:0.000102s ]
INFO: [ template_filter ] --END-- [ RunTime:0.000170s ]
NOTIC: [8] Undefined variable: userinfo /data/A_A/Application/Runtime/Cache/Home/2a94b8bda04ff446dcedd42276fc99ee.php 第 99 行.
INFO: Run Behavior\ParseTemplateBehavior [ RunTime:0.013441s ]
INFO: [ view_parse ] --END-- [ RunTime:0.013508s ]

[ 2015-11-16T10:09:04+08:00 ] 183.60.48.25 http://www.baidu.com/
INFO: [ app_init ] --START--
INFO: Run Behavior\BuildLiteBehavior [ RunTime:0.000015s ]
INFO: [ app_init ] --END-- [ RunTime:0.000266s ]
INFO: [ app_begin ] --START--
INFO: Run Behavior\ReadHtmlCacheBehavior [ RunTime:0.000359s ]
INFO: [ app_begin ] --END-- [ RunTime:0.000414s ]
SQL: SHOW COLUMNS FROM `db_session` [ RunTime:0.0009s ]
SQL: SELECT COUNT(*) AS tp_count FROM `db_session` LIMIT 1   [ RunTime:0.0002s ]
SQL: SELECT COUNT(*) AS tp_count FROM `db_session` WHERE ( session_data != "" ) LIMIT 1   [ RunTime:0.0003s ]
NOTIC: [8] Undefined index: userinfo /data/A_A/Application/Home/Controller/BaseController.class.php 第 52 行.
SQL: SHOW COLUMNS FROM `db_artical` [ RunTime:0.0008s ]
SQL: SELECT a.id,a.u_id,a.title,a.img,a.sub_title,a.desc,a.tags,a.visitor,a.addtime,a.click,a.comment,u.nickname,u.realname,u.email,u.headimg FROM db_artical a LEFT JOIN db_user u ON u.id = a.u_id  ORDER BY a.addtime desc LIMIT 10   [ RunTime:0.0006s ]
INFO: [ view_parse ] --START--
INFO: [ template_filter ] --START--
INFO: Run Behavior\ContentReplaceBehavior [ RunTime:0.000105s ]
INFO: [ template_filter ] --END-- [ RunTime:0.000168s ]
NOTIC: [8] Undefined variable: userinfo /data/A_A/Application/Runtime/Cache/Home/2a94b8bda04ff446dcedd42276fc99ee.php 第 99 行.
INFO: Run Behavior\ParseTemplateBehavior [ RunTime:0.011776s ]
INFO: [ view_parse ] --END-- [ RunTime:0.011841s ]

[ 2015-11-16T10:13:54+08:00 ] 61.135.190.71 /
INFO: [ app_init ] --START--
INFO: Run Behavior\BuildLiteBehavior [ RunTime:0.000016s ]
INFO: [ app_init ] --END-- [ RunTime:0.000290s ]
INFO: [ app_begin ] --START--
INFO: Run Behavior\ReadHtmlCacheBehavior [ RunTime:0.000328s ]
INFO: [ app_begin ] --END-- [ RunTime:0.000382s ]
SQL: SHOW COLUMNS FROM `db_session` [ RunTime:0.0009s ]
SQL: SELECT COUNT(*) AS tp_count FROM `db_session` LIMIT 1   [ RunTime:0.0002s ]
SQL: SELECT COUNT(*) AS tp_count FROM `db_session` WHERE ( session_data != "" ) LIMIT 1   [ RunTime:0.0003s ]
NOTIC: [8] Undefined index: userinfo /data/A_A/Application/Home/Controller/BaseController.class.php 第 52 行.
SQL: SHOW COLUMNS FROM `db_artical` [ RunTime:0.0008s ]
SQL: SELECT a.id,a.u_id,a.title,a.img,a.sub_title,a.desc,a.tags,a.visitor,a.addtime,a.click,a.comment,u.nickname,u.realname,u.email,u.headimg FROM db_artical a LEFT JOIN db_user u ON u.id = a.u_id  ORDER BY a.addtime desc LIMIT 10   [ RunTime:0.0006s ]
INFO: [ view_parse ] --START--
INFO: [ template_filter ] --START--
INFO: Run Behavior\ContentReplaceBehavior [ RunTime:0.000113s ]
INFO: [ template_filter ] --END-- [ RunTime:0.000178s ]
NOTIC: [8] Undefined variable: userinfo /data/A_A/Application/Runtime/Cache/Home/2a94b8bda04ff446dcedd42276fc99ee.php 第 99 行.
INFO: Run Behavior\ParseTemplateBehavior [ RunTime:0.011077s ]
INFO: [ view_parse ] --END-- [ RunTime:0.011134s ]

[ 2015-11-16T10:57:09+08:00 ] 111.248.96.71 vip163mx00.mxmail.netease.com:25
INFO: [ app_init ] --START--
INFO: Run Behavior\BuildLiteBehavior [ RunTime:0.000015s ]
INFO: [ app_init ] --END-- [ RunTime:0.000262s ]
INFO: [ app_begin ] --START--
INFO: Run Behavior\ReadHtmlCacheBehavior [ RunTime:0.000323s ]
INFO: [ app_begin ] --END-- [ RunTime:0.000380s ]
SQL: SHOW COLUMNS FROM `db_session` [ RunTime:0.0009s ]
SQL: SELECT COUNT(*) AS tp_count FROM `db_session` LIMIT 1   [ RunTime:0.0002s ]
SQL: SELECT COUNT(*) AS tp_count FROM `db_session` WHERE ( session_data != "" ) LIMIT 1   [ RunTime:0.0003s ]
NOTIC: [8] Undefined index: userinfo /data/A_A/Application/Home/Controller/BaseController.class.php 第 52 行.
SQL: SHOW COLUMNS FROM `db_artical` [ RunTime:0.0009s ]
SQL: SELECT a.id,a.u_id,a.title,a.img,a.sub_title,a.desc,a.tags,a.visitor,a.addtime,a.click,a.comment,u.nickname,u.realname,u.email,u.headimg FROM db_artical a LEFT JOIN db_user u ON u.id = a.u_id  ORDER BY a.addtime desc LIMIT 10   [ RunTime:0.0006s ]
INFO: [ view_parse ] --START--
INFO: [ template_filter ] --START--
INFO: Run Behavior\ContentReplaceBehavior [ RunTime:0.000099s ]
INFO: [ template_filter ] --END-- [ RunTime:0.000167s ]
NOTIC: [8] Undefined variable: userinfo /data/A_A/Application/Runtime/Cache/Home/2a94b8bda04ff446dcedd42276fc99ee.php 第 99 行.
INFO: Run Behavior\ParseTemplateBehavior [ RunTime:0.011849s ]
INFO: [ view_parse ] --END-- [ RunTime:0.011907s ]

[ 2015-11-16T11:11:38+08:00 ] 59.56.69.195 /
INFO: [ app_init ] --START--
INFO: Run Behavior\BuildLiteBehavior [ RunTime:0.000015s ]
INFO: [ app_init ] --END-- [ RunTime:0.000285s ]
INFO: [ app_begin ] --START--
INFO: Run Behavior\ReadHtmlCacheBehavior [ RunTime:0.000328s ]
INFO: [ app_begin ] --END-- [ RunTime:0.000398s ]
SQL: SHOW COLUMNS FROM `db_session` [ RunTime:0.0010s ]
SQL: SELECT COUNT(*) AS tp_count FROM `db_session` LIMIT 1   [ RunTime:0.0003s ]
SQL: SELECT COUNT(*) AS tp_count FROM `db_session` WHERE ( session_data != "" ) LIMIT 1   [ RunTime:0.0003s ]
NOTIC: [8] Undefined index: userinfo /data/A_A/Application/Home/Controller/BaseController.class.php 第 52 行.
SQL: SHOW COLUMNS FROM `db_artical` [ RunTime:0.0009s ]
SQL: SELECT a.id,a.u_id,a.title,a.img,a.sub_title,a.desc,a.tags,a.visitor,a.addtime,a.click,a.comment,u.nickname,u.realname,u.email,u.headimg FROM db_artical a LEFT JOIN db_user u ON u.id = a.u_id  ORDER BY a.addtime desc LIMIT 10   [ RunTime:0.0007s ]
INFO: [ view_parse ] --START--
INFO: [ template_filter ] --START--
INFO: Run Behavior\ContentReplaceBehavior [ RunTime:0.000102s ]
INFO: [ template_filter ] --END-- [ RunTime:0.000165s ]
NOTIC: [8] Undefined variable: userinfo /data/A_A/Application/Runtime/Cache/Home/2a94b8bda04ff446dcedd42276fc99ee.php 第 99 行.
INFO: Run Behavior\ParseTemplateBehavior [ RunTime:0.011657s ]
INFO: [ view_parse ] --END-- [ RunTime:0.011814s ]

[ 2015-11-16T11:11:38+08:00 ] 59.56.69.195 /
INFO: [ app_init ] --START--
INFO: Run Behavior\BuildLiteBehavior [ RunTime:0.000018s ]
INFO: [ app_init ] --END-- [ RunTime:0.000275s ]
INFO: [ app_begin ] --START--
INFO: Run Behavior\ReadHtmlCacheBehavior [ RunTime:0.000361s ]
INFO: [ app_begin ] --END-- [ RunTime:0.000416s ]
SQL: SHOW COLUMNS FROM `db_session` [ RunTime:0.0009s ]
SQL: SELECT COUNT(*) AS tp_count FROM `db_session` LIMIT 1   [ RunTime:0.0002s ]
SQL: SELECT COUNT(*) AS tp_count FROM `db_session` WHERE ( session_data != "" ) LIMIT 1   [ RunTime:0.0003s ]
NOTIC: [8] Undefined index: userinfo /data/A_A/Application/Home/Controller/BaseController.class.php 第 52 行.
SQL: SHOW COLUMNS FROM `db_artical` [ RunTime:0.0009s ]
SQL: SELECT a.id,a.u_id,a.title,a.img,a.sub_title,a.desc,a.tags,a.visitor,a.addtime,a.click,a.comment,u.nickname,u.realname,u.email,u.headimg FROM db_artical a LEFT JOIN db_user u ON u.id = a.u_id  ORDER BY a.addtime desc LIMIT 10   [ RunTime:0.0005s ]
INFO: [ view_parse ] --START--
INFO: [ template_filter ] --START--
INFO: Run Behavior\ContentReplaceBehavior [ RunTime:0.000132s ]
INFO: [ template_filter ] --END-- [ RunTime:0.000210s ]
NOTIC: [8] Undefined variable: userinfo /data/A_A/Application/Runtime/Cache/Home/2a94b8bda04ff446dcedd42276fc99ee.php 第 99 行.
INFO: Run Behavior\ParseTemplateBehavior [ RunTime:0.011928s ]
INFO: [ view_parse ] --END-- [ RunTime:0.011989s ]

[ 2015-11-16T11:11:38+08:00 ] 59.56.69.195 /
INFO: [ app_init ] --START--
INFO: Run Behavior\BuildLiteBehavior [ RunTime:0.000015s ]
INFO: [ app_init ] --END-- [ RunTime:0.000263s ]
INFO: [ app_begin ] --START--
INFO: Run Behavior\ReadHtmlCacheBehavior [ RunTime:0.000326s ]
INFO: [ app_begin ] --END-- [ RunTime:0.000382s ]
SQL: SHOW COLUMNS FROM `db_session` [ RunTime:0.0009s ]
SQL: SELECT COUNT(*) AS tp_count FROM `db_session` LIMIT 1   [ RunTime:0.0002s ]
SQL: SELECT COUNT(*) AS tp_count FROM `db_session` WHERE ( session_data != "" ) LIMIT 1   [ RunTime:0.0002s ]
NOTIC: [8] Undefined index: userinfo /data/A_A/Application/Home/Controller/BaseController.class.php 第 52 行.
SQL: SHOW COLUMNS FROM `db_artical` [ RunTime:0.0008s ]
SQL: SELECT a.id,a.u_id,a.title,a.img,a.sub_title,a.desc,a.tags,a.visitor,a.addtime,a.click,a.comment,u.nickname,u.realname,u.email,u.headimg FROM db_artical a LEFT JOIN db_user u ON u.id = a.u_id  ORDER BY a.addtime desc LIMIT 10   [ RunTime:0.0005s ]
INFO: [ view_parse ] --START--
INFO: [ template_filter ] --START--
INFO: Run Behavior\ContentReplaceBehavior [ RunTime:0.000095s ]
INFO: [ template_filter ] --END-- [ RunTime:0.000157s ]
NOTIC: [8] Undefined variable: userinfo /data/A_A/Application/Runtime/Cache/Home/2a94b8bda04ff446dcedd42276fc99ee.php 第 99 行.
INFO: Run Behavior\ParseTemplateBehavior [ RunTime:0.011008s ]
INFO: [ view_parse ] --END-- [ RunTime:0.011063s ]

[ 2015-11-16T12:26:42+08:00 ] 61.135.190.200 /
INFO: [ app_init ] --START--
INFO: Run Behavior\BuildLiteBehavior [ RunTime:0.000016s ]
INFO: [ app_init ] --END-- [ RunTime:0.000269s ]
INFO: [ app_begin ] --START--
INFO: Run Behavior\ReadHtmlCacheBehavior [ RunTime:0.000350s ]
INFO: [ app_begin ] --END-- [ RunTime:0.000407s ]
SQL: SHOW COLUMNS FROM `db_session` [ RunTime:0.0010s ]
SQL: SELECT COUNT(*) AS tp_count FROM `db_session` LIMIT 1   [ RunTime:0.0003s ]
SQL: SELECT COUNT(*) AS tp_count FROM `db_session` WHERE ( session_data != "" ) LIMIT 1   [ RunTime:0.0003s ]
NOTIC: [8] Undefined index: userinfo /data/A_A/Application/Home/Controller/BaseController.class.php 第 52 行.
SQL: SHOW COLUMNS FROM `db_artical` [ RunTime:0.0009s ]
SQL: SELECT a.id,a.u_id,a.title,a.img,a.sub_title,a.desc,a.tags,a.visitor,a.addtime,a.click,a.comment,u.nickname,u.realname,u.email,u.headimg FROM db_artical a LEFT JOIN db_user u ON u.id = a.u_id  ORDER BY a.addtime desc LIMIT 10   [ RunTime:0.0006s ]
INFO: [ view_parse ] --START--
INFO: [ template_filter ] --START--
INFO: Run Behavior\ContentReplaceBehavior [ RunTime:0.000098s ]
INFO: [ template_filter ] --END-- [ RunTime:0.000169s ]
NOTIC: [8] Undefined variable: userinfo /data/A_A/Application/Runtime/Cache/Home/2a94b8bda04ff446dcedd42276fc99ee.php 第 99 行.
INFO: Run Behavior\ParseTemplateBehavior [ RunTime:0.011326s ]
INFO: [ view_parse ] --END-- [ RunTime:0.011383s ]

[ 2015-11-16T13:54:36+08:00 ] 103.242.202.196 /
INFO: [ app_init ] --START--
INFO: Run Behavior\BuildLiteBehavior [ RunTime:0.000015s ]
INFO: [ app_init ] --END-- [ RunTime:0.000289s ]
INFO: [ app_begin ] --START--
INFO: Run Behavior\ReadHtmlCacheBehavior [ RunTime:0.000323s ]
INFO: [ app_begin ] --END-- [ RunTime:0.000379s ]
SQL: SHOW COLUMNS FROM `db_session` [ RunTime:0.0009s ]
SQL: SELECT COUNT(*) AS tp_count FROM `db_session` LIMIT 1   [ RunTime:0.0002s ]
SQL: SELECT COUNT(*) AS tp_count FROM `db_session` WHERE ( session_data != "" ) LIMIT 1   [ RunTime:0.0003s ]
NOTIC: [8] Undefined index: userinfo /data/A_A/Application/Home/Controller/BaseController.class.php 第 52 行.
SQL: SHOW COLUMNS FROM `db_artical` [ RunTime:0.0008s ]
SQL: SELECT a.id,a.u_id,a.title,a.img,a.sub_title,a.desc,a.tags,a.visitor,a.addtime,a.click,a.comment,u.nickname,u.realname,u.email,u.headimg FROM db_artical a LEFT JOIN db_user u ON u.id = a.u_id  ORDER BY a.addtime desc LIMIT 10   [ RunTime:0.0006s ]
INFO: [ view_parse ] --START--
INFO: [ template_filter ] --START--
INFO: Run Behavior\ContentReplaceBehavior [ RunTime:0.000094s ]
INFO: [ template_filter ] --END-- [ RunTime:0.000155s ]
NOTIC: [8] Undefined variable: userinfo /data/A_A/Application/Runtime/Cache/Home/2a94b8bda04ff446dcedd42276fc99ee.php 第 99 行.
INFO: Run Behavior\ParseTemplateBehavior [ RunTime:0.011361s ]
INFO: [ view_parse ] --END-- [ RunTime:0.011419s ]

[ 2015-11-16T13:54:36+08:00 ] 103.242.202.196 /
INFO: [ app_init ] --START--
INFO: Run Behavior\BuildLiteBehavior [ RunTime:0.000014s ]
INFO: [ app_init ] --END-- [ RunTime:0.000257s ]
INFO: [ app_begin ] --START--
INFO: Run Behavior\ReadHtmlCacheBehavior [ RunTime:0.000326s ]
INFO: [ app_begin ] --END-- [ RunTime:0.000382s ]
SQL: SHOW COLUMNS FROM `db_session` [ RunTime:0.0009s ]
SQL: SELECT COUNT(*) AS tp_count FROM `db_session` LIMIT 1   [ RunTime:0.0002s ]
SQL: SELECT COUNT(*) AS tp_count FROM `db_session` WHERE ( session_data != "" ) LIMIT 1   [ RunTime:0.0003s ]
NOTIC: [8] Undefined index: userinfo /data/A_A/Application/Home/Controller/BaseController.class.php 第 52 行.
SQL: SHOW COLUMNS FROM `db_artical` [ RunTime:0.0009s ]
SQL: SELECT a.id,a.u_id,a.title,a.img,a.sub_title,a.desc,a.tags,a.visitor,a.addtime,a.click,a.comment,u.nickname,u.realname,u.email,u.headimg FROM db_artical a LEFT JOIN db_user u ON u.id = a.u_id  ORDER BY a.addtime desc LIMIT 10   [ RunTime:0.0005s ]
INFO: [ view_parse ] --START--
INFO: [ template_filter ] --START--
INFO: Run Behavior\ContentReplaceBehavior [ RunTime:0.000095s ]
INFO: [ template_filter ] --END-- [ RunTime:0.000156s ]
NOTIC: [8] Undefined variable: userinfo /data/A_A/Application/Runtime/Cache/Home/2a94b8bda04ff446dcedd42276fc99ee.php 第 99 行.
INFO: Run Behavior\ParseTemplateBehavior [ RunTime:0.011321s ]
INFO: [ view_parse ] --END-- [ RunTime:0.011377s ]

[ 2015-11-16T14:41:22+08:00 ] 61.135.190.71 /
INFO: [ app_init ] --START--
INFO: Run Behavior\BuildLiteBehavior [ RunTime:0.000016s ]
INFO: [ app_init ] --END-- [ RunTime:0.000269s ]
INFO: [ app_begin ] --START--
INFO: Run Behavior\ReadHtmlCacheBehavior [ RunTime:0.000351s ]
INFO: [ app_begin ] --END-- [ RunTime:0.000408s ]
SQL: SHOW COLUMNS FROM `db_session` [ RunTime:0.0013s ]
SQL: SELECT COUNT(*) AS tp_count FROM `db_session` LIMIT 1   [ RunTime:0.0003s ]
SQL: SELECT COUNT(*) AS tp_count FROM `db_session` WHERE ( session_data != "" ) LIMIT 1   [ RunTime:0.0003s ]
NOTIC: [8] Undefined index: userinfo /data/A_A/Application/Home/Controller/BaseController.class.php 第 52 行.
SQL: SHOW COLUMNS FROM `db_artical` [ RunTime:0.0011s ]
SQL: SELECT a.id,a.u_id,a.title,a.img,a.sub_title,a.desc,a.tags,a.visitor,a.addtime,a.click,a.comment,u.nickname,u.realname,u.email,u.headimg FROM db_artical a LEFT JOIN db_user u ON u.id = a.u_id  ORDER BY a.addtime desc LIMIT 10   [ RunTime:0.0006s ]
INFO: [ view_parse ] --START--
INFO: [ template_filter ] --START--
INFO: Run Behavior\ContentReplaceBehavior [ RunTime:0.000117s ]
INFO: [ template_filter ] --END-- [ RunTime:0.000180s ]
NOTIC: [8] Undefined variable: userinfo /data/A_A/Application/Runtime/Cache/Home/2a94b8bda04ff446dcedd42276fc99ee.php 第 99 行.
INFO: Run Behavior\ParseTemplateBehavior [ RunTime:0.011396s ]
INFO: [ view_parse ] --END-- [ RunTime:0.011488s ]

[ 2015-11-16T16:10:52+08:00 ] 61.160.213.110 http://zc.qq.com/chs/index.html?type=1
INFO: [ app_init ] --START--
INFO: Run Behavior\BuildLiteBehavior [ RunTime:0.000015s ]
INFO: [ app_init ] --END-- [ RunTime:0.000267s ]
INFO: [ app_begin ] --START--
INFO: Run Behavior\ReadHtmlCacheBehavior [ RunTime:0.000334s ]
INFO: [ app_begin ] --END-- [ RunTime:0.000390s ]
ERR: 无法加载控制器:Chs

[ 2015-11-16T17:28:41+08:00 ] 120.26.55.211 /chuangye/download?path=../../../../../../../../etc/passwd
INFO: [ app_init ] --START--
INFO: Run Behavior\BuildLiteBehavior [ RunTime:0.000015s ]
INFO: [ app_init ] --END-- [ RunTime:0.000269s ]
INFO: [ app_begin ] --START--
INFO: Run Behavior\ReadHtmlCacheBehavior [ RunTime:0.000326s ]
INFO: [ app_begin ] --END-- [ RunTime:0.000382s ]
ERR: 无法加载控制器:Chuangye

[ 2015-11-16T17:46:15+08:00 ] 104.149.23.24 /
INFO: [ app_init ] --START--
INFO: Run Behavior\BuildLiteBehavior [ RunTime:0.000015s ]
INFO: [ app_init ] --END-- [ RunTime:0.000265s ]
INFO: [ app_begin ] --START--
INFO: Run Behavior\ReadHtmlCacheBehavior [ RunTime:0.000354s ]
INFO: [ app_begin ] --END-- [ RunTime:0.000409s ]
SQL: SHOW COLUMNS FROM `db_session` [ RunTime:0.0009s ]
SQL: SELECT COUNT(*) AS tp_count FROM `db_session` LIMIT 1   [ RunTime:0.0002s ]
SQL: SELECT COUNT(*) AS tp_count FROM `db_session` WHERE ( session_data != "" ) LIMIT 1   [ RunTime:0.0004s ]
NOTIC: [8] Undefined index: userinfo /data/A_A/Application/Home/Controller/BaseController.class.php 第 52 行.
SQL: SHOW COLUMNS FROM `db_artical` [ RunTime:0.0009s ]
SQL: SELECT a.id,a.u_id,a.title,a.img,a.sub_title,a.desc,a.tags,a.visitor,a.addtime,a.click,a.comment,u.nickname,u.realname,u.email,u.headimg FROM db_artical a LEFT JOIN db_user u ON u.id = a.u_id  ORDER BY a.addtime desc LIMIT 10   [ RunTime:0.0006s ]
INFO: [ view_parse ] --START--
INFO: [ template_filter ] --START--
INFO: Run Behavior\ContentReplaceBehavior [ RunTime:0.000101s ]
INFO: [ template_filter ] --END-- [ RunTime:0.000179s ]
NOTIC: [8] Undefined variable: userinfo /data/A_A/Application/Runtime/Cache/Home/2a94b8bda04ff446dcedd42276fc99ee.php 第 99 行.
INFO: Run Behavior\ParseTemplateBehavior [ RunTime:0.011689s ]
INFO: [ view_parse ] --END-- [ RunTime:0.011747s ]

[ 2015-11-16T17:46:16+08:00 ] 104.149.23.24 /
INFO: [ app_init ] --START--
INFO: Run Behavior\BuildLiteBehavior [ RunTime:0.000020s ]
INFO: [ app_init ] --END-- [ RunTime:0.000365s ]
INFO: [ app_begin ] --START--
INFO: Run Behavior\ReadHtmlCacheBehavior [ RunTime:0.000406s ]
INFO: [ app_begin ] --END-- [ RunTime:0.000467s ]
SQL: SHOW COLUMNS FROM `db_session` [ RunTime:0.0010s ]
SQL: SELECT COUNT(*) AS tp_count FROM `db_session` LIMIT 1   [ RunTime:0.0002s ]
SQL: SELECT COUNT(*) AS tp_count FROM `db_session` WHERE ( session_data != "" ) LIMIT 1   [ RunTime:0.0003s ]
NOTIC: [8] Undefined index: userinfo /data/A_A/Application/Home/Controller/BaseController.class.php 第 52 行.
SQL: SHOW COLUMNS FROM `db_artical` [ RunTime:0.0009s ]
SQL: SELECT a.id,a.u_id,a.title,a.img,a.sub_title,a.desc,a.tags,a.visitor,a.addtime,a.click,a.comment,u.nickname,u.realname,u.email,u.headimg FROM db_artical a LEFT JOIN db_user u ON u.id = a.u_id  ORDER BY a.addtime desc LIMIT 10   [ RunTime:0.0006s ]
INFO: [ view_parse ] --START--
INFO: [ template_filter ] --START--
INFO: Run Behavior\ContentReplaceBehavior [ RunTime:0.000119s ]
INFO: [ template_filter ] --END-- [ RunTime:0.000198s ]
NOTIC: [8] Undefined variable: userinfo /data/A_A/Application/Runtime/Cache/Home/2a94b8bda04ff446dcedd42276fc99ee.php 第 99 行.
INFO: Run Behavior\ParseTemplateBehavior [ RunTime:0.012508s ]
INFO: [ view_parse ] --END-- [ RunTime:0.012570s ]

[ 2015-11-16T17:46:17+08:00 ] 104.149.23.24 //console/j_security_check
INFO: [ app_init ] --START--
INFO: Run Behavior\BuildLiteBehavior [ RunTime:0.000016s ]
INFO: [ app_init ] --END-- [ RunTime:0.000297s ]
INFO: [ app_begin ] --START--
INFO: Run Behavior\ReadHtmlCacheBehavior [ RunTime:0.000360s ]
INFO: [ app_begin ] --END-- [ RunTime:0.000416s ]
ERR: 无法加载控制器:Console

[ 2015-11-16T17:50:54+08:00 ] 59.56.69.195 /
INFO: [ app_init ] --START--
INFO: Run Behavior\BuildLiteBehavior [ RunTime:0.000016s ]
INFO: [ app_init ] --END-- [ RunTime:0.000264s ]
INFO: [ app_begin ] --START--
INFO: Run Behavior\ReadHtmlCacheBehavior [ RunTime:0.000326s ]
INFO: [ app_begin ] --END-- [ RunTime:0.000382s ]
SQL: SHOW COLUMNS FROM `db_session` [ RunTime:0.0009s ]
SQL: SELECT COUNT(*) AS tp_count FROM `db_session` LIMIT 1   [ RunTime:0.0002s ]
SQL: SELECT COUNT(*) AS tp_count FROM `db_session` WHERE ( session_data != "" ) LIMIT 1   [ RunTime:0.0003s ]
NOTIC: [8] Undefined index: userinfo /data/A_A/Application/Home/Controller/BaseController.class.php 第 52 行.
SQL: SHOW COLUMNS FROM `db_artical` [ RunTime:0.0008s ]
SQL: SELECT a.id,a.u_id,a.title,a.img,a.sub_title,a.desc,a.tags,a.visitor,a.addtime,a.click,a.comment,u.nickname,u.realname,u.email,u.headimg FROM db_artical a LEFT JOIN db_user u ON u.id = a.u_id  ORDER BY a.addtime desc LIMIT 10   [ RunTime:0.0006s ]
INFO: [ view_parse ] --START--
INFO: [ template_filter ] --START--
INFO: Run Behavior\ContentReplaceBehavior [ RunTime:0.000099s ]
INFO: [ template_filter ] --END-- [ RunTime:0.000161s ]
NOTIC: [8] Undefined variable: userinfo /data/A_A/Application/Runtime/Cache/Home/2a94b8bda04ff446dcedd42276fc99ee.php 第 99 行.
INFO: Run Behavior\ParseTemplateBehavior [ RunTime:0.011070s ]
INFO: [ view_parse ] --END-- [ RunTime:0.011127s ]

[ 2015-11-16T17:50:55+08:00 ] 59.56.69.195 /
INFO: [ app_init ] --START--
INFO: Run Behavior\BuildLiteBehavior [ RunTime:0.000014s ]
INFO: [ app_init ] --END-- [ RunTime:0.000286s ]
INFO: [ app_begin ] --START--
INFO: Run Behavior\ReadHtmlCacheBehavior [ RunTime:0.000325s ]
INFO: [ app_begin ] --END-- [ RunTime:0.000403s ]
SQL: SHOW COLUMNS FROM `db_session` [ RunTime:0.0009s ]
SQL: SELECT COUNT(*) AS tp_count FROM `db_session` LIMIT 1   [ RunTime:0.0002s ]
SQL: SELECT COUNT(*) AS tp_count FROM `db_session` WHERE ( session_data != "" ) LIMIT 1   [ RunTime:0.0003s ]
NOTIC: [8] Undefined index: userinfo /data/A_A/Application/Home/Controller/BaseController.class.php 第 52 行.
SQL: SHOW COLUMNS FROM `db_artical` [ RunTime:0.0008s ]
SQL: SELECT a.id,a.u_id,a.title,a.img,a.sub_title,a.desc,a.tags,a.visitor,a.addtime,a.click,a.comment,u.nickname,u.realname,u.email,u.headimg FROM db_artical a LEFT JOIN db_user u ON u.id = a.u_id  ORDER BY a.addtime desc LIMIT 10   [ RunTime:0.0005s ]
INFO: [ view_parse ] --START--
INFO: [ template_filter ] --START--
INFO: Run Behavior\ContentReplaceBehavior [ RunTime:0.000098s ]
INFO: [ template_filter ] --END-- [ RunTime:0.000161s ]
NOTIC: [8] Undefined variable: userinfo /data/A_A/Application/Runtime/Cache/Home/2a94b8bda04ff446dcedd42276fc99ee.php 第 99 行.
INFO: Run Behavior\ParseTemplateBehavior [ RunTime:0.011138s ]
INFO: [ view_parse ] --END-- [ RunTime:0.011194s ]

[ 2015-11-16T17:50:55+08:00 ] 59.56.69.195 /
INFO: [ app_init ] --START--
INFO: Run Behavior\BuildLiteBehavior [ RunTime:0.000019s ]
INFO: [ app_init ] --END-- [ RunTime:0.000301s ]
INFO: [ app_begin ] --START--
INFO: Run Behavior\ReadHtmlCacheBehavior [ RunTime:0.000343s ]
INFO: [ app_begin ] --END-- [ RunTime:0.000402s ]
SQL: SHOW COLUMNS FROM `db_session` [ RunTime:0.0009s ]
SQL: SELECT COUNT(*) AS tp_count FROM `db_session` LIMIT 1   [ RunTime:0.0002s ]
SQL: SELECT COUNT(*) AS tp_count FROM `db_session` WHERE ( session_data != "" ) LIMIT 1   [ RunTime:0.0003s ]
NOTIC: [8] Undefined index: userinfo /data/A_A/Application/Home/Controller/BaseController.class.php 第 52 行.
SQL: SHOW COLUMNS FROM `db_artical` [ RunTime:0.0009s ]
SQL: SELECT a.id,a.u_id,a.title,a.img,a.sub_title,a.desc,a.tags,a.visitor,a.addtime,a.click,a.comment,u.nickname,u.realname,u.email,u.headimg FROM db_artical a LEFT JOIN db_user u ON u.id = a.u_id  ORDER BY a.addtime desc LIMIT 10   [ RunTime:0.0005s ]
INFO: [ view_parse ] --START--
INFO: [ template_filter ] --START--
INFO: Run Behavior\ContentReplaceBehavior [ RunTime:0.000121s ]
INFO: [ template_filter ] --END-- [ RunTime:0.000184s ]
NOTIC: [8] Undefined variable: userinfo /data/A_A/Application/Runtime/Cache/Home/2a94b8bda04ff446dcedd42276fc99ee.php 第 99 行.
INFO: Run Behavior\ParseTemplateBehavior [ RunTime:0.011506s ]
INFO: [ view_parse ] --END-- [ RunTime:0.011563s ]

[ 2015-11-16T18:08:31+08:00 ] 123.151.149.222 http://www.baidu.com/
INFO: [ app_init ] --START--
INFO: Run Behavior\BuildLiteBehavior [ RunTime:0.000014s ]
INFO: [ app_init ] --END-- [ RunTime:0.000318s ]
INFO: [ app_begin ] --START--
INFO: Run Behavior\ReadHtmlCacheBehavior [ RunTime:0.000321s ]
INFO: [ app_begin ] --END-- [ RunTime:0.000378s ]
SQL: SHOW COLUMNS FROM `db_session` [ RunTime:0.0009s ]
SQL: SELECT COUNT(*) AS tp_count FROM `db_session` LIMIT 1   [ RunTime:0.0003s ]
SQL: SELECT COUNT(*) AS tp_count FROM `db_session` WHERE ( session_data != "" ) LIMIT 1   [ RunTime:0.0003s ]
NOTIC: [8] Undefined index: userinfo /data/A_A/Application/Home/Controller/BaseController.class.php 第 52 行.
SQL: SHOW COLUMNS FROM `db_artical` [ RunTime:0.0009s ]
SQL: SELECT a.id,a.u_id,a.title,a.img,a.sub_title,a.desc,a.tags,a.visitor,a.addtime,a.click,a.comment,u.nickname,u.realname,u.email,u.headimg FROM db_artical a LEFT JOIN db_user u ON u.id = a.u_id  ORDER BY a.addtime desc LIMIT 10   [ RunTime:0.0006s ]
INFO: [ view_parse ] --START--
INFO: [ template_filter ] --START--
INFO: Run Behavior\ContentReplaceBehavior [ RunTime:0.000090s ]
INFO: [ template_filter ] --END-- [ RunTime:0.000152s ]
NOTIC: [8] Undefined variable: userinfo /data/A_A/Application/Runtime/Cache/Home/2a94b8bda04ff446dcedd42276fc99ee.php 第 99 行.
INFO: Run Behavior\ParseTemplateBehavior [ RunTime:0.011250s ]
INFO: [ view_parse ] --END-- [ RunTime:0.011306s ]

[ 2015-11-16T18:17:12+08:00 ] 111.20.248.74 /
INFO: [ app_init ] --START--
INFO: Run Behavior\BuildLiteBehavior [ RunTime:0.000015s ]
INFO: [ app_init ] --END-- [ RunTime:0.000284s ]
INFO: [ app_begin ] --START--
INFO: Run Behavior\ReadHtmlCacheBehavior [ RunTime:0.000330s ]
INFO: [ app_begin ] --END-- [ RunTime:0.000384s ]
SQL: SHOW COLUMNS FROM `db_session` [ RunTime:0.0009s ]
SQL: SELECT COUNT(*) AS tp_count FROM `db_session` LIMIT 1   [ RunTime:0.0002s ]
SQL: SELECT COUNT(*) AS tp_count FROM `db_session` WHERE ( session_data != "" ) LIMIT 1   [ RunTime:0.0003s ]
NOTIC: [8] Undefined index: userinfo /data/A_A/Application/Home/Controller/BaseController.class.php 第 52 行.
SQL: SHOW COLUMNS FROM `db_artical` [ RunTime:0.0009s ]
SQL: SELECT a.id,a.u_id,a.title,a.img,a.sub_title,a.desc,a.tags,a.visitor,a.addtime,a.click,a.comment,u.nickname,u.realname,u.email,u.headimg FROM db_artical a LEFT JOIN db_user u ON u.id = a.u_id  ORDER BY a.addtime desc LIMIT 10   [ RunTime:0.0006s ]
INFO: [ view_parse ] --START--
INFO: [ template_filter ] --START--
INFO: Run Behavior\ContentReplaceBehavior [ RunTime:0.000099s ]
INFO: [ template_filter ] --END-- [ RunTime:0.000163s ]
NOTIC: [8] Undefined variable: userinfo /data/A_A/Application/Runtime/Cache/Home/2a94b8bda04ff446dcedd42276fc99ee.php 第 99 行.
INFO: Run Behavior\ParseTemplateBehavior [ RunTime:0.011325s ]
INFO: [ view_parse ] --END-- [ RunTime:0.011382s ]

[ 2015-11-16T18:17:12+08:00 ] 111.20.248.74 /
INFO: [ app_init ] --START--
INFO: Run Behavior\BuildLiteBehavior [ RunTime:0.000015s ]
INFO: [ app_init ] --END-- [ RunTime:0.000266s ]
INFO: [ app_begin ] --START--
INFO: Run Behavior\ReadHtmlCacheBehavior [ RunTime:0.000326s ]
INFO: [ app_begin ] --END-- [ RunTime:0.000383s ]
SQL: SHOW COLUMNS FROM `db_session` [ RunTime:0.0009s ]
SQL: SELECT COUNT(*) AS tp_count FROM `db_session` LIMIT 1   [ RunTime:0.0002s ]
SQL: SELECT COUNT(*) AS tp_count FROM `db_session` WHERE ( session_data != "" ) LIMIT 1   [ RunTime:0.0003s ]
NOTIC: [8] Undefined index: userinfo /data/A_A/Application/Home/Controller/BaseController.class.php 第 52 行.
SQL: SHOW COLUMNS FROM `db_artical` [ RunTime:0.0009s ]
SQL: SELECT a.id,a.u_id,a.title,a.img,a.sub_title,a.desc,a.tags,a.visitor,a.addtime,a.click,a.comment,u.nickname,u.realname,u.email,u.headimg FROM db_artical a LEFT JOIN db_user u ON u.id = a.u_id  ORDER BY a.addtime desc LIMIT 10   [ RunTime:0.0005s ]
INFO: [ view_parse ] --START--
INFO: [ template_filter ] --START--
INFO: Run Behavior\ContentReplaceBehavior [ RunTime:0.000133s ]
INFO: [ template_filter ] --END-- [ RunTime:0.000221s ]
NOTIC: [8] Undefined variable: userinfo /data/A_A/Application/Runtime/Cache/Home/2a94b8bda04ff446dcedd42276fc99ee.php 第 99 行.
INFO: Run Behavior\ParseTemplateBehavior [ RunTime:0.011538s ]
INFO: [ view_parse ] --END-- [ RunTime:0.011636s ]

[ 2015-11-16T19:02:50+08:00 ] 110.35.199.237 /
INFO: [ app_init ] --START--
INFO: Run Behavior\BuildLiteBehavior [ RunTime:0.000018s ]
INFO: [ app_init ] --END-- [ RunTime:0.000285s ]
INFO: [ app_begin ] --START--
INFO: Run Behavior\ReadHtmlCacheBehavior [ RunTime:0.000328s ]
INFO: [ app_begin ] --END-- [ RunTime:0.000384s ]
SQL: SHOW COLUMNS FROM `db_session` [ RunTime:0.0009s ]
SQL: SELECT COUNT(*) AS tp_count FROM `db_session` LIMIT 1   [ RunTime:0.0002s ]
SQL: SELECT COUNT(*) AS tp_count FROM `db_session` WHERE ( session_data != "" ) LIMIT 1   [ RunTime:0.0003s ]
NOTIC: [8] Undefined index: userinfo /data/A_A/Application/Home/Controller/BaseController.class.php 第 52 行.
SQL: SHOW COLUMNS FROM `db_artical` [ RunTime:0.0009s ]
SQL: SELECT a.id,a.u_id,a.title,a.img,a.sub_title,a.desc,a.tags,a.visitor,a.addtime,a.click,a.comment,u.nickname,u.realname,u.email,u.headimg FROM db_artical a LEFT JOIN db_user u ON u.id = a.u_id  ORDER BY a.addtime desc LIMIT 10   [ RunTime:0.0006s ]
INFO: [ view_parse ] --START--
INFO: [ template_filter ] --START--
INFO: Run Behavior\ContentReplaceBehavior [ RunTime:0.000096s ]
INFO: [ template_filter ] --END-- [ RunTime:0.000181s ]
NOTIC: [8] Undefined variable: userinfo /data/A_A/Application/Runtime/Cache/Home/2a94b8bda04ff446dcedd42276fc99ee.php 第 99 行.
INFO: Run Behavior\ParseTemplateBehavior [ RunTime:0.011308s ]
INFO: [ view_parse ] --END-- [ RunTime:0.011366s ]

[ 2015-11-16T19:18:29+08:00 ] 61.135.190.197 /
INFO: [ app_init ] --START--
INFO: Run Behavior\BuildLiteBehavior [ RunTime:0.000018s ]
INFO: [ app_init ] --END-- [ RunTime:0.000315s ]
INFO: [ app_begin ] --START--
INFO: Run Behavior\ReadHtmlCacheBehavior [ RunTime:0.000369s ]
INFO: [ app_begin ] --END-- [ RunTime:0.000426s ]
SQL: SHOW COLUMNS FROM `db_session` [ RunTime:0.0009s ]
SQL: SELECT COUNT(*) AS tp_count FROM `db_session` LIMIT 1   [ RunTime:0.0002s ]
SQL: SELECT COUNT(*) AS tp_count FROM `db_session` WHERE ( session_data != "" ) LIMIT 1   [ RunTime:0.0003s ]
NOTIC: [8] Undefined index: userinfo /data/A_A/Application/Home/Controller/BaseController.class.php 第 52 行.
SQL: SHOW COLUMNS FROM `db_artical` [ RunTime:0.0009s ]
SQL: SELECT a.id,a.u_id,a.title,a.img,a.sub_title,a.desc,a.tags,a.visitor,a.addtime,a.click,a.comment,u.nickname,u.realname,u.email,u.headimg FROM db_artical a LEFT JOIN db_user u ON u.id = a.u_id  ORDER BY a.addtime desc LIMIT 10   [ RunTime:0.0006s ]
INFO: [ view_parse ] --START--
INFO: [ template_filter ] --START--
INFO: Run Behavior\ContentReplaceBehavior [ RunTime:0.000142s ]
INFO: [ template_filter ] --END-- [ RunTime:0.000227s ]
NOTIC: [8] Undefined variable: userinfo /data/A_A/Application/Runtime/Cache/Home/2a94b8bda04ff446dcedd42276fc99ee.php 第 99 行.
INFO: Run Behavior\ParseTemplateBehavior [ RunTime:0.012045s ]
INFO: [ view_parse ] --END-- [ RunTime:0.012108s ]

[ 2015-11-16T19:23:52+08:00 ] 121.42.0.33 /
INFO: [ app_init ] --START--
INFO: Run Behavior\BuildLiteBehavior [ RunTime:0.000014s ]
INFO: [ app_init ] --END-- [ RunTime:0.000268s ]
INFO: [ app_begin ] --START--
INFO: Run Behavior\ReadHtmlCacheBehavior [ RunTime:0.000384s ]
INFO: [ app_begin ] --END-- [ RunTime:0.000440s ]
SQL: SHOW COLUMNS FROM `db_session` [ RunTime:0.0009s ]
SQL: SELECT COUNT(*) AS tp_count FROM `db_session` LIMIT 1   [ RunTime:0.0002s ]
SQL: SELECT COUNT(*) AS tp_count FROM `db_session` WHERE ( session_data != "" ) LIMIT 1   [ RunTime:0.0003s ]
NOTIC: [8] Undefined index: userinfo /data/A_A/Application/Home/Controller/BaseController.class.php 第 52 行.
SQL: SHOW COLUMNS FROM `db_artical` [ RunTime:0.0009s ]
SQL: SELECT a.id,a.u_id,a.title,a.img,a.sub_title,a.desc,a.tags,a.visitor,a.addtime,a.click,a.comment,u.nickname,u.realname,u.email,u.headimg FROM db_artical a LEFT JOIN db_user u ON u.id = a.u_id  ORDER BY a.addtime desc LIMIT 10   [ RunTime:0.0006s ]
INFO: [ view_parse ] --START--
INFO: [ template_filter ] --START--
INFO: Run Behavior\ContentReplaceBehavior [ RunTime:0.000097s ]
INFO: [ template_filter ] --END-- [ RunTime:0.000169s ]
NOTIC: [8] Undefined variable: userinfo /data/A_A/Application/Runtime/Cache/Home/2a94b8bda04ff446dcedd42276fc99ee.php 第 99 行.
INFO: Run Behavior\ParseTemplateBehavior [ RunTime:0.012590s ]
INFO: [ view_parse ] --END-- [ RunTime:0.012652s ]

[ 2015-11-16T20:01:44+08:00 ] 103.242.202.196 /
INFO: [ app_init ] --START--
INFO: Run Behavior\BuildLiteBehavior [ RunTime:0.000015s ]
INFO: [ app_init ] --END-- [ RunTime:0.000268s ]
INFO: [ app_begin ] --START--
INFO: Run Behavior\ReadHtmlCacheBehavior [ RunTime:0.000328s ]
INFO: [ app_begin ] --END-- [ RunTime:0.000406s ]
SQL: SHOW COLUMNS FROM `db_session` [ RunTime:0.0009s ]
SQL: SELECT COUNT(*) AS tp_count FROM `db_session` LIMIT 1   [ RunTime:0.0002s ]
SQL: SELECT COUNT(*) AS tp_count FROM `db_session` WHERE ( session_data != "" ) LIMIT 1   [ RunTime:0.0003s ]
NOTIC: [8] Undefined index: userinfo /data/A_A/Application/Home/Controller/BaseController.class.php 第 52 行.
SQL: SHOW COLUMNS FROM `db_artical` [ RunTime:0.0008s ]
SQL: SELECT a.id,a.u_id,a.title,a.img,a.sub_title,a.desc,a.tags,a.visitor,a.addtime,a.click,a.comment,u.nickname,u.realname,u.email,u.headimg FROM db_artical a LEFT JOIN db_user u ON u.id = a.u_id  ORDER BY a.addtime desc LIMIT 10   [ RunTime:0.0007s ]
INFO: [ view_parse ] --START--
INFO: [ template_filter ] --START--
INFO: Run Behavior\ContentReplaceBehavior [ RunTime:0.000096s ]
INFO: [ template_filter ] --END-- [ RunTime:0.000159s ]
NOTIC: [8] Undefined variable: userinfo /data/A_A/Application/Runtime/Cache/Home/2a94b8bda04ff446dcedd42276fc99ee.php 第 99 行.
INFO: Run Behavior\ParseTemplateBehavior [ RunTime:0.011047s ]
INFO: [ view_parse ] --END-- [ RunTime:0.011103s ]

[ 2015-11-16T20:29:30+08:00 ] 118.98.104.21 /user/soapCaller.bs
INFO: [ app_init ] --START--
INFO: Run Behavior\BuildLiteBehavior [ RunTime:0.000015s ]
INFO: [ app_init ] --END-- [ RunTime:0.000298s ]
INFO: [ app_begin ] --START--
INFO: Run Behavior\ReadHtmlCacheBehavior [ RunTime:0.000420s ]
INFO: [ app_begin ] --END-- [ RunTime:0.000476s ]
SQL: SHOW COLUMNS FROM `db_session` [ RunTime:0.0009s ]
SQL: SELECT COUNT(*) AS tp_count FROM `db_session` LIMIT 1   [ RunTime:0.0002s ]
SQL: SELECT COUNT(*) AS tp_count FROM `db_session` WHERE ( session_data != "" ) LIMIT 1   [ RunTime:0.0003s ]
NOTIC: [8] Undefined index: userinfo /data/A_A/Application/Home/Controller/BaseController.class.php 第 52 行.
INFO: [ view_parse ] --START--
INFO: [ template_filter ] --START--
INFO: Run Behavior\ContentReplaceBehavior [ RunTime:0.000062s ]
INFO: [ template_filter ] --END-- [ RunTime:0.000131s ]
INFO: Run Behavior\ParseTemplateBehavior [ RunTime:0.004817s ]
INFO: [ view_parse ] --END-- [ RunTime:0.004876s ]

[ 2015-11-16T20:52:32+08:00 ] 61.135.190.198 /
INFO: [ app_init ] --START--
INFO: Run Behavior\BuildLiteBehavior [ RunTime:0.000015s ]
INFO: [ app_init ] --END-- [ RunTime:0.000264s ]
INFO: [ app_begin ] --START--
INFO: Run Behavior\ReadHtmlCacheBehavior [ RunTime:0.000348s ]
INFO: [ app_begin ] --END-- [ RunTime:0.000403s ]
SQL: SHOW COLUMNS FROM `db_session` [ RunTime:0.0009s ]
SQL: SELECT COUNT(*) AS tp_count FROM `db_session` LIMIT 1   [ RunTime:0.0002s ]
SQL: SELECT COUNT(*) AS tp_count FROM `db_session` WHERE ( session_data != "" ) LIMIT 1   [ RunTime:0.0003s ]
NOTIC: [8] Undefined index: userinfo /data/A_A/Application/Home/Controller/BaseController.class.php 第 52 行.
SQL: SHOW COLUMNS FROM `db_artical` [ RunTime:0.0008s ]
SQL: SELECT a.id,a.u_id,a.title,a.img,a.sub_title,a.desc,a.tags,a.visitor,a.addtime,a.click,a.comment,u.nickname,u.realname,u.email,u.headimg FROM db_artical a LEFT JOIN db_user u ON u.id = a.u_id  ORDER BY a.addtime desc LIMIT 10   [ RunTime:0.0006s ]
INFO: [ view_parse ] --START--
INFO: [ template_filter ] --START--
INFO: Run Behavior\ContentReplaceBehavior [ RunTime:0.000092s ]
INFO: [ template_filter ] --END-- [ RunTime:0.000152s ]
NOTIC: [8] Undefined variable: userinfo /data/A_A/Application/Runtime/Cache/Home/2a94b8bda04ff446dcedd42276fc99ee.php 第 99 行.
INFO: Run Behavior\ParseTemplateBehavior [ RunTime:0.011241s ]
INFO: [ view_parse ] --END-- [ RunTime:0.011295s ]

[ 2015-11-16T21:08:08+08:00 ] 120.25.103.140 /
INFO: [ app_init ] --START--
INFO: Run Behavior\BuildLiteBehavior [ RunTime:0.000016s ]
INFO: [ app_init ] --END-- [ RunTime:0.000335s ]
INFO: [ app_begin ] --START--
INFO: Run Behavior\ReadHtmlCacheBehavior [ RunTime:0.000331s ]
INFO: [ app_begin ] --END-- [ RunTime:0.000386s ]
SQL: SHOW COLUMNS FROM `db_session` [ RunTime:0.0009s ]
SQL: SELECT COUNT(*) AS tp_count FROM `db_session` LIMIT 1   [ RunTime:0.0002s ]
SQL: SELECT COUNT(*) AS tp_count FROM `db_session` WHERE ( session_data != "" ) LIMIT 1   [ RunTime:0.0003s ]
NOTIC: [8] Undefined index: userinfo /data/A_A/Application/Home/Controller/BaseController.class.php 第 52 行.
SQL: SHOW COLUMNS FROM `db_artical` [ RunTime:0.0008s ]
SQL: SELECT a.id,a.u_id,a.title,a.img,a.sub_title,a.desc,a.tags,a.visitor,a.addtime,a.click,a.comment,u.nickname,u.realname,u.email,u.headimg FROM db_artical a LEFT JOIN db_user u ON u.id = a.u_id  ORDER BY a.addtime desc LIMIT 10   [ RunTime:0.0006s ]
INFO: [ view_parse ] --START--
INFO: [ template_filter ] --START--
INFO: Run Behavior\ContentReplaceBehavior [ RunTime:0.000100s ]
INFO: [ template_filter ] --END-- [ RunTime:0.000175s ]
NOTIC: [8] Undefined variable: userinfo /data/A_A/Application/Runtime/Cache/Home/2a94b8bda04ff446dcedd42276fc99ee.php 第 99 行.
INFO: Run Behavior\ParseTemplateBehavior [ RunTime:0.011560s ]
INFO: [ view_parse ] --END-- [ RunTime:0.011618s ]

[ 2015-11-16T21:12:18+08:00 ] 120.24.251.13 /
INFO: [ app_init ] --START--
INFO: Run Behavior\BuildLiteBehavior [ RunTime:0.000014s ]
INFO: [ app_init ] --END-- [ RunTime:0.000262s ]
INFO: [ app_begin ] --START--
INFO: Run Behavior\ReadHtmlCacheBehavior [ RunTime:0.000328s ]
INFO: [ app_begin ] --END-- [ RunTime:0.000385s ]
SQL: SHOW COLUMNS FROM `db_session` [ RunTime:0.0010s ]
SQL: SELECT COUNT(*) AS tp_count FROM `db_session` LIMIT 1   [ RunTime:0.0003s ]
SQL: SELECT COUNT(*) AS tp_count FROM `db_session` WHERE ( session_data != "" ) LIMIT 1   [ RunTime:0.0003s ]
NOTIC: [8] Undefined index: userinfo /data/A_A/Application/Home/Controller/BaseController.class.php 第 52 行.
SQL: SHOW COLUMNS FROM `db_artical` [ RunTime:0.0009s ]
SQL: SELECT a.id,a.u_id,a.title,a.img,a.sub_title,a.desc,a.tags,a.visitor,a.addtime,a.click,a.comment,u.nickname,u.realname,u.email,u.headimg FROM db_artical a LEFT JOIN db_user u ON u.id = a.u_id  ORDER BY a.addtime desc LIMIT 10   [ RunTime:0.0006s ]
INFO: [ view_parse ] --START--
INFO: [ template_filter ] --START--
INFO: Run Behavior\ContentReplaceBehavior [ RunTime:0.000096s ]
INFO: [ template_filter ] --END-- [ RunTime:0.000160s ]
NOTIC: [8] Undefined variable: userinfo /data/A_A/Application/Runtime/Cache/Home/2a94b8bda04ff446dcedd42276fc99ee.php 第 99 行.
INFO: Run Behavior\ParseTemplateBehavior [ RunTime:0.011461s ]
INFO: [ view_parse ] --END-- [ RunTime:0.011530s ]

[ 2015-11-16T21:16:54+08:00 ] 120.25.103.140 /
INFO: [ app_init ] --START--
INFO: Run Behavior\BuildLiteBehavior [ RunTime:0.000021s ]
INFO: [ app_init ] --END-- [ RunTime:0.000307s ]
INFO: [ app_begin ] --START--
INFO: Run Behavior\ReadHtmlCacheBehavior [ RunTime:0.000340s ]
INFO: [ app_begin ] --END-- [ RunTime:0.000432s ]
SQL: SHOW COLUMNS FROM `db_session` [ RunTime:0.0009s ]
SQL: SELECT COUNT(*) AS tp_count FROM `db_session` LIMIT 1   [ RunTime:0.0002s ]
SQL: SELECT COUNT(*) AS tp_count FROM `db_session` WHERE ( session_data != "" ) LIMIT 1   [ RunTime:0.0003s ]
NOTIC: [8] Undefined index: userinfo /data/A_A/Application/Home/Controller/BaseController.class.php 第 52 行.
SQL: SHOW COLUMNS FROM `db_artical` [ RunTime:0.0009s ]
SQL: SELECT a.id,a.u_id,a.title,a.img,a.sub_title,a.desc,a.tags,a.visitor,a.addtime,a.click,a.comment,u.nickname,u.realname,u.email,u.headimg FROM db_artical a LEFT JOIN db_user u ON u.id = a.u_id  ORDER BY a.addtime desc LIMIT 10   [ RunTime:0.0006s ]
INFO: [ view_parse ] --START--
INFO: [ template_filter ] --START--
INFO: Run Behavior\ContentReplaceBehavior [ RunTime:0.000093s ]
INFO: [ template_filter ] --END-- [ RunTime:0.000156s ]
NOTIC: [8] Undefined variable: userinfo /data/A_A/Application/Runtime/Cache/Home/2a94b8bda04ff446dcedd42276fc99ee.php 第 99 行.
INFO: Run Behavior\ParseTemplateBehavior [ RunTime:0.011678s ]
INFO: [ view_parse ] --END-- [ RunTime:0.011732s ]

[ 2015-11-16T21:20:32+08:00 ] 121.42.0.34 /
INFO: [ app_init ] --START--
INFO: Run Behavior\BuildLiteBehavior [ RunTime:0.000024s ]
INFO: [ app_init ] --END-- [ RunTime:0.000438s ]
INFO: [ app_begin ] --START--
INFO: Run Behavior\ReadHtmlCacheBehavior [ RunTime:0.000334s ]
INFO: [ app_begin ] --END-- [ RunTime:0.000392s ]
SQL: SHOW COLUMNS FROM `db_session` [ RunTime:0.0009s ]
SQL: SELECT COUNT(*) AS tp_count FROM `db_session` LIMIT 1   [ RunTime:0.0002s ]
SQL: SELECT COUNT(*) AS tp_count FROM `db_session` WHERE ( session_data != "" ) LIMIT 1   [ RunTime:0.0002s ]
NOTIC: [8] Undefined index: userinfo /data/A_A/Application/Home/Controller/BaseController.class.php 第 52 行.
SQL: SHOW COLUMNS FROM `db_artical` [ RunTime:0.0009s ]
SQL: SELECT a.id,a.u_id,a.title,a.img,a.sub_title,a.desc,a.tags,a.visitor,a.addtime,a.click,a.comment,u.nickname,u.realname,u.email,u.headimg FROM db_artical a LEFT JOIN db_user u ON u.id = a.u_id  ORDER BY a.addtime desc LIMIT 10   [ RunTime:0.0006s ]
INFO: [ view_parse ] --START--
INFO: [ template_filter ] --START--
INFO: Run Behavior\ContentReplaceBehavior [ RunTime:0.000093s ]
INFO: [ template_filter ] --END-- [ RunTime:0.000156s ]
NOTIC: [8] Undefined variable: userinfo /data/A_A/Application/Runtime/Cache/Home/2a94b8bda04ff446dcedd42276fc99ee.php 第 99 行.
INFO: Run Behavior\ParseTemplateBehavior [ RunTime:0.011381s ]
INFO: [ view_parse ] --END-- [ RunTime:0.011438s ]

