[ 2015-11-02T00:11:25+08:00 ] 134.249.154.87 /phpMyAdmin/scripts/setup.php
INFO: [ app_init ] --START--
INFO: Run Behavior\BuildLiteBehavior [ RunTime:0.000015s ]
INFO: [ app_init ] --END-- [ RunTime:0.000313s ]
INFO: [ app_begin ] --START--
INFO: Run Behavior\ReadHtmlCacheBehavior [ RunTime:0.000428s ]
INFO: [ app_begin ] --END-- [ RunTime:0.000486s ]
ERR: 无法加载控制器:PhpMyAdmin

[ 2015-11-02T00:11:25+08:00 ] 134.249.154.87 /pma/scripts/setup.php
INFO: [ app_init ] --START--
INFO: Run Behavior\BuildLiteBehavior [ RunTime:0.000016s ]
INFO: [ app_init ] --END-- [ RunTime:0.000285s ]
INFO: [ app_begin ] --START--
INFO: Run Behavior\ReadHtmlCacheBehavior [ RunTime:0.000322s ]
INFO: [ app_begin ] --END-- [ RunTime:0.000378s ]
ERR: 无法加载控制器:Pma

[ 2015-11-02T00:11:26+08:00 ] 134.249.154.87 /myadmin/scripts/setup.php
INFO: [ app_init ] --START--
INFO: Run Behavior\BuildLiteBehavior [ RunTime:0.000015s ]
INFO: [ app_init ] --END-- [ RunTime:0.000303s ]
INFO: [ app_begin ] --START--
INFO: Run Behavior\ReadHtmlCacheBehavior [ RunTime:0.000346s ]
INFO: [ app_begin ] --END-- [ RunTime:0.000402s ]
ERR: 无法加载控制器:Myadmin

[ 2015-11-02T01:24:59+08:00 ] 37.187.114.171 /XMII/Illuminator
INFO: [ app_init ] --START--
INFO: Run Behavior\BuildLiteBehavior [ RunTime:0.000015s ]
INFO: [ app_init ] --END-- [ RunTime:0.000265s ]
INFO: [ app_begin ] --START--
INFO: Run Behavior\ReadHtmlCacheBehavior [ RunTime:0.000326s ]
INFO: [ app_begin ] --END-- [ RunTime:0.000382s ]
ERR: 无法加载控制器:XMII

[ 2015-11-02T01:46:51+08:00 ] 95.213.187.189 http://check.best-proxies.ru/azenv.php?auth=144640001149&a=PSCN&i=&p=
INFO: [ app_init ] --START--
INFO: Run Behavior\BuildLiteBehavior [ RunTime:0.000018s ]
INFO: [ app_init ] --END-- [ RunTime:0.000272s ]
INFO: [ app_begin ] --START--
INFO: Run Behavior\ReadHtmlCacheBehavior [ RunTime:0.000323s ]
INFO: [ app_begin ] --END-- [ RunTime:0.000382s ]
ERR: 无法加载控制器:Azenv.php

[ 2015-11-02T02:16:30+08:00 ] 183.60.48.25 http://www.baidu.com/
INFO: [ app_init ] --START--
INFO: Run Behavior\BuildLiteBehavior [ RunTime:0.000015s ]
INFO: [ app_init ] --END-- [ RunTime:0.000264s ]
INFO: [ app_begin ] --START--
INFO: Run Behavior\ReadHtmlCacheBehavior [ RunTime:0.000328s ]
INFO: [ app_begin ] --END-- [ RunTime:0.000385s ]
SQL: SHOW COLUMNS FROM `db_session` [ RunTime:0.0009s ]
SQL: SELECT COUNT(*) AS tp_count FROM `db_session` LIMIT 1   [ RunTime:0.0002s ]
SQL: SELECT COUNT(*) AS tp_count FROM `db_session` WHERE ( session_data != "" ) LIMIT 1   [ RunTime:0.0003s ]
NOTIC: [8] Undefined index: userinfo /data/A_A/Application/Home/Controller/BaseController.class.php 第 52 行.
SQL: SHOW COLUMNS FROM `db_artical` [ RunTime:0.0009s ]
SQL: SELECT a.id,a.u_id,a.title,a.img,a.sub_title,a.desc,a.tags,a.visitor,a.addtime,a.click,a.comment,u.nickname,u.realname,u.email,u.headimg FROM db_artical a LEFT JOIN db_user u ON u.id = a.u_id  ORDER BY a.addtime desc LIMIT 10   [ RunTime:0.0006s ]
INFO: [ view_parse ] --START--
INFO: [ template_filter ] --START--
INFO: Run Behavior\ContentReplaceBehavior [ RunTime:0.000091s ]
INFO: [ template_filter ] --END-- [ RunTime:0.000152s ]
NOTIC: [8] Undefined variable: userinfo /data/A_A/Application/Runtime/Cache/Home/2a94b8bda04ff446dcedd42276fc99ee.php 第 99 行.
INFO: Run Behavior\ParseTemplateBehavior [ RunTime:0.011404s ]
INFO: [ view_parse ] --END-- [ RunTime:0.011462s ]

[ 2015-11-02T03:47:22+08:00 ] 103.242.202.196 /
INFO: [ app_init ] --START--
INFO: Run Behavior\BuildLiteBehavior [ RunTime:0.000016s ]
INFO: [ app_init ] --END-- [ RunTime:0.000298s ]
INFO: [ app_begin ] --START--
INFO: Run Behavior\ReadHtmlCacheBehavior [ RunTime:0.000404s ]
INFO: [ app_begin ] --END-- [ RunTime:0.000460s ]
SQL: SHOW COLUMNS FROM `db_session` [ RunTime:0.0009s ]
SQL: SELECT COUNT(*) AS tp_count FROM `db_session` LIMIT 1   [ RunTime:0.0002s ]
SQL: SELECT COUNT(*) AS tp_count FROM `db_session` WHERE ( session_data != "" ) LIMIT 1   [ RunTime:0.0003s ]
NOTIC: [8] Undefined index: userinfo /data/A_A/Application/Home/Controller/BaseController.class.php 第 52 行.
SQL: SHOW COLUMNS FROM `db_artical` [ RunTime:0.0009s ]
SQL: SELECT a.id,a.u_id,a.title,a.img,a.sub_title,a.desc,a.tags,a.visitor,a.addtime,a.click,a.comment,u.nickname,u.realname,u.email,u.headimg FROM db_artical a LEFT JOIN db_user u ON u.id = a.u_id  ORDER BY a.addtime desc LIMIT 10   [ RunTime:0.0006s ]
INFO: [ view_parse ] --START--
INFO: [ template_filter ] --START--
INFO: Run Behavior\ContentReplaceBehavior [ RunTime:0.000093s ]
INFO: [ template_filter ] --END-- [ RunTime:0.000156s ]
NOTIC: [8] Undefined variable: userinfo /data/A_A/Application/Runtime/Cache/Home/2a94b8bda04ff446dcedd42276fc99ee.php 第 99 行.
INFO: Run Behavior\ParseTemplateBehavior [ RunTime:0.011237s ]
INFO: [ view_parse ] --END-- [ RunTime:0.011292s ]

[ 2015-11-02T04:14:08+08:00 ] 61.160.213.110 http://zc.qq.com/chs/index.html?type=1
INFO: [ app_init ] --START--
INFO: Run Behavior\BuildLiteBehavior [ RunTime:0.000015s ]
INFO: [ app_init ] --END-- [ RunTime:0.000285s ]
INFO: [ app_begin ] --START--
INFO: Run Behavior\ReadHtmlCacheBehavior [ RunTime:0.000374s ]
INFO: [ app_begin ] --END-- [ RunTime:0.000440s ]
ERR: 无法加载控制器:Chs

[ 2015-11-02T05:10:03+08:00 ] 61.135.190.199 /
INFO: [ app_init ] --START--
INFO: Run Behavior\BuildLiteBehavior [ RunTime:0.000015s ]
INFO: [ app_init ] --END-- [ RunTime:0.000270s ]
INFO: [ app_begin ] --START--
INFO: Run Behavior\ReadHtmlCacheBehavior [ RunTime:0.000334s ]
INFO: [ app_begin ] --END-- [ RunTime:0.000393s ]
SQL: SHOW COLUMNS FROM `db_session` [ RunTime:0.0009s ]
SQL: SELECT COUNT(*) AS tp_count FROM `db_session` LIMIT 1   [ RunTime:0.0003s ]
SQL: SELECT COUNT(*) AS tp_count FROM `db_session` WHERE ( session_data != "" ) LIMIT 1   [ RunTime:0.0003s ]
NOTIC: [8] Undefined index: userinfo /data/A_A/Application/Home/Controller/BaseController.class.php 第 52 行.
SQL: SHOW COLUMNS FROM `db_artical` [ RunTime:0.0011s ]
SQL: SELECT a.id,a.u_id,a.title,a.img,a.sub_title,a.desc,a.tags,a.visitor,a.addtime,a.click,a.comment,u.nickname,u.realname,u.email,u.headimg FROM db_artical a LEFT JOIN db_user u ON u.id = a.u_id  ORDER BY a.addtime desc LIMIT 10   [ RunTime:0.0007s ]
INFO: [ view_parse ] --START--
INFO: [ template_filter ] --START--
INFO: Run Behavior\ContentReplaceBehavior [ RunTime:0.000096s ]
INFO: [ template_filter ] --END-- [ RunTime:0.000161s ]
NOTIC: [8] Undefined variable: userinfo /data/A_A/Application/Runtime/Cache/Home/2a94b8bda04ff446dcedd42276fc99ee.php 第 99 行.
INFO: Run Behavior\ParseTemplateBehavior [ RunTime:0.011662s ]
INFO: [ view_parse ] --END-- [ RunTime:0.011720s ]

[ 2015-11-02T06:45:52+08:00 ] 5.178.86.74 http://check.best-proxies.ru/azenv.php?auth=144641795253&a=PSCN&i=&p=
INFO: [ app_init ] --START--
INFO: Run Behavior\BuildLiteBehavior [ RunTime:0.000016s ]
INFO: [ app_init ] --END-- [ RunTime:0.000285s ]
INFO: [ app_begin ] --START--
INFO: Run Behavior\ReadHtmlCacheBehavior [ RunTime:0.000343s ]
INFO: [ app_begin ] --END-- [ RunTime:0.000403s ]
ERR: 无法加载控制器:Azenv.php

[ 2015-11-02T07:32:29+08:00 ] 154.87.1.102 /
INFO: [ app_init ] --START--
INFO: Run Behavior\BuildLiteBehavior [ RunTime:0.000015s ]
INFO: [ app_init ] --END-- [ RunTime:0.000268s ]
INFO: [ app_begin ] --START--
INFO: Run Behavior\ReadHtmlCacheBehavior [ RunTime:0.000330s ]
INFO: [ app_begin ] --END-- [ RunTime:0.000388s ]
SQL: SHOW COLUMNS FROM `db_session` [ RunTime:0.0009s ]
SQL: SELECT COUNT(*) AS tp_count FROM `db_session` LIMIT 1   [ RunTime:0.0002s ]
SQL: SELECT COUNT(*) AS tp_count FROM `db_session` WHERE ( session_data != "" ) LIMIT 1   [ RunTime:0.0002s ]
NOTIC: [8] Undefined index: userinfo /data/A_A/Application/Home/Controller/BaseController.class.php 第 52 行.
SQL: SHOW COLUMNS FROM `db_artical` [ RunTime:0.0008s ]
SQL: SELECT a.id,a.u_id,a.title,a.img,a.sub_title,a.desc,a.tags,a.visitor,a.addtime,a.click,a.comment,u.nickname,u.realname,u.email,u.headimg FROM db_artical a LEFT JOIN db_user u ON u.id = a.u_id  ORDER BY a.addtime desc LIMIT 10   [ RunTime:0.0006s ]
INFO: [ view_parse ] --START--
INFO: [ template_filter ] --START--
INFO: Run Behavior\ContentReplaceBehavior [ RunTime:0.000095s ]
INFO: [ template_filter ] --END-- [ RunTime:0.000178s ]
NOTIC: [8] Undefined variable: userinfo /data/A_A/Application/Runtime/Cache/Home/2a94b8bda04ff446dcedd42276fc99ee.php 第 99 行.
INFO: Run Behavior\ParseTemplateBehavior [ RunTime:0.011288s ]
INFO: [ view_parse ] --END-- [ RunTime:0.011344s ]

[ 2015-11-02T08:03:15+08:00 ] 121.42.0.35 /
INFO: [ app_init ] --START--
INFO: Run Behavior\BuildLiteBehavior [ RunTime:0.000015s ]
INFO: [ app_init ] --END-- [ RunTime:0.000264s ]
INFO: [ app_begin ] --START--
INFO: Run Behavior\ReadHtmlCacheBehavior [ RunTime:0.000420s ]
INFO: [ app_begin ] --END-- [ RunTime:0.000477s ]
SQL: SHOW COLUMNS FROM `db_session` [ RunTime:0.0009s ]
SQL: SELECT COUNT(*) AS tp_count FROM `db_session` LIMIT 1   [ RunTime:0.0002s ]
SQL: SELECT COUNT(*) AS tp_count FROM `db_session` WHERE ( session_data != "" ) LIMIT 1   [ RunTime:0.0002s ]
NOTIC: [8] Undefined index: userinfo /data/A_A/Application/Home/Controller/BaseController.class.php 第 52 行.
SQL: SHOW COLUMNS FROM `db_artical` [ RunTime:0.0008s ]
SQL: SELECT a.id,a.u_id,a.title,a.img,a.sub_title,a.desc,a.tags,a.visitor,a.addtime,a.click,a.comment,u.nickname,u.realname,u.email,u.headimg FROM db_artical a LEFT JOIN db_user u ON u.id = a.u_id  ORDER BY a.addtime desc LIMIT 10   [ RunTime:0.0006s ]
INFO: [ view_parse ] --START--
INFO: [ template_filter ] --START--
INFO: Run Behavior\ContentReplaceBehavior [ RunTime:0.000093s ]
INFO: [ template_filter ] --END-- [ RunTime:0.000154s ]
NOTIC: [8] Undefined variable: userinfo /data/A_A/Application/Runtime/Cache/Home/2a94b8bda04ff446dcedd42276fc99ee.php 第 99 行.
INFO: Run Behavior\ParseTemplateBehavior [ RunTime:0.011436s ]
INFO: [ view_parse ] --END-- [ RunTime:0.011492s ]

[ 2015-11-02T08:05:45+08:00 ] 121.42.0.35 /
INFO: [ app_init ] --START--
INFO: Run Behavior\BuildLiteBehavior [ RunTime:0.000016s ]
INFO: [ app_init ] --END-- [ RunTime:0.000302s ]
INFO: [ app_begin ] --START--
INFO: Run Behavior\ReadHtmlCacheBehavior [ RunTime:0.000329s ]
INFO: [ app_begin ] --END-- [ RunTime:0.000384s ]
SQL: SHOW COLUMNS FROM `db_session` [ RunTime:0.0009s ]
SQL: SELECT COUNT(*) AS tp_count FROM `db_session` LIMIT 1   [ RunTime:0.0003s ]
SQL: SELECT COUNT(*) AS tp_count FROM `db_session` WHERE ( session_data != "" ) LIMIT 1   [ RunTime:0.0003s ]
NOTIC: [8] Undefined index: userinfo /data/A_A/Application/Home/Controller/BaseController.class.php 第 52 行.
SQL: SHOW COLUMNS FROM `db_artical` [ RunTime:0.0009s ]
SQL: SELECT a.id,a.u_id,a.title,a.img,a.sub_title,a.desc,a.tags,a.visitor,a.addtime,a.click,a.comment,u.nickname,u.realname,u.email,u.headimg FROM db_artical a LEFT JOIN db_user u ON u.id = a.u_id  ORDER BY a.addtime desc LIMIT 10   [ RunTime:0.0006s ]
INFO: [ view_parse ] --START--
INFO: [ template_filter ] --START--
INFO: Run Behavior\ContentReplaceBehavior [ RunTime:0.000095s ]
INFO: [ template_filter ] --END-- [ RunTime:0.000155s ]
NOTIC: [8] Undefined variable: userinfo /data/A_A/Application/Runtime/Cache/Home/2a94b8bda04ff446dcedd42276fc99ee.php 第 99 行.
INFO: Run Behavior\ParseTemplateBehavior [ RunTime:0.011073s ]
INFO: [ view_parse ] --END-- [ RunTime:0.011130s ]

[ 2015-11-02T10:01:02+08:00 ] 111.20.248.74 /
INFO: [ app_init ] --START--
INFO: Run Behavior\BuildLiteBehavior [ RunTime:0.000015s ]
INFO: [ app_init ] --END-- [ RunTime:0.000271s ]
INFO: [ app_begin ] --START--
INFO: Run Behavior\ReadHtmlCacheBehavior [ RunTime:0.000353s ]
INFO: [ app_begin ] --END-- [ RunTime:0.000409s ]
SQL: SHOW COLUMNS FROM `db_session` [ RunTime:0.0009s ]
SQL: SELECT COUNT(*) AS tp_count FROM `db_session` LIMIT 1   [ RunTime:0.0003s ]
SQL: SELECT COUNT(*) AS tp_count FROM `db_session` WHERE ( session_data != "" ) LIMIT 1   [ RunTime:0.0003s ]
NOTIC: [8] Undefined index: userinfo /data/A_A/Application/Home/Controller/BaseController.class.php 第 52 行.
SQL: SHOW COLUMNS FROM `db_artical` [ RunTime:0.0009s ]
SQL: SELECT a.id,a.u_id,a.title,a.img,a.sub_title,a.desc,a.tags,a.visitor,a.addtime,a.click,a.comment,u.nickname,u.realname,u.email,u.headimg FROM db_artical a LEFT JOIN db_user u ON u.id = a.u_id  ORDER BY a.addtime desc LIMIT 10   [ RunTime:0.0006s ]
INFO: [ view_parse ] --START--
INFO: [ template_filter ] --START--
INFO: Run Behavior\ContentReplaceBehavior [ RunTime:0.000095s ]
INFO: [ template_filter ] --END-- [ RunTime:0.000182s ]
NOTIC: [8] Undefined variable: userinfo /data/A_A/Application/Runtime/Cache/Home/2a94b8bda04ff446dcedd42276fc99ee.php 第 99 行.
INFO: Run Behavior\ParseTemplateBehavior [ RunTime:0.011660s ]
INFO: [ view_parse ] --END-- [ RunTime:0.011714s ]

[ 2015-11-02T10:01:02+08:00 ] 111.20.248.74 /
INFO: [ app_init ] --START--
INFO: Run Behavior\BuildLiteBehavior [ RunTime:0.000015s ]
INFO: [ app_init ] --END-- [ RunTime:0.000288s ]
INFO: [ app_begin ] --START--
INFO: Run Behavior\ReadHtmlCacheBehavior [ RunTime:0.000331s ]
INFO: [ app_begin ] --END-- [ RunTime:0.000386s ]
SQL: SHOW COLUMNS FROM `db_session` [ RunTime:0.0008s ]
SQL: SELECT COUNT(*) AS tp_count FROM `db_session` LIMIT 1   [ RunTime:0.0003s ]
SQL: SELECT COUNT(*) AS tp_count FROM `db_session` WHERE ( session_data != "" ) LIMIT 1   [ RunTime:0.0003s ]
NOTIC: [8] Undefined index: userinfo /data/A_A/Application/Home/Controller/BaseController.class.php 第 52 行.
SQL: SHOW COLUMNS FROM `db_artical` [ RunTime:0.0009s ]
SQL: SELECT a.id,a.u_id,a.title,a.img,a.sub_title,a.desc,a.tags,a.visitor,a.addtime,a.click,a.comment,u.nickname,u.realname,u.email,u.headimg FROM db_artical a LEFT JOIN db_user u ON u.id = a.u_id  ORDER BY a.addtime desc LIMIT 10   [ RunTime:0.0005s ]
INFO: [ view_parse ] --START--
INFO: [ template_filter ] --START--
INFO: Run Behavior\ContentReplaceBehavior [ RunTime:0.000098s ]
INFO: [ template_filter ] --END-- [ RunTime:0.000173s ]
NOTIC: [8] Undefined variable: userinfo /data/A_A/Application/Runtime/Cache/Home/2a94b8bda04ff446dcedd42276fc99ee.php 第 99 行.
INFO: Run Behavior\ParseTemplateBehavior [ RunTime:0.013785s ]
INFO: [ view_parse ] --END-- [ RunTime:0.013842s ]

[ 2015-11-02T10:01:03+08:00 ] 111.20.248.74 /
INFO: [ app_init ] --START--
INFO: Run Behavior\BuildLiteBehavior [ RunTime:0.000015s ]
INFO: [ app_init ] --END-- [ RunTime:0.000299s ]
INFO: [ app_begin ] --START--
INFO: Run Behavior\ReadHtmlCacheBehavior [ RunTime:0.000377s ]
INFO: [ app_begin ] --END-- [ RunTime:0.000434s ]
SQL: SHOW COLUMNS FROM `db_session` [ RunTime:0.0009s ]
SQL: SELECT COUNT(*) AS tp_count FROM `db_session` LIMIT 1   [ RunTime:0.0002s ]
SQL: SELECT COUNT(*) AS tp_count FROM `db_session` WHERE ( session_data != "" ) LIMIT 1   [ RunTime:0.0003s ]
NOTIC: [8] Undefined index: userinfo /data/A_A/Application/Home/Controller/BaseController.class.php 第 52 行.
SQL: SHOW COLUMNS FROM `db_artical` [ RunTime:0.0009s ]
SQL: SELECT a.id,a.u_id,a.title,a.img,a.sub_title,a.desc,a.tags,a.visitor,a.addtime,a.click,a.comment,u.nickname,u.realname,u.email,u.headimg FROM db_artical a LEFT JOIN db_user u ON u.id = a.u_id  ORDER BY a.addtime desc LIMIT 10   [ RunTime:0.0005s ]
INFO: [ view_parse ] --START--
INFO: [ template_filter ] --START--
INFO: Run Behavior\ContentReplaceBehavior [ RunTime:0.000091s ]
INFO: [ template_filter ] --END-- [ RunTime:0.000175s ]
NOTIC: [8] Undefined variable: userinfo /data/A_A/Application/Runtime/Cache/Home/2a94b8bda04ff446dcedd42276fc99ee.php 第 99 行.
INFO: Run Behavior\ParseTemplateBehavior [ RunTime:0.011599s ]
INFO: [ view_parse ] --END-- [ RunTime:0.011673s ]

[ 2015-11-02T10:08:08+08:00 ] 121.42.0.34 /
INFO: [ app_init ] --START--
INFO: Run Behavior\BuildLiteBehavior [ RunTime:0.000014s ]
INFO: [ app_init ] --END-- [ RunTime:0.000282s ]
INFO: [ app_begin ] --START--
INFO: Run Behavior\ReadHtmlCacheBehavior [ RunTime:0.000321s ]
INFO: [ app_begin ] --END-- [ RunTime:0.000376s ]
SQL: SHOW COLUMNS FROM `db_session` [ RunTime:0.0009s ]
SQL: SELECT COUNT(*) AS tp_count FROM `db_session` LIMIT 1   [ RunTime:0.0002s ]
SQL: SELECT COUNT(*) AS tp_count FROM `db_session` WHERE ( session_data != "" ) LIMIT 1   [ RunTime:0.0003s ]
NOTIC: [8] Undefined index: userinfo /data/A_A/Application/Home/Controller/BaseController.class.php 第 52 行.
SQL: SHOW COLUMNS FROM `db_artical` [ RunTime:0.0009s ]
SQL: SELECT a.id,a.u_id,a.title,a.img,a.sub_title,a.desc,a.tags,a.visitor,a.addtime,a.click,a.comment,u.nickname,u.realname,u.email,u.headimg FROM db_artical a LEFT JOIN db_user u ON u.id = a.u_id  ORDER BY a.addtime desc LIMIT 10   [ RunTime:0.0006s ]
INFO: [ view_parse ] --START--
INFO: [ template_filter ] --START--
INFO: Run Behavior\ContentReplaceBehavior [ RunTime:0.000092s ]
INFO: [ template_filter ] --END-- [ RunTime:0.000153s ]
NOTIC: [8] Undefined variable: userinfo /data/A_A/Application/Runtime/Cache/Home/2a94b8bda04ff446dcedd42276fc99ee.php 第 99 行.
INFO: Run Behavior\ParseTemplateBehavior [ RunTime:0.011388s ]
INFO: [ view_parse ] --END-- [ RunTime:0.011444s ]

[ 2015-11-02T10:17:32+08:00 ] 183.60.48.25 http://www.baidu.com/
INFO: [ app_init ] --START--
INFO: Run Behavior\BuildLiteBehavior [ RunTime:0.000016s ]
INFO: [ app_init ] --END-- [ RunTime:0.000267s ]
INFO: [ app_begin ] --START--
INFO: Run Behavior\ReadHtmlCacheBehavior [ RunTime:0.000340s ]
INFO: [ app_begin ] --END-- [ RunTime:0.000395s ]
SQL: SHOW COLUMNS FROM `db_session` [ RunTime:0.0009s ]
SQL: SELECT COUNT(*) AS tp_count FROM `db_session` LIMIT 1   [ RunTime:0.0002s ]
SQL: SELECT COUNT(*) AS tp_count FROM `db_session` WHERE ( session_data != "" ) LIMIT 1   [ RunTime:0.0003s ]
NOTIC: [8] Undefined index: userinfo /data/A_A/Application/Home/Controller/BaseController.class.php 第 52 行.
SQL: SHOW COLUMNS FROM `db_artical` [ RunTime:0.0009s ]
SQL: SELECT a.id,a.u_id,a.title,a.img,a.sub_title,a.desc,a.tags,a.visitor,a.addtime,a.click,a.comment,u.nickname,u.realname,u.email,u.headimg FROM db_artical a LEFT JOIN db_user u ON u.id = a.u_id  ORDER BY a.addtime desc LIMIT 10   [ RunTime:0.0006s ]
INFO: [ view_parse ] --START--
INFO: [ template_filter ] --START--
INFO: Run Behavior\ContentReplaceBehavior [ RunTime:0.000094s ]
INFO: [ template_filter ] --END-- [ RunTime:0.000157s ]
NOTIC: [8] Undefined variable: userinfo /data/A_A/Application/Runtime/Cache/Home/2a94b8bda04ff446dcedd42276fc99ee.php 第 99 行.
INFO: Run Behavior\ParseTemplateBehavior [ RunTime:0.011271s ]
INFO: [ view_parse ] --END-- [ RunTime:0.011328s ]

[ 2015-11-02T10:43:43+08:00 ] 120.55.189.62 /login.action
INFO: [ app_init ] --START--
INFO: Run Behavior\BuildLiteBehavior [ RunTime:0.000015s ]
INFO: [ app_init ] --END-- [ RunTime:0.000287s ]
INFO: [ app_begin ] --START--
INFO: Run Behavior\ReadHtmlCacheBehavior [ RunTime:0.000365s ]
INFO: [ app_begin ] --END-- [ RunTime:0.000425s ]
ERR: 无法加载控制器:Login.action

[ 2015-11-02T11:38:32+08:00 ] 95.213.187.187 http://check.best-proxies.ru/azenv.php?auth=144643551227&a=PSCN&i=&p=
INFO: [ app_init ] --START--
INFO: Run Behavior\BuildLiteBehavior [ RunTime:0.000015s ]
INFO: [ app_init ] --END-- [ RunTime:0.000267s ]
INFO: [ app_begin ] --START--
INFO: Run Behavior\ReadHtmlCacheBehavior [ RunTime:0.000322s ]
INFO: [ app_begin ] --END-- [ RunTime:0.000380s ]
ERR: 无法加载控制器:Azenv.php

[ 2015-11-02T13:20:12+08:00 ] 203.208.60.163 /robots.txt
INFO: [ app_init ] --START--
INFO: Run Behavior\BuildLiteBehavior [ RunTime:0.000014s ]
INFO: [ app_init ] --END-- [ RunTime:0.000291s ]
INFO: [ app_begin ] --START--
INFO: Run Behavior\ReadHtmlCacheBehavior [ RunTime:0.000354s ]
INFO: [ app_begin ] --END-- [ RunTime:0.000411s ]
ERR: 无法加载控制器:Robots.txt

[ 2015-11-02T13:20:12+08:00 ] 203.208.60.154 /index.php/Blog/detail/id/43.html
INFO: [ app_init ] --START--
INFO: Run Behavior\BuildLiteBehavior [ RunTime:0.000015s ]
INFO: [ app_init ] --END-- [ RunTime:0.000270s ]
INFO: [ app_begin ] --START--
INFO: Run Behavior\ReadHtmlCacheBehavior [ RunTime:0.000330s ]
INFO: [ app_begin ] --END-- [ RunTime:0.000385s ]
SQL: SHOW COLUMNS FROM `db_session` [ RunTime:0.0009s ]
SQL: SELECT COUNT(*) AS tp_count FROM `db_session` LIMIT 1   [ RunTime:0.0002s ]
SQL: SELECT COUNT(*) AS tp_count FROM `db_session` WHERE ( session_data != "" ) LIMIT 1   [ RunTime:0.0003s ]
NOTIC: [8] Undefined index: userinfo /data/A_A/Application/Home/Controller/BaseController.class.php 第 52 行.
SQL: SHOW COLUMNS FROM `db_artical` [ RunTime:0.0009s ]
SQL: SELECT a.*,u.nickname,u.realname FROM db_artical a LEFT JOIN db_user u on u.id = a.u_id  WHERE a.id = '43'  [ RunTime:0.0005s ]
SQL: update db_artical set click = click + 1 where id=43 [ RunTime:0.0003s ]
SQL: SHOW COLUMNS FROM `db_tags` [ RunTime:0.0007s ]
SQL: SELECT * FROM `db_tags` WHERE ( id in (1,5) )  [ RunTime:0.0003s ]
SQL: SELECT c.*,u.`nickname`,FROM_UNIXTIME(c.addtime) createtime FROM db_comment  c LEFT JOIN db_user u ON c.`u_id` = u.`id` WHERE c.a_id = 43 ORDER BY c.addtime DESC LIMIT 10 [ RunTime:0.0003s ]
INFO: [ view_parse ] --START--
INFO: [ template_filter ] --START--
INFO: Run Behavior\ContentReplaceBehavior [ RunTime:0.000142s ]
INFO: [ template_filter ] --END-- [ RunTime:0.000207s ]
NOTIC: [8] Undefined variable: userinfo /data/A_A/Application/Runtime/Cache/Home/5a8c13dffbef945706f485598daf2235.php 第 99 行.
NOTIC: [8] Undefined index: username /data/A_A/Application/Runtime/Cache/Home/5a8c13dffbef945706f485598daf2235.php 第 156 行.
INFO: Run Behavior\ParseTemplateBehavior [ RunTime:0.013501s ]
INFO: [ view_parse ] --END-- [ RunTime:0.013560s ]

[ 2015-11-02T14:12:00+08:00 ] 61.160.213.110 http://zc.qq.com/chs/index.html?type=1
INFO: [ app_init ] --START--
INFO: Run Behavior\BuildLiteBehavior [ RunTime:0.000015s ]
INFO: [ app_init ] --END-- [ RunTime:0.000265s ]
INFO: [ app_begin ] --START--
INFO: Run Behavior\ReadHtmlCacheBehavior [ RunTime:0.000326s ]
INFO: [ app_begin ] --END-- [ RunTime:0.000383s ]
ERR: 无法加载控制器:Chs

[ 2015-11-02T15:37:37+08:00 ] 111.20.248.74 /
INFO: [ app_init ] --START--
INFO: Run Behavior\BuildLiteBehavior [ RunTime:0.000017s ]
INFO: [ app_init ] --END-- [ RunTime:0.000296s ]
INFO: [ app_begin ] --START--
INFO: Run Behavior\ReadHtmlCacheBehavior [ RunTime:0.000366s ]
INFO: [ app_begin ] --END-- [ RunTime:0.000435s ]
SQL: SHOW COLUMNS FROM `db_session` [ RunTime:0.0010s ]
SQL: SELECT COUNT(*) AS tp_count FROM `db_session` LIMIT 1   [ RunTime:0.0002s ]
SQL: SELECT COUNT(*) AS tp_count FROM `db_session` WHERE ( session_data != "" ) LIMIT 1   [ RunTime:0.0002s ]
NOTIC: [8] Undefined index: userinfo /data/A_A/Application/Home/Controller/BaseController.class.php 第 52 行.
SQL: SHOW COLUMNS FROM `db_artical` [ RunTime:0.0009s ]
SQL: SELECT a.id,a.u_id,a.title,a.img,a.sub_title,a.desc,a.tags,a.visitor,a.addtime,a.click,a.comment,u.nickname,u.realname,u.email,u.headimg FROM db_artical a LEFT JOIN db_user u ON u.id = a.u_id  ORDER BY a.addtime desc LIMIT 10   [ RunTime:0.0006s ]
INFO: [ view_parse ] --START--
INFO: [ template_filter ] --START--
INFO: Run Behavior\ContentReplaceBehavior [ RunTime:0.000094s ]
INFO: [ template_filter ] --END-- [ RunTime:0.000157s ]
NOTIC: [8] Undefined variable: userinfo /data/A_A/Application/Runtime/Cache/Home/2a94b8bda04ff446dcedd42276fc99ee.php 第 99 行.
INFO: Run Behavior\ParseTemplateBehavior [ RunTime:0.011814s ]
INFO: [ view_parse ] --END-- [ RunTime:0.011876s ]

[ 2015-11-02T16:10:53+08:00 ] 61.135.190.69 /
INFO: [ app_init ] --START--
INFO: Run Behavior\BuildLiteBehavior [ RunTime:0.000015s ]
INFO: [ app_init ] --END-- [ RunTime:0.000261s ]
INFO: [ app_begin ] --START--
INFO: Run Behavior\ReadHtmlCacheBehavior [ RunTime:0.000319s ]
INFO: [ app_begin ] --END-- [ RunTime:0.000376s ]
SQL: SHOW COLUMNS FROM `db_session` [ RunTime:0.0009s ]
SQL: SELECT COUNT(*) AS tp_count FROM `db_session` LIMIT 1   [ RunTime:0.0002s ]
SQL: SELECT COUNT(*) AS tp_count FROM `db_session` WHERE ( session_data != "" ) LIMIT 1   [ RunTime:0.0003s ]
NOTIC: [8] Undefined index: userinfo /data/A_A/Application/Home/Controller/BaseController.class.php 第 52 行.
SQL: SHOW COLUMNS FROM `db_artical` [ RunTime:0.0009s ]
SQL: SELECT a.id,a.u_id,a.title,a.img,a.sub_title,a.desc,a.tags,a.visitor,a.addtime,a.click,a.comment,u.nickname,u.realname,u.email,u.headimg FROM db_artical a LEFT JOIN db_user u ON u.id = a.u_id  ORDER BY a.addtime desc LIMIT 10   [ RunTime:0.0006s ]
INFO: [ view_parse ] --START--
INFO: [ template_filter ] --START--
INFO: Run Behavior\ContentReplaceBehavior [ RunTime:0.000103s ]
INFO: [ template_filter ] --END-- [ RunTime:0.000181s ]
NOTIC: [8] Undefined variable: userinfo /data/A_A/Application/Runtime/Cache/Home/2a94b8bda04ff446dcedd42276fc99ee.php 第 99 行.
INFO: Run Behavior\ParseTemplateBehavior [ RunTime:0.011842s ]
INFO: [ view_parse ] --END-- [ RunTime:0.011902s ]

[ 2015-11-02T16:18:22+08:00 ] 103.242.202.196 /
INFO: [ app_init ] --START--
INFO: Run Behavior\BuildLiteBehavior [ RunTime:0.000017s ]
INFO: [ app_init ] --END-- [ RunTime:0.000286s ]
INFO: [ app_begin ] --START--
INFO: Run Behavior\ReadHtmlCacheBehavior [ RunTime:0.000673s ]
INFO: [ app_begin ] --END-- [ RunTime:0.000730s ]
SQL: SHOW COLUMNS FROM `db_session` [ RunTime:0.0009s ]
SQL: SELECT COUNT(*) AS tp_count FROM `db_session` LIMIT 1   [ RunTime:0.0002s ]
SQL: SELECT COUNT(*) AS tp_count FROM `db_session` WHERE ( session_data != "" ) LIMIT 1   [ RunTime:0.0003s ]
NOTIC: [8] Undefined index: userinfo /data/A_A/Application/Home/Controller/BaseController.class.php 第 52 行.
SQL: SHOW COLUMNS FROM `db_artical` [ RunTime:0.0009s ]
SQL: SELECT a.id,a.u_id,a.title,a.img,a.sub_title,a.desc,a.tags,a.visitor,a.addtime,a.click,a.comment,u.nickname,u.realname,u.email,u.headimg FROM db_artical a LEFT JOIN db_user u ON u.id = a.u_id  ORDER BY a.addtime desc LIMIT 10   [ RunTime:0.0006s ]
INFO: [ view_parse ] --START--
INFO: [ template_filter ] --START--
INFO: Run Behavior\ContentReplaceBehavior [ RunTime:0.000101s ]
INFO: [ template_filter ] --END-- [ RunTime:0.000188s ]
NOTIC: [8] Undefined variable: userinfo /data/A_A/Application/Runtime/Cache/Home/2a94b8bda04ff446dcedd42276fc99ee.php 第 99 行.
INFO: Run Behavior\ParseTemplateBehavior [ RunTime:0.011881s ]
INFO: [ view_parse ] --END-- [ RunTime:0.011939s ]

[ 2015-11-02T16:57:15+08:00 ] 203.208.60.165 /
INFO: [ app_init ] --START--
INFO: Run Behavior\BuildLiteBehavior [ RunTime:0.000020s ]
INFO: [ app_init ] --END-- [ RunTime:0.000355s ]
INFO: [ app_begin ] --START--
INFO: Run Behavior\ReadHtmlCacheBehavior [ RunTime:0.000325s ]
INFO: [ app_begin ] --END-- [ RunTime:0.000383s ]
SQL: SHOW COLUMNS FROM `db_session` [ RunTime:0.0010s ]
SQL: SELECT COUNT(*) AS tp_count FROM `db_session` LIMIT 1   [ RunTime:0.0002s ]
SQL: SELECT COUNT(*) AS tp_count FROM `db_session` WHERE ( session_data != "" ) LIMIT 1   [ RunTime:0.0003s ]
NOTIC: [8] Undefined index: userinfo /data/A_A/Application/Home/Controller/BaseController.class.php 第 52 行.
SQL: SHOW COLUMNS FROM `db_artical` [ RunTime:0.0008s ]
SQL: SELECT a.id,a.u_id,a.title,a.img,a.sub_title,a.desc,a.tags,a.visitor,a.addtime,a.click,a.comment,u.nickname,u.realname,u.email,u.headimg FROM db_artical a LEFT JOIN db_user u ON u.id = a.u_id  ORDER BY a.addtime desc LIMIT 10   [ RunTime:0.0006s ]
INFO: [ view_parse ] --START--
INFO: [ template_filter ] --START--
INFO: Run Behavior\ContentReplaceBehavior [ RunTime:0.000093s ]
INFO: [ template_filter ] --END-- [ RunTime:0.000153s ]
NOTIC: [8] Undefined variable: userinfo /data/A_A/Application/Runtime/Cache/Home/2a94b8bda04ff446dcedd42276fc99ee.php 第 99 行.
INFO: Run Behavior\ParseTemplateBehavior [ RunTime:0.011079s ]
INFO: [ view_parse ] --END-- [ RunTime:0.011135s ]

[ 2015-11-02T17:19:09+08:00 ] 103.240.16.119 http://www.example.com/
INFO: [ app_init ] --START--
INFO: Run Behavior\BuildLiteBehavior [ RunTime:0.000016s ]
INFO: [ app_init ] --END-- [ RunTime:0.000277s ]
INFO: [ app_begin ] --START--
INFO: Run Behavior\ReadHtmlCacheBehavior [ RunTime:0.000386s ]
INFO: [ app_begin ] --END-- [ RunTime:0.000448s ]
SQL: SHOW COLUMNS FROM `db_session` [ RunTime:0.0010s ]
SQL: SELECT COUNT(*) AS tp_count FROM `db_session` LIMIT 1   [ RunTime:0.0002s ]
SQL: SELECT COUNT(*) AS tp_count FROM `db_session` WHERE ( session_data != "" ) LIMIT 1   [ RunTime:0.0003s ]
NOTIC: [8] Undefined index: userinfo /data/A_A/Application/Home/Controller/BaseController.class.php 第 52 行.
SQL: SHOW COLUMNS FROM `db_artical` [ RunTime:0.0009s ]
SQL: SELECT a.id,a.u_id,a.title,a.img,a.sub_title,a.desc,a.tags,a.visitor,a.addtime,a.click,a.comment,u.nickname,u.realname,u.email,u.headimg FROM db_artical a LEFT JOIN db_user u ON u.id = a.u_id  ORDER BY a.addtime desc LIMIT 10   [ RunTime:0.0006s ]
INFO: [ view_parse ] --START--
INFO: [ template_filter ] --START--
INFO: Run Behavior\ContentReplaceBehavior [ RunTime:0.000123s ]
INFO: [ template_filter ] --END-- [ RunTime:0.000225s ]
NOTIC: [8] Undefined variable: userinfo /data/A_A/Application/Runtime/Cache/Home/2a94b8bda04ff446dcedd42276fc99ee.php 第 99 行.
INFO: Run Behavior\ParseTemplateBehavior [ RunTime:0.011693s ]
INFO: [ view_parse ] --END-- [ RunTime:0.011751s ]

[ 2015-11-02T17:27:35+08:00 ] 59.56.69.195 /
INFO: [ app_init ] --START--
INFO: Run Behavior\BuildLiteBehavior [ RunTime:0.000015s ]
INFO: [ app_init ] --END-- [ RunTime:0.000265s ]
INFO: [ app_begin ] --START--
INFO: Run Behavior\ReadHtmlCacheBehavior [ RunTime:0.000381s ]
INFO: [ app_begin ] --END-- [ RunTime:0.000439s ]
SQL: SHOW COLUMNS FROM `db_session` [ RunTime:0.0009s ]
SQL: SELECT COUNT(*) AS tp_count FROM `db_session` LIMIT 1   [ RunTime:0.0002s ]
SQL: SELECT COUNT(*) AS tp_count FROM `db_session` WHERE ( session_data != "" ) LIMIT 1   [ RunTime:0.0003s ]
NOTIC: [8] Undefined index: userinfo /data/A_A/Application/Home/Controller/BaseController.class.php 第 52 行.
SQL: SHOW COLUMNS FROM `db_artical` [ RunTime:0.0009s ]
SQL: SELECT a.id,a.u_id,a.title,a.img,a.sub_title,a.desc,a.tags,a.visitor,a.addtime,a.click,a.comment,u.nickname,u.realname,u.email,u.headimg FROM db_artical a LEFT JOIN db_user u ON u.id = a.u_id  ORDER BY a.addtime desc LIMIT 10   [ RunTime:0.0006s ]
INFO: [ view_parse ] --START--
INFO: [ template_filter ] --START--
INFO: Run Behavior\ContentReplaceBehavior [ RunTime:0.000097s ]
INFO: [ template_filter ] --END-- [ RunTime:0.000172s ]
NOTIC: [8] Undefined variable: userinfo /data/A_A/Application/Runtime/Cache/Home/2a94b8bda04ff446dcedd42276fc99ee.php 第 99 行.
INFO: Run Behavior\ParseTemplateBehavior [ RunTime:0.011496s ]
INFO: [ view_parse ] --END-- [ RunTime:0.011551s ]

[ 2015-11-02T17:27:35+08:00 ] 59.56.69.195 /
INFO: [ app_init ] --START--
INFO: Run Behavior\BuildLiteBehavior [ RunTime:0.000014s ]
INFO: [ app_init ] --END-- [ RunTime:0.000268s ]
INFO: [ app_begin ] --START--
INFO: Run Behavior\ReadHtmlCacheBehavior [ RunTime:0.000337s ]
INFO: [ app_begin ] --END-- [ RunTime:0.000407s ]
SQL: SHOW COLUMNS FROM `db_session` [ RunTime:0.0009s ]
SQL: SELECT COUNT(*) AS tp_count FROM `db_session` LIMIT 1   [ RunTime:0.0002s ]
SQL: SELECT COUNT(*) AS tp_count FROM `db_session` WHERE ( session_data != "" ) LIMIT 1   [ RunTime:0.0003s ]
NOTIC: [8] Undefined index: userinfo /data/A_A/Application/Home/Controller/BaseController.class.php 第 52 行.
SQL: SHOW COLUMNS FROM `db_artical` [ RunTime:0.0009s ]
SQL: SELECT a.id,a.u_id,a.title,a.img,a.sub_title,a.desc,a.tags,a.visitor,a.addtime,a.click,a.comment,u.nickname,u.realname,u.email,u.headimg FROM db_artical a LEFT JOIN db_user u ON u.id = a.u_id  ORDER BY a.addtime desc LIMIT 10   [ RunTime:0.0005s ]
INFO: [ view_parse ] --START--
INFO: [ template_filter ] --START--
INFO: Run Behavior\ContentReplaceBehavior [ RunTime:0.000103s ]
INFO: [ template_filter ] --END-- [ RunTime:0.000187s ]
NOTIC: [8] Undefined variable: userinfo /data/A_A/Application/Runtime/Cache/Home/2a94b8bda04ff446dcedd42276fc99ee.php 第 99 行.
INFO: Run Behavior\ParseTemplateBehavior [ RunTime:0.011734s ]
INFO: [ view_parse ] --END-- [ RunTime:0.011793s ]

[ 2015-11-02T18:15:49+08:00 ] 130.208.2.8 /
INFO: [ app_init ] --START--
INFO: Run Behavior\BuildLiteBehavior [ RunTime:0.000016s ]
INFO: [ app_init ] --END-- [ RunTime:0.000297s ]
INFO: [ app_begin ] --START--
INFO: Run Behavior\ReadHtmlCacheBehavior [ RunTime:0.000396s ]
INFO: [ app_begin ] --END-- [ RunTime:0.000461s ]
SQL: SHOW COLUMNS FROM `db_session` [ RunTime:0.0009s ]
SQL: SELECT COUNT(*) AS tp_count FROM `db_session` LIMIT 1   [ RunTime:0.0002s ]
SQL: SELECT COUNT(*) AS tp_count FROM `db_session` WHERE ( session_data != "" ) LIMIT 1   [ RunTime:0.0003s ]
NOTIC: [8] Undefined index: userinfo /data/A_A/Application/Home/Controller/BaseController.class.php 第 52 行.
SQL: SHOW COLUMNS FROM `db_artical` [ RunTime:0.0009s ]
SQL: SELECT a.id,a.u_id,a.title,a.img,a.sub_title,a.desc,a.tags,a.visitor,a.addtime,a.click,a.comment,u.nickname,u.realname,u.email,u.headimg FROM db_artical a LEFT JOIN db_user u ON u.id = a.u_id  ORDER BY a.addtime desc LIMIT 10   [ RunTime:0.0006s ]
INFO: [ view_parse ] --START--
INFO: [ template_filter ] --START--
INFO: Run Behavior\ContentReplaceBehavior [ RunTime:0.000117s ]
INFO: [ template_filter ] --END-- [ RunTime:0.000180s ]
NOTIC: [8] Undefined variable: userinfo /data/A_A/Application/Runtime/Cache/Home/2a94b8bda04ff446dcedd42276fc99ee.php 第 99 行.
INFO: Run Behavior\ParseTemplateBehavior [ RunTime:0.011711s ]
INFO: [ view_parse ] --END-- [ RunTime:0.011773s ]

[ 2015-11-02T18:30:11+08:00 ] 183.60.48.25 http://www.baidu.com/
INFO: [ app_init ] --START--
INFO: Run Behavior\BuildLiteBehavior [ RunTime:0.000014s ]
INFO: [ app_init ] --END-- [ RunTime:0.000260s ]
INFO: [ app_begin ] --START--
INFO: Run Behavior\ReadHtmlCacheBehavior [ RunTime:0.000345s ]
INFO: [ app_begin ] --END-- [ RunTime:0.000410s ]
SQL: SHOW COLUMNS FROM `db_session` [ RunTime:0.0009s ]
SQL: SELECT COUNT(*) AS tp_count FROM `db_session` LIMIT 1   [ RunTime:0.0002s ]
SQL: SELECT COUNT(*) AS tp_count FROM `db_session` WHERE ( session_data != "" ) LIMIT 1   [ RunTime:0.0003s ]
NOTIC: [8] Undefined index: userinfo /data/A_A/Application/Home/Controller/BaseController.class.php 第 52 行.
SQL: SHOW COLUMNS FROM `db_artical` [ RunTime:0.0009s ]
SQL: SELECT a.id,a.u_id,a.title,a.img,a.sub_title,a.desc,a.tags,a.visitor,a.addtime,a.click,a.comment,u.nickname,u.realname,u.email,u.headimg FROM db_artical a LEFT JOIN db_user u ON u.id = a.u_id  ORDER BY a.addtime desc LIMIT 10   [ RunTime:0.0006s ]
INFO: [ view_parse ] --START--
INFO: [ template_filter ] --START--
INFO: Run Behavior\ContentReplaceBehavior [ RunTime:0.000093s ]
INFO: [ template_filter ] --END-- [ RunTime:0.000156s ]
NOTIC: [8] Undefined variable: userinfo /data/A_A/Application/Runtime/Cache/Home/2a94b8bda04ff446dcedd42276fc99ee.php 第 99 行.
INFO: Run Behavior\ParseTemplateBehavior [ RunTime:0.011553s ]
INFO: [ view_parse ] --END-- [ RunTime:0.011625s ]

[ 2015-11-02T18:43:06+08:00 ] 61.135.190.69 /
INFO: [ app_init ] --START--
INFO: Run Behavior\BuildLiteBehavior [ RunTime:0.000015s ]
INFO: [ app_init ] --END-- [ RunTime:0.000287s ]
INFO: [ app_begin ] --START--
INFO: Run Behavior\ReadHtmlCacheBehavior [ RunTime:0.000343s ]
INFO: [ app_begin ] --END-- [ RunTime:0.000398s ]
SQL: SHOW COLUMNS FROM `db_session` [ RunTime:0.0010s ]
SQL: SELECT COUNT(*) AS tp_count FROM `db_session` LIMIT 1   [ RunTime:0.0003s ]
SQL: SELECT COUNT(*) AS tp_count FROM `db_session` WHERE ( session_data != "" ) LIMIT 1   [ RunTime:0.0003s ]
NOTIC: [8] Undefined index: userinfo /data/A_A/Application/Home/Controller/BaseController.class.php 第 52 行.
SQL: SHOW COLUMNS FROM `db_artical` [ RunTime:0.0009s ]
SQL: SELECT a.id,a.u_id,a.title,a.img,a.sub_title,a.desc,a.tags,a.visitor,a.addtime,a.click,a.comment,u.nickname,u.realname,u.email,u.headimg FROM db_artical a LEFT JOIN db_user u ON u.id = a.u_id  ORDER BY a.addtime desc LIMIT 10   [ RunTime:0.0006s ]
INFO: [ view_parse ] --START--
INFO: [ template_filter ] --START--
INFO: Run Behavior\ContentReplaceBehavior [ RunTime:0.000108s ]
INFO: [ template_filter ] --END-- [ RunTime:0.000173s ]
NOTIC: [8] Undefined variable: userinfo /data/A_A/Application/Runtime/Cache/Home/2a94b8bda04ff446dcedd42276fc99ee.php 第 99 行.
INFO: Run Behavior\ParseTemplateBehavior [ RunTime:0.011804s ]
INFO: [ view_parse ] --END-- [ RunTime:0.011862s ]

[ 2015-11-02T21:10:47+08:00 ] 203.208.60.166 /Blog/list
INFO: [ app_init ] --START--
INFO: Run Behavior\BuildLiteBehavior [ RunTime:0.000016s ]
INFO: [ app_init ] --END-- [ RunTime:0.000317s ]
INFO: [ app_begin ] --START--
INFO: Run Behavior\ReadHtmlCacheBehavior [ RunTime:0.000348s ]
INFO: [ app_begin ] --END-- [ RunTime:0.000406s ]
SQL: SHOW COLUMNS FROM `db_session` [ RunTime:0.0010s ]
SQL: SELECT COUNT(*) AS tp_count FROM `db_session` LIMIT 1   [ RunTime:0.0002s ]
SQL: SELECT COUNT(*) AS tp_count FROM `db_session` WHERE ( session_data != "" ) LIMIT 1   [ RunTime:0.0003s ]
NOTIC: [8] Undefined index: userinfo /data/A_A/Application/Home/Controller/BaseController.class.php 第 52 行.
SQL: SHOW COLUMNS FROM `db_artical` [ RunTime:0.0012s ]
NOTIC: [8] Undefined index: date /data/A_A/Application/Home/Controller/BlogController.class.php 第 93 行.
NOTIC: [8] Undefined index: key /data/A_A/Application/Home/Controller/BlogController.class.php 第 94 行.
SQL: SHOW COLUMNS FROM `db_artical` [ RunTime:0.0008s ]
SQL: SELECT COUNT(*) AS tp_count FROM db_artical a LEFT JOIN db_user u on u.id = a.u_id  ORDER BY a.addtime desc LIMIT 1   [ RunTime:0.0005s ]
SQL: SELECT a.*,u.nickname FROM db_artical a LEFT JOIN db_user u on u.id = a.u_id  ORDER BY a.addtime desc LIMIT 0,2   [ RunTime:0.0004s ]
INFO: [ view_parse ] --START--
INFO: [ template_filter ] --START--
INFO: Run Behavior\ContentReplaceBehavior [ RunTime:0.000098s ]
INFO: [ template_filter ] --END-- [ RunTime:0.000160s ]
NOTIC: [8] Undefined variable: userinfo /data/A_A/Application/Runtime/Cache/Home/5d559d01fe4a8d445307a8b4a5a09885.php 第 99 行.
INFO: Run Behavior\ParseTemplateBehavior [ RunTime:0.010513s ]
INFO: [ view_parse ] --END-- [ RunTime:0.010570s ]

[ 2015-11-02T21:15:41+08:00 ] 95.213.187.186 http://check.best-proxies.ru/azenv.php?auth=144647014007&a=PSCN&i=&p=
INFO: [ app_init ] --START--
INFO: Run Behavior\BuildLiteBehavior [ RunTime:0.000015s ]
INFO: [ app_init ] --END-- [ RunTime:0.000282s ]
INFO: [ app_begin ] --START--
INFO: Run Behavior\ReadHtmlCacheBehavior [ RunTime:0.000321s ]
INFO: [ app_begin ] --END-- [ RunTime:0.000378s ]
ERR: 无法加载控制器:Azenv.php

[ 2015-11-02T21:17:41+08:00 ] 121.42.31.206 www.google.co.uk:443
INFO: [ app_init ] --START--
INFO: Run Behavior\BuildLiteBehavior [ RunTime:0.000037s ]
INFO: [ app_init ] --END-- [ RunTime:0.000307s ]
INFO: [ app_begin ] --START--
INFO: Run Behavior\ReadHtmlCacheBehavior [ RunTime:0.000369s ]
INFO: [ app_begin ] --END-- [ RunTime:0.000433s ]
SQL: SHOW COLUMNS FROM `db_session` [ RunTime:0.0009s ]
SQL: SELECT COUNT(*) AS tp_count FROM `db_session` LIMIT 1   [ RunTime:0.0003s ]
SQL: SELECT COUNT(*) AS tp_count FROM `db_session` WHERE ( session_data != "" ) LIMIT 1   [ RunTime:0.0003s ]
NOTIC: [8] Undefined index: userinfo /data/A_A/Application/Home/Controller/BaseController.class.php 第 52 行.
SQL: SHOW COLUMNS FROM `db_artical` [ RunTime:0.0009s ]
SQL: SELECT a.id,a.u_id,a.title,a.img,a.sub_title,a.desc,a.tags,a.visitor,a.addtime,a.click,a.comment,u.nickname,u.realname,u.email,u.headimg FROM db_artical a LEFT JOIN db_user u ON u.id = a.u_id  ORDER BY a.addtime desc LIMIT 10   [ RunTime:0.0006s ]
INFO: [ view_parse ] --START--
INFO: [ template_filter ] --START--
INFO: Run Behavior\ContentReplaceBehavior [ RunTime:0.000093s ]
INFO: [ template_filter ] --END-- [ RunTime:0.000155s ]
NOTIC: [8] Undefined variable: userinfo /data/A_A/Application/Runtime/Cache/Home/2a94b8bda04ff446dcedd42276fc99ee.php 第 99 行.
INFO: Run Behavior\ParseTemplateBehavior [ RunTime:0.011571s ]
INFO: [ view_parse ] --END-- [ RunTime:0.011633s ]

[ 2015-11-02T21:17:41+08:00 ] 121.42.31.206 www.google.co.uk:443
INFO: [ app_init ] --START--
INFO: Run Behavior\BuildLiteBehavior [ RunTime:0.000016s ]
INFO: [ app_init ] --END-- [ RunTime:0.000296s ]
INFO: [ app_begin ] --START--
INFO: Run Behavior\ReadHtmlCacheBehavior [ RunTime:0.000333s ]
INFO: [ app_begin ] --END-- [ RunTime:0.000391s ]
SQL: SHOW COLUMNS FROM `db_session` [ RunTime:0.0009s ]
SQL: SELECT COUNT(*) AS tp_count FROM `db_session` LIMIT 1   [ RunTime:0.0002s ]
SQL: SELECT COUNT(*) AS tp_count FROM `db_session` WHERE ( session_data != "" ) LIMIT 1   [ RunTime:0.0003s ]
NOTIC: [8] Undefined index: userinfo /data/A_A/Application/Home/Controller/BaseController.class.php 第 52 行.
SQL: SHOW COLUMNS FROM `db_artical` [ RunTime:0.0009s ]
SQL: SELECT a.id,a.u_id,a.title,a.img,a.sub_title,a.desc,a.tags,a.visitor,a.addtime,a.click,a.comment,u.nickname,u.realname,u.email,u.headimg FROM db_artical a LEFT JOIN db_user u ON u.id = a.u_id  ORDER BY a.addtime desc LIMIT 10   [ RunTime:0.0005s ]
INFO: [ view_parse ] --START--
INFO: [ template_filter ] --START--
INFO: Run Behavior\ContentReplaceBehavior [ RunTime:0.000113s ]
INFO: [ template_filter ] --END-- [ RunTime:0.000179s ]
NOTIC: [8] Undefined variable: userinfo /data/A_A/Application/Runtime/Cache/Home/2a94b8bda04ff446dcedd42276fc99ee.php 第 99 行.
INFO: Run Behavior\ParseTemplateBehavior [ RunTime:0.013192s ]
INFO: [ view_parse ] --END-- [ RunTime:0.013247s ]

[ 2015-11-02T21:59:00+08:00 ] 111.20.248.74 /
INFO: [ app_init ] --START--
INFO: Run Behavior\BuildLiteBehavior [ RunTime:0.000015s ]
INFO: [ app_init ] --END-- [ RunTime:0.000331s ]
INFO: [ app_begin ] --START--
INFO: Run Behavior\ReadHtmlCacheBehavior [ RunTime:0.000353s ]
INFO: [ app_begin ] --END-- [ RunTime:0.000424s ]
SQL: SHOW COLUMNS FROM `db_session` [ RunTime:0.0010s ]
SQL: SELECT COUNT(*) AS tp_count FROM `db_session` LIMIT 1   [ RunTime:0.0002s ]
SQL: SELECT COUNT(*) AS tp_count FROM `db_session` WHERE ( session_data != "" ) LIMIT 1   [ RunTime:0.0003s ]
NOTIC: [8] Undefined index: userinfo /data/A_A/Application/Home/Controller/BaseController.class.php 第 52 行.
SQL: SHOW COLUMNS FROM `db_artical` [ RunTime:0.0009s ]
SQL: SELECT a.id,a.u_id,a.title,a.img,a.sub_title,a.desc,a.tags,a.visitor,a.addtime,a.click,a.comment,u.nickname,u.realname,u.email,u.headimg FROM db_artical a LEFT JOIN db_user u ON u.id = a.u_id  ORDER BY a.addtime desc LIMIT 10   [ RunTime:0.0006s ]
INFO: [ view_parse ] --START--
INFO: [ template_filter ] --START--
INFO: Run Behavior\ContentReplaceBehavior [ RunTime:0.000115s ]
INFO: [ template_filter ] --END-- [ RunTime:0.000187s ]
NOTIC: [8] Undefined variable: userinfo /data/A_A/Application/Runtime/Cache/Home/2a94b8bda04ff446dcedd42276fc99ee.php 第 99 行.
INFO: Run Behavior\ParseTemplateBehavior [ RunTime:0.011651s ]
INFO: [ view_parse ] --END-- [ RunTime:0.011712s ]

[ 2015-11-02T21:59:00+08:00 ] 111.20.248.74 /
INFO: [ app_init ] --START--
INFO: Run Behavior\BuildLiteBehavior [ RunTime:0.000014s ]
INFO: [ app_init ] --END-- [ RunTime:0.000266s ]
INFO: [ app_begin ] --START--
INFO: Run Behavior\ReadHtmlCacheBehavior [ RunTime:0.000346s ]
INFO: [ app_begin ] --END-- [ RunTime:0.000401s ]
SQL: SHOW COLUMNS FROM `db_session` [ RunTime:0.0009s ]
SQL: SELECT COUNT(*) AS tp_count FROM `db_session` LIMIT 1   [ RunTime:0.0002s ]
SQL: SELECT COUNT(*) AS tp_count FROM `db_session` WHERE ( session_data != "" ) LIMIT 1   [ RunTime:0.0003s ]
NOTIC: [8] Undefined index: userinfo /data/A_A/Application/Home/Controller/BaseController.class.php 第 52 行.
SQL: SHOW COLUMNS FROM `db_artical` [ RunTime:0.0008s ]
SQL: SELECT a.id,a.u_id,a.title,a.img,a.sub_title,a.desc,a.tags,a.visitor,a.addtime,a.click,a.comment,u.nickname,u.realname,u.email,u.headimg FROM db_artical a LEFT JOIN db_user u ON u.id = a.u_id  ORDER BY a.addtime desc LIMIT 10   [ RunTime:0.0005s ]
INFO: [ view_parse ] --START--
INFO: [ template_filter ] --START--
INFO: Run Behavior\ContentReplaceBehavior [ RunTime:0.000093s ]
INFO: [ template_filter ] --END-- [ RunTime:0.000158s ]
NOTIC: [8] Undefined variable: userinfo /data/A_A/Application/Runtime/Cache/Home/2a94b8bda04ff446dcedd42276fc99ee.php 第 99 行.
INFO: Run Behavior\ParseTemplateBehavior [ RunTime:0.011746s ]
INFO: [ view_parse ] --END-- [ RunTime:0.011836s ]

[ 2015-11-02T22:13:54+08:00 ] 180.153.214.188 /
INFO: [ app_init ] --START--
INFO: Run Behavior\BuildLiteBehavior [ RunTime:0.000017s ]
INFO: [ app_init ] --END-- [ RunTime:0.000272s ]
INFO: [ app_begin ] --START--
INFO: Run Behavior\ReadHtmlCacheBehavior [ RunTime:0.000321s ]
INFO: [ app_begin ] --END-- [ RunTime:0.000376s ]
SQL: SHOW COLUMNS FROM `db_session` [ RunTime:0.0009s ]
SQL: SELECT COUNT(*) AS tp_count FROM `db_session` LIMIT 1   [ RunTime:0.0002s ]
SQL: SELECT COUNT(*) AS tp_count FROM `db_session` WHERE ( session_data != "" ) LIMIT 1   [ RunTime:0.0003s ]
NOTIC: [8] Undefined index: userinfo /data/A_A/Application/Home/Controller/BaseController.class.php 第 52 行.
SQL: SHOW COLUMNS FROM `db_artical` [ RunTime:0.0010s ]
SQL: SELECT a.id,a.u_id,a.title,a.img,a.sub_title,a.desc,a.tags,a.visitor,a.addtime,a.click,a.comment,u.nickname,u.realname,u.email,u.headimg FROM db_artical a LEFT JOIN db_user u ON u.id = a.u_id  ORDER BY a.addtime desc LIMIT 10   [ RunTime:0.0007s ]
INFO: [ view_parse ] --START--
INFO: [ template_filter ] --START--
INFO: Run Behavior\ContentReplaceBehavior [ RunTime:0.000095s ]
INFO: [ template_filter ] --END-- [ RunTime:0.000158s ]
NOTIC: [8] Undefined variable: userinfo /data/A_A/Application/Runtime/Cache/Home/2a94b8bda04ff446dcedd42276fc99ee.php 第 99 行.
INFO: Run Behavior\ParseTemplateBehavior [ RunTime:0.012424s ]
INFO: [ view_parse ] --END-- [ RunTime:0.012522s ]

[ 2015-11-02T22:13:54+08:00 ] 42.196.154.218 /
INFO: [ app_init ] --START--
INFO: Run Behavior\BuildLiteBehavior [ RunTime:0.000014s ]
INFO: [ app_init ] --END-- [ RunTime:0.000285s ]
INFO: [ app_begin ] --START--
INFO: Run Behavior\ReadHtmlCacheBehavior [ RunTime:0.000325s ]
INFO: [ app_begin ] --END-- [ RunTime:0.000382s ]
SQL: SHOW COLUMNS FROM `db_session` [ RunTime:0.0009s ]
SQL: SELECT COUNT(*) AS tp_count FROM `db_session` LIMIT 1   [ RunTime:0.0003s ]
SQL: SELECT COUNT(*) AS tp_count FROM `db_session` WHERE ( session_data != "" ) LIMIT 1   [ RunTime:0.0003s ]
NOTIC: [8] Undefined index: userinfo /data/A_A/Application/Home/Controller/BaseController.class.php 第 52 行.
SQL: SHOW COLUMNS FROM `db_artical` [ RunTime:0.0009s ]
SQL: SELECT a.id,a.u_id,a.title,a.img,a.sub_title,a.desc,a.tags,a.visitor,a.addtime,a.click,a.comment,u.nickname,u.realname,u.email,u.headimg FROM db_artical a LEFT JOIN db_user u ON u.id = a.u_id  ORDER BY a.addtime desc LIMIT 10   [ RunTime:0.0005s ]
INFO: [ view_parse ] --START--
INFO: [ template_filter ] --START--
INFO: Run Behavior\ContentReplaceBehavior [ RunTime:0.000094s ]
INFO: [ template_filter ] --END-- [ RunTime:0.000156s ]
NOTIC: [8] Undefined variable: userinfo /data/A_A/Application/Runtime/Cache/Home/2a94b8bda04ff446dcedd42276fc99ee.php 第 99 行.
INFO: Run Behavior\ParseTemplateBehavior [ RunTime:0.011755s ]
INFO: [ view_parse ] --END-- [ RunTime:0.011811s ]

[ 2015-11-02T22:14:37+08:00 ] 42.196.154.218 /
INFO: [ app_init ] --START--
INFO: Run Behavior\BuildLiteBehavior [ RunTime:0.000015s ]
INFO: [ app_init ] --END-- [ RunTime:0.000314s ]
INFO: [ app_begin ] --START--
INFO: Run Behavior\ReadHtmlCacheBehavior [ RunTime:0.000327s ]
INFO: [ app_begin ] --END-- [ RunTime:0.000383s ]
SQL: SHOW COLUMNS FROM `db_session` [ RunTime:0.0009s ]
SQL: SELECT COUNT(*) AS tp_count FROM `db_session` LIMIT 1   [ RunTime:0.0002s ]
SQL: SELECT COUNT(*) AS tp_count FROM `db_session` WHERE ( session_data != "" ) LIMIT 1   [ RunTime:0.0003s ]
NOTIC: [8] Undefined index: userinfo /data/A_A/Application/Home/Controller/BaseController.class.php 第 52 行.
SQL: SHOW COLUMNS FROM `db_artical` [ RunTime:0.0010s ]
SQL: SELECT a.id,a.u_id,a.title,a.img,a.sub_title,a.desc,a.tags,a.visitor,a.addtime,a.click,a.comment,u.nickname,u.realname,u.email,u.headimg FROM db_artical a LEFT JOIN db_user u ON u.id = a.u_id  ORDER BY a.addtime desc LIMIT 10   [ RunTime:0.0007s ]
INFO: [ view_parse ] --START--
INFO: [ template_filter ] --START--
INFO: Run Behavior\ContentReplaceBehavior [ RunTime:0.000093s ]
INFO: [ template_filter ] --END-- [ RunTime:0.000154s ]
NOTIC: [8] Undefined variable: userinfo /data/A_A/Application/Runtime/Cache/Home/2a94b8bda04ff446dcedd42276fc99ee.php 第 99 行.
INFO: Run Behavior\ParseTemplateBehavior [ RunTime:0.011243s ]
INFO: [ view_parse ] --END-- [ RunTime:0.011331s ]

[ 2015-11-02T22:14:38+08:00 ] 42.196.154.218 /
INFO: [ app_init ] --START--
INFO: Run Behavior\BuildLiteBehavior [ RunTime:0.000015s ]
INFO: [ app_init ] --END-- [ RunTime:0.000269s ]
INFO: [ app_begin ] --START--
INFO: Run Behavior\ReadHtmlCacheBehavior [ RunTime:0.000321s ]
INFO: [ app_begin ] --END-- [ RunTime:0.000377s ]
SQL: SHOW COLUMNS FROM `db_session` [ RunTime:0.0009s ]
SQL: SELECT COUNT(*) AS tp_count FROM `db_session` LIMIT 1   [ RunTime:0.0002s ]
SQL: SELECT COUNT(*) AS tp_count FROM `db_session` WHERE ( session_data != "" ) LIMIT 1   [ RunTime:0.0002s ]
NOTIC: [8] Undefined index: userinfo /data/A_A/Application/Home/Controller/BaseController.class.php 第 52 行.
SQL: SHOW COLUMNS FROM `db_artical` [ RunTime:0.0008s ]
SQL: SELECT a.id,a.u_id,a.title,a.img,a.sub_title,a.desc,a.tags,a.visitor,a.addtime,a.click,a.comment,u.nickname,u.realname,u.email,u.headimg FROM db_artical a LEFT JOIN db_user u ON u.id = a.u_id  ORDER BY a.addtime desc LIMIT 10   [ RunTime:0.0005s ]
INFO: [ view_parse ] --START--
INFO: [ template_filter ] --START--
INFO: Run Behavior\ContentReplaceBehavior [ RunTime:0.000095s ]
INFO: [ template_filter ] --END-- [ RunTime:0.000158s ]
NOTIC: [8] Undefined variable: userinfo /data/A_A/Application/Runtime/Cache/Home/2a94b8bda04ff446dcedd42276fc99ee.php 第 99 行.
INFO: Run Behavior\ParseTemplateBehavior [ RunTime:0.011406s ]
INFO: [ view_parse ] --END-- [ RunTime:0.011463s ]

[ 2015-11-02T22:14:41+08:00 ] 42.196.154.218 /
INFO: [ app_init ] --START--
INFO: Run Behavior\BuildLiteBehavior [ RunTime:0.000015s ]
INFO: [ app_init ] --END-- [ RunTime:0.000272s ]
INFO: [ app_begin ] --START--
INFO: Run Behavior\ReadHtmlCacheBehavior [ RunTime:0.000362s ]
INFO: [ app_begin ] --END-- [ RunTime:0.000418s ]
SQL: SHOW COLUMNS FROM `db_session` [ RunTime:0.0009s ]
SQL: SELECT COUNT(*) AS tp_count FROM `db_session` LIMIT 1   [ RunTime:0.0003s ]
SQL: SELECT COUNT(*) AS tp_count FROM `db_session` WHERE ( session_data != "" ) LIMIT 1   [ RunTime:0.0003s ]
NOTIC: [8] Undefined index: userinfo /data/A_A/Application/Home/Controller/BaseController.class.php 第 52 行.
SQL: SHOW COLUMNS FROM `db_artical` [ RunTime:0.0009s ]
SQL: SELECT a.id,a.u_id,a.title,a.img,a.sub_title,a.desc,a.tags,a.visitor,a.addtime,a.click,a.comment,u.nickname,u.realname,u.email,u.headimg FROM db_artical a LEFT JOIN db_user u ON u.id = a.u_id  ORDER BY a.addtime desc LIMIT 10   [ RunTime:0.0005s ]
INFO: [ view_parse ] --START--
INFO: [ template_filter ] --START--
INFO: Run Behavior\ContentReplaceBehavior [ RunTime:0.000092s ]
INFO: [ template_filter ] --END-- [ RunTime:0.000154s ]
NOTIC: [8] Undefined variable: userinfo /data/A_A/Application/Runtime/Cache/Home/2a94b8bda04ff446dcedd42276fc99ee.php 第 99 行.
INFO: Run Behavior\ParseTemplateBehavior [ RunTime:0.011419s ]
INFO: [ view_parse ] --END-- [ RunTime:0.011477s ]

[ 2015-11-02T22:14:43+08:00 ] 42.196.154.218 /
INFO: [ app_init ] --START--
INFO: Run Behavior\BuildLiteBehavior [ RunTime:0.000015s ]
INFO: [ app_init ] --END-- [ RunTime:0.000319s ]
INFO: [ app_begin ] --START--
INFO: Run Behavior\ReadHtmlCacheBehavior [ RunTime:0.000433s ]
INFO: [ app_begin ] --END-- [ RunTime:0.000499s ]
SQL: SHOW COLUMNS FROM `db_session` [ RunTime:0.0009s ]
SQL: SELECT COUNT(*) AS tp_count FROM `db_session` LIMIT 1   [ RunTime:0.0002s ]
SQL: SELECT COUNT(*) AS tp_count FROM `db_session` WHERE ( session_data != "" ) LIMIT 1   [ RunTime:0.0002s ]
NOTIC: [8] Undefined index: userinfo /data/A_A/Application/Home/Controller/BaseController.class.php 第 52 行.
SQL: SHOW COLUMNS FROM `db_artical` [ RunTime:0.0008s ]
SQL: SELECT a.id,a.u_id,a.title,a.img,a.sub_title,a.desc,a.tags,a.visitor,a.addtime,a.click,a.comment,u.nickname,u.realname,u.email,u.headimg FROM db_artical a LEFT JOIN db_user u ON u.id = a.u_id  ORDER BY a.addtime desc LIMIT 10   [ RunTime:0.0005s ]
INFO: [ view_parse ] --START--
INFO: [ template_filter ] --START--
INFO: Run Behavior\ContentReplaceBehavior [ RunTime:0.000096s ]
INFO: [ template_filter ] --END-- [ RunTime:0.000182s ]
NOTIC: [8] Undefined variable: userinfo /data/A_A/Application/Runtime/Cache/Home/2a94b8bda04ff446dcedd42276fc99ee.php 第 99 行.
INFO: Run Behavior\ParseTemplateBehavior [ RunTime:0.011584s ]
INFO: [ view_parse ] --END-- [ RunTime:0.011643s ]

[ 2015-11-02T22:14:43+08:00 ] 42.196.154.218 /favicon.ico
INFO: [ app_init ] --START--
INFO: Run Behavior\BuildLiteBehavior [ RunTime:0.000015s ]
INFO: [ app_init ] --END-- [ RunTime:0.000289s ]

[ 2015-11-02T22:15:27+08:00 ] 42.196.154.218 /Chat
INFO: [ app_init ] --START--
INFO: Run Behavior\BuildLiteBehavior [ RunTime:0.000018s ]
INFO: [ app_init ] --END-- [ RunTime:0.000454s ]
INFO: [ app_begin ] --START--
INFO: Run Behavior\ReadHtmlCacheBehavior [ RunTime:0.000483s ]
INFO: [ app_begin ] --END-- [ RunTime:0.000561s ]
SQL: SHOW COLUMNS FROM `db_session` [ RunTime:0.0009s ]
SQL: SELECT COUNT(*) AS tp_count FROM `db_session` LIMIT 1   [ RunTime:0.0002s ]
SQL: SELECT COUNT(*) AS tp_count FROM `db_session` WHERE ( session_data != "" ) LIMIT 1   [ RunTime:0.0003s ]
NOTIC: [8] Undefined index: userinfo /data/A_A/Application/Home/Controller/BaseController.class.php 第 52 行.
INFO: [ view_parse ] --START--
INFO: [ template_filter ] --START--
INFO: Run Behavior\ContentReplaceBehavior [ RunTime:0.000108s ]
INFO: [ template_filter ] --END-- [ RunTime:0.000173s ]
NOTIC: [8] Undefined variable: userinfo /data/A_A/Application/Runtime/Cache/Home/00af081ed7595a72d1facc9b641f4047.php 第 99 行.
NOTIC: [8] Undefined variable: unread /data/A_A/Application/Runtime/Cache/Home/00af081ed7595a72d1facc9b641f4047.php 第 146 行.
INFO: Run Behavior\ParseTemplateBehavior [ RunTime:0.011196s ]
INFO: [ view_parse ] --END-- [ RunTime:0.011253s ]

[ 2015-11-02T22:15:27+08:00 ] 180.153.206.23 /Chat
INFO: [ app_init ] --START--
INFO: Run Behavior\BuildLiteBehavior [ RunTime:0.000013s ]
INFO: [ app_init ] --END-- [ RunTime:0.000249s ]
INFO: [ app_begin ] --START--
INFO: Run Behavior\ReadHtmlCacheBehavior [ RunTime:0.000347s ]
INFO: [ app_begin ] --END-- [ RunTime:0.000403s ]
SQL: SHOW COLUMNS FROM `db_session` [ RunTime:0.0007s ]
SQL: SELECT COUNT(*) AS tp_count FROM `db_session` LIMIT 1   [ RunTime:0.0002s ]
SQL: SELECT COUNT(*) AS tp_count FROM `db_session` WHERE ( session_data != "" ) LIMIT 1   [ RunTime:0.0003s ]
NOTIC: [8] Undefined index: userinfo /data/A_A/Application/Home/Controller/BaseController.class.php 第 52 行.
INFO: [ view_parse ] --START--
INFO: [ template_filter ] --START--
INFO: Run Behavior\ContentReplaceBehavior [ RunTime:0.000104s ]
INFO: [ template_filter ] --END-- [ RunTime:0.000163s ]
NOTIC: [8] Undefined variable: userinfo /data/A_A/Application/Runtime/Cache/Home/00af081ed7595a72d1facc9b641f4047.php 第 99 行.
NOTIC: [8] Undefined variable: unread /data/A_A/Application/Runtime/Cache/Home/00af081ed7595a72d1facc9b641f4047.php 第 146 行.
INFO: Run Behavior\ParseTemplateBehavior [ RunTime:0.011909s ]
INFO: [ view_parse ] --END-- [ RunTime:0.011965s ]

[ 2015-11-02T22:15:28+08:00 ] 42.196.154.218 /favicon.ico
INFO: [ app_init ] --START--
INFO: Run Behavior\BuildLiteBehavior [ RunTime:0.000017s ]
INFO: [ app_init ] --END-- [ RunTime:0.000355s ]

[ 2015-11-02T22:15:39+08:00 ] 180.153.163.210 /Bookmark
INFO: [ app_init ] --START--
INFO: Run Behavior\BuildLiteBehavior [ RunTime:0.000016s ]
INFO: [ app_init ] --END-- [ RunTime:0.000291s ]
INFO: [ app_begin ] --START--
INFO: Run Behavior\ReadHtmlCacheBehavior [ RunTime:0.000371s ]
INFO: [ app_begin ] --END-- [ RunTime:0.000438s ]
SQL: SHOW COLUMNS FROM `db_session` [ RunTime:0.0012s ]
SQL: SELECT COUNT(*) AS tp_count FROM `db_session` LIMIT 1   [ RunTime:0.0003s ]
SQL: SELECT COUNT(*) AS tp_count FROM `db_session` WHERE ( session_data != "" ) LIMIT 1   [ RunTime:0.0003s ]
NOTIC: [8] Undefined index: userinfo /data/A_A/Application/Home/Controller/BaseController.class.php 第 52 行.
INFO: [ view_parse ] --START--
INFO: [ template_filter ] --START--
INFO: Run Behavior\ContentReplaceBehavior [ RunTime:0.000180s ]
INFO: [ template_filter ] --END-- [ RunTime:0.000274s ]
NOTIC: [8] Undefined variable: userinfo /data/A_A/Application/Runtime/Cache/Home/c80736ce04d67550e97a2c11638e793f.php 第 99 行.
INFO: Run Behavior\ParseTemplateBehavior [ RunTime:0.012452s ]
INFO: [ view_parse ] --END-- [ RunTime:0.012531s ]

[ 2015-11-02T22:15:39+08:00 ] 42.196.154.218 /Bookmark
INFO: [ app_init ] --START--
INFO: Run Behavior\BuildLiteBehavior [ RunTime:0.000020s ]
INFO: [ app_init ] --END-- [ RunTime:0.000262s ]
INFO: [ app_begin ] --START--
INFO: Run Behavior\ReadHtmlCacheBehavior [ RunTime:0.000346s ]
INFO: [ app_begin ] --END-- [ RunTime:0.000402s ]
SQL: SHOW COLUMNS FROM `db_session` [ RunTime:0.0009s ]
SQL: SELECT COUNT(*) AS tp_count FROM `db_session` LIMIT 1   [ RunTime:0.0003s ]
SQL: SELECT COUNT(*) AS tp_count FROM `db_session` WHERE ( session_data != "" ) LIMIT 1   [ RunTime:0.0003s ]
NOTIC: [8] Undefined index: userinfo /data/A_A/Application/Home/Controller/BaseController.class.php 第 52 行.
INFO: [ view_parse ] --START--
INFO: [ template_filter ] --START--
INFO: Run Behavior\ContentReplaceBehavior [ RunTime:0.000151s ]
INFO: [ template_filter ] --END-- [ RunTime:0.000217s ]
NOTIC: [8] Undefined variable: userinfo /data/A_A/Application/Runtime/Cache/Home/c80736ce04d67550e97a2c11638e793f.php 第 99 行.
INFO: Run Behavior\ParseTemplateBehavior [ RunTime:0.011344s ]
INFO: [ view_parse ] --END-- [ RunTime:0.011400s ]

[ 2015-11-02T22:17:01+08:00 ] 42.196.154.218 /Bookmark
INFO: [ app_init ] --START--
INFO: Run Behavior\BuildLiteBehavior [ RunTime:0.000019s ]
INFO: [ app_init ] --END-- [ RunTime:0.000368s ]
INFO: [ app_begin ] --START--
INFO: Run Behavior\ReadHtmlCacheBehavior [ RunTime:0.000353s ]
INFO: [ app_begin ] --END-- [ RunTime:0.000410s ]
SQL: SHOW COLUMNS FROM `db_session` [ RunTime:0.0009s ]
SQL: SELECT COUNT(*) AS tp_count FROM `db_session` LIMIT 1   [ RunTime:0.0002s ]
SQL: SELECT COUNT(*) AS tp_count FROM `db_session` WHERE ( session_data != "" ) LIMIT 1   [ RunTime:0.0002s ]
NOTIC: [8] Undefined index: userinfo /data/A_A/Application/Home/Controller/BaseController.class.php 第 52 行.
INFO: [ view_parse ] --START--
INFO: [ template_filter ] --START--
INFO: Run Behavior\ContentReplaceBehavior [ RunTime:0.000136s ]
INFO: [ template_filter ] --END-- [ RunTime:0.000209s ]
NOTIC: [8] Undefined variable: userinfo /data/A_A/Application/Runtime/Cache/Home/c80736ce04d67550e97a2c11638e793f.php 第 99 行.
INFO: Run Behavior\ParseTemplateBehavior [ RunTime:0.011279s ]
INFO: [ view_parse ] --END-- [ RunTime:0.011337s ]

[ 2015-11-02T22:17:37+08:00 ] 42.196.154.218 /Bookmark
INFO: [ app_init ] --START--
INFO: Run Behavior\BuildLiteBehavior [ RunTime:0.000015s ]
INFO: [ app_init ] --END-- [ RunTime:0.000322s ]
INFO: [ app_begin ] --START--
INFO: Run Behavior\ReadHtmlCacheBehavior [ RunTime:0.000369s ]
INFO: [ app_begin ] --END-- [ RunTime:0.000426s ]
SQL: SHOW COLUMNS FROM `db_session` [ RunTime:0.0009s ]
SQL: SELECT COUNT(*) AS tp_count FROM `db_session` LIMIT 1   [ RunTime:0.0002s ]
SQL: SELECT COUNT(*) AS tp_count FROM `db_session` WHERE ( session_data != "" ) LIMIT 1   [ RunTime:0.0003s ]
NOTIC: [8] Undefined index: userinfo /data/A_A/Application/Home/Controller/BaseController.class.php 第 52 行.
INFO: [ view_parse ] --START--
INFO: [ template_filter ] --START--
INFO: Run Behavior\ContentReplaceBehavior [ RunTime:0.000164s ]
INFO: [ template_filter ] --END-- [ RunTime:0.000271s ]
NOTIC: [8] Undefined variable: userinfo /data/A_A/Application/Runtime/Cache/Home/c80736ce04d67550e97a2c11638e793f.php 第 99 行.
INFO: Run Behavior\ParseTemplateBehavior [ RunTime:0.011775s ]
INFO: [ view_parse ] --END-- [ RunTime:0.011836s ]

[ 2015-11-02T22:18:08+08:00 ] 42.196.154.218 /Bookmark
INFO: [ app_init ] --START--
INFO: Run Behavior\BuildLiteBehavior [ RunTime:0.000016s ]
INFO: [ app_init ] --END-- [ RunTime:0.000290s ]
INFO: [ app_begin ] --START--
INFO: Run Behavior\ReadHtmlCacheBehavior [ RunTime:0.000331s ]
INFO: [ app_begin ] --END-- [ RunTime:0.000410s ]
SQL: SHOW COLUMNS FROM `db_session` [ RunTime:0.0009s ]
SQL: SELECT COUNT(*) AS tp_count FROM `db_session` LIMIT 1   [ RunTime:0.0002s ]
SQL: SELECT COUNT(*) AS tp_count FROM `db_session` WHERE ( session_data != "" ) LIMIT 1   [ RunTime:0.0003s ]
NOTIC: [8] Undefined index: userinfo /data/A_A/Application/Home/Controller/BaseController.class.php 第 52 行.
INFO: [ view_parse ] --START--
INFO: [ template_filter ] --START--
INFO: Run Behavior\ContentReplaceBehavior [ RunTime:0.000131s ]
INFO: [ template_filter ] --END-- [ RunTime:0.000198s ]
NOTIC: [8] Undefined variable: userinfo /data/A_A/Application/Runtime/Cache/Home/c80736ce04d67550e97a2c11638e793f.php 第 99 行.
INFO: Run Behavior\ParseTemplateBehavior [ RunTime:0.011325s ]
INFO: [ view_parse ] --END-- [ RunTime:0.011385s ]

[ 2015-11-02T22:19:13+08:00 ] 42.196.154.218 /Bookmark
INFO: [ app_init ] --START--
INFO: Run Behavior\BuildLiteBehavior [ RunTime:0.000015s ]
INFO: [ app_init ] --END-- [ RunTime:0.000287s ]
INFO: [ app_begin ] --START--
INFO: Run Behavior\ReadHtmlCacheBehavior [ RunTime:0.000369s ]
INFO: [ app_begin ] --END-- [ RunTime:0.000425s ]
SQL: SHOW COLUMNS FROM `db_session` [ RunTime:0.0010s ]
SQL: SELECT COUNT(*) AS tp_count FROM `db_session` LIMIT 1   [ RunTime:0.0002s ]
SQL: SELECT COUNT(*) AS tp_count FROM `db_session` WHERE ( session_data != "" ) LIMIT 1   [ RunTime:0.0003s ]
NOTIC: [8] Undefined index: userinfo /data/A_A/Application/Home/Controller/BaseController.class.php 第 52 行.
INFO: [ view_parse ] --START--
INFO: [ template_filter ] --START--
INFO: Run Behavior\ContentReplaceBehavior [ RunTime:0.000134s ]
INFO: [ template_filter ] --END-- [ RunTime:0.000215s ]
NOTIC: [8] Undefined variable: userinfo /data/A_A/Application/Runtime/Cache/Home/c80736ce04d67550e97a2c11638e793f.php 第 99 行.
INFO: Run Behavior\ParseTemplateBehavior [ RunTime:0.011417s ]
INFO: [ view_parse ] --END-- [ RunTime:0.011477s ]

[ 2015-11-02T22:19:30+08:00 ] 42.196.154.218 /Bookmark
INFO: [ app_init ] --START--
INFO: Run Behavior\BuildLiteBehavior [ RunTime:0.000015s ]
INFO: [ app_init ] --END-- [ RunTime:0.000287s ]
INFO: [ app_begin ] --START--
INFO: Run Behavior\ReadHtmlCacheBehavior [ RunTime:0.000326s ]
INFO: [ app_begin ] --END-- [ RunTime:0.000383s ]
SQL: SHOW COLUMNS FROM `db_session` [ RunTime:0.0010s ]
SQL: SELECT COUNT(*) AS tp_count FROM `db_session` LIMIT 1   [ RunTime:0.0003s ]
SQL: SELECT COUNT(*) AS tp_count FROM `db_session` WHERE ( session_data != "" ) LIMIT 1   [ RunTime:0.0003s ]
NOTIC: [8] Undefined index: userinfo /data/A_A/Application/Home/Controller/BaseController.class.php 第 52 行.
INFO: [ view_parse ] --START--
INFO: [ template_filter ] --START--
INFO: Run Behavior\ContentReplaceBehavior [ RunTime:0.000133s ]
INFO: [ template_filter ] --END-- [ RunTime:0.000208s ]
NOTIC: [8] Undefined variable: userinfo /data/A_A/Application/Runtime/Cache/Home/c80736ce04d67550e97a2c11638e793f.php 第 99 行.
INFO: Run Behavior\ParseTemplateBehavior [ RunTime:0.011466s ]
INFO: [ view_parse ] --END-- [ RunTime:0.011534s ]

[ 2015-11-02T22:25:05+08:00 ] 103.242.202.196 /
INFO: [ app_init ] --START--
INFO: Run Behavior\BuildLiteBehavior [ RunTime:0.000015s ]
INFO: [ app_init ] --END-- [ RunTime:0.000271s ]
INFO: [ app_begin ] --START--
INFO: Run Behavior\ReadHtmlCacheBehavior [ RunTime:0.000347s ]
INFO: [ app_begin ] --END-- [ RunTime:0.000404s ]
SQL: SHOW COLUMNS FROM `db_session` [ RunTime:0.0009s ]
SQL: SELECT COUNT(*) AS tp_count FROM `db_session` LIMIT 1   [ RunTime:0.0003s ]
SQL: SELECT COUNT(*) AS tp_count FROM `db_session` WHERE ( session_data != "" ) LIMIT 1   [ RunTime:0.0003s ]
NOTIC: [8] Undefined index: userinfo /data/A_A/Application/Home/Controller/BaseController.class.php 第 52 行.
SQL: SHOW COLUMNS FROM `db_artical` [ RunTime:0.0008s ]
SQL: SELECT a.id,a.u_id,a.title,a.img,a.sub_title,a.desc,a.tags,a.visitor,a.addtime,a.click,a.comment,u.nickname,u.realname,u.email,u.headimg FROM db_artical a LEFT JOIN db_user u ON u.id = a.u_id  ORDER BY a.addtime desc LIMIT 10   [ RunTime:0.0006s ]
INFO: [ view_parse ] --START--
INFO: [ template_filter ] --START--
INFO: Run Behavior\ContentReplaceBehavior [ RunTime:0.000101s ]
INFO: [ template_filter ] --END-- [ RunTime:0.000175s ]
NOTIC: [8] Undefined variable: userinfo /data/A_A/Application/Runtime/Cache/Home/2a94b8bda04ff446dcedd42276fc99ee.php 第 99 行.
INFO: Run Behavior\ParseTemplateBehavior [ RunTime:0.011449s ]
INFO: [ view_parse ] --END-- [ RunTime:0.011517s ]

[ 2015-11-02T22:25:05+08:00 ] 103.242.202.196 /
INFO: [ app_init ] --START--
INFO: Run Behavior\BuildLiteBehavior [ RunTime:0.000015s ]
INFO: [ app_init ] --END-- [ RunTime:0.000307s ]
INFO: [ app_begin ] --START--
INFO: Run Behavior\ReadHtmlCacheBehavior [ RunTime:0.000383s ]
INFO: [ app_begin ] --END-- [ RunTime:0.000449s ]
SQL: SHOW COLUMNS FROM `db_session` [ RunTime:0.0009s ]
SQL: SELECT COUNT(*) AS tp_count FROM `db_session` LIMIT 1   [ RunTime:0.0002s ]
SQL: SELECT COUNT(*) AS tp_count FROM `db_session` WHERE ( session_data != "" ) LIMIT 1   [ RunTime:0.0003s ]
NOTIC: [8] Undefined index: userinfo /data/A_A/Application/Home/Controller/BaseController.class.php 第 52 行.
SQL: SHOW COLUMNS FROM `db_artical` [ RunTime:0.0009s ]
SQL: SELECT a.id,a.u_id,a.title,a.img,a.sub_title,a.desc,a.tags,a.visitor,a.addtime,a.click,a.comment,u.nickname,u.realname,u.email,u.headimg FROM db_artical a LEFT JOIN db_user u ON u.id = a.u_id  ORDER BY a.addtime desc LIMIT 10   [ RunTime:0.0005s ]
INFO: [ view_parse ] --START--
INFO: [ template_filter ] --START--
INFO: Run Behavior\ContentReplaceBehavior [ RunTime:0.000096s ]
INFO: [ template_filter ] --END-- [ RunTime:0.000174s ]
NOTIC: [8] Undefined variable: userinfo /data/A_A/Application/Runtime/Cache/Home/2a94b8bda04ff446dcedd42276fc99ee.php 第 99 行.
INFO: Run Behavior\ParseTemplateBehavior [ RunTime:0.011662s ]
INFO: [ view_parse ] --END-- [ RunTime:0.011727s ]

[ 2015-11-02T23:16:31+08:00 ] 91.196.50.33 http://testp3.pospr.waw.pl/testproxy.php
INFO: [ app_init ] --START--
INFO: Run Behavior\BuildLiteBehavior [ RunTime:0.000016s ]
INFO: [ app_init ] --END-- [ RunTime:0.000286s ]
INFO: [ app_begin ] --START--
INFO: Run Behavior\ReadHtmlCacheBehavior [ RunTime:0.000371s ]
INFO: [ app_begin ] --END-- [ RunTime:0.000431s ]
ERR: 无法加载控制器:Testproxy.php

